Using pre-set license
Built from '2021.3/staging' branch; Version is '2021.3.15f1 (e8e88683f834) revision 15263878'; Using compiler version '192829333'; Build Type 'Release'
OS: 'Windows 10  (10.0.19045) 64bit Core' Language: 'en' Physical Memory: 32664 MB
BatchMode: 1, IsHumanControllingUs: 0, StartBugReporterOnCrash: 0, Is64bit: 1, IsPro: 1

COMMAND LINE ARGUMENTS:
C:\Program Files\Unity\Hub\Editor\2021.3.15f1\Editor\Unity.exe
-adb2
-batchMode
-noUpm
-name
AssetImportWorker7
-projectPath
D:/GitHub Repositories/Amped-Arsenal/Amped Arsenal
-logFile
Logs/AssetImportWorker7.log
-srvPort
53426
Successfully changed project path to: D:/GitHub Repositories/Amped-Arsenal/Amped Arsenal
D:/GitHub Repositories/Amped-Arsenal/Amped Arsenal
[UnityMemory] Configuration Parameters - Can be set up in boot.config
    "memorysetup-bucket-allocator-granularity=16"
    "memorysetup-bucket-allocator-bucket-count=8"
    "memorysetup-bucket-allocator-block-size=33554432"
    "memorysetup-bucket-allocator-block-count=8"
    "memorysetup-main-allocator-block-size=16777216"
    "memorysetup-thread-allocator-block-size=16777216"
    "memorysetup-gfx-main-allocator-block-size=16777216"
    "memorysetup-gfx-thread-allocator-block-size=16777216"
    "memorysetup-cache-allocator-block-size=4194304"
    "memorysetup-typetree-allocator-block-size=2097152"
    "memorysetup-profiler-bucket-allocator-granularity=16"
    "memorysetup-profiler-bucket-allocator-bucket-count=8"
    "memorysetup-profiler-bucket-allocator-block-size=33554432"
    "memorysetup-profiler-bucket-allocator-block-count=8"
    "memorysetup-profiler-allocator-block-size=16777216"
    "memorysetup-profiler-editor-allocator-block-size=1048576"
    "memorysetup-temp-allocator-size-main=16777216"
    "memorysetup-job-temp-allocator-block-size=2097152"
    "memorysetup-job-temp-allocator-block-size-background=1048576"
    "memorysetup-job-temp-allocator-reduction-small-platforms=262144"
    "memorysetup-temp-allocator-size-background-worker=32768"
    "memorysetup-temp-allocator-size-job-worker=262144"
    "memorysetup-temp-allocator-size-preload-manager=33554432"
    "memorysetup-temp-allocator-size-nav-mesh-worker=65536"
    "memorysetup-temp-allocator-size-audio-worker=65536"
    "memorysetup-temp-allocator-size-cloud-worker=32768"
    "memorysetup-temp-allocator-size-gi-baking-worker=262144"
    "memorysetup-temp-allocator-size-gfx=262144"
Player connection [31260] Host "[IP] 192.168.0.40 [Port] 0 [Flags] 2 [Guid] 2419705868 [EditorId] 2419705868 [Version] 1048832 [Id] WindowsEditor(7,DESKTOP-9TH93UJ) [Debug] 1 [PackageName] WindowsEditor [ProjectName] Editor" joined multi-casting on [225.0.0.222:54997]...

Player connection [31260] Host "[IP] 192.168.0.40 [Port] 0 [Flags] 2 [Guid] 2419705868 [EditorId] 2419705868 [Version] 1048832 [Id] WindowsEditor(7,DESKTOP-9TH93UJ) [Debug] 1 [PackageName] WindowsEditor [ProjectName] Editor" joined alternative multi-casting on [225.0.0.222:34997]...

Refreshing native plugins compatible for Editor in 93.65 ms, found 4 plugins.
Preloading 0 native plugins for Editor in 0.00 ms.
Initialize engine version: 2021.3.15f1 (e8e88683f834)
[Subsystems] Discovering subsystems at path C:/Program Files/Unity/Hub/Editor/2021.3.15f1/Editor/Data/Resources/UnitySubsystems
[Subsystems] Discovering subsystems at path D:/GitHub Repositories/Amped-Arsenal/Amped Arsenal/Assets
GfxDevice: creating device client; threaded=0; jobified=0
Direct3D:
    Version:  Direct3D 11.0 [level 11.1]
    Renderer: NVIDIA GeForce RTX 3060 Ti (ID=0x2489)
    Vendor:   NVIDIA
    VRAM:     8038 MB
    Driver:   31.0.15.2737
Initialize mono
Mono path[0] = 'C:/Program Files/Unity/Hub/Editor/2021.3.15f1/Editor/Data/Managed'
Mono path[1] = 'C:/Program Files/Unity/Hub/Editor/2021.3.15f1/Editor/Data/MonoBleedingEdge/lib/mono/unityjit-win32'
Mono config path = 'C:/Program Files/Unity/Hub/Editor/2021.3.15f1/Editor/Data/MonoBleedingEdge/etc'
Using monoOptions --debugger-agent=transport=dt_socket,embedding=1,server=y,suspend=n,address=127.0.0.1:56772
Begin MonoManager ReloadAssembly
Registering precompiled unity dll's ...
Register platform support module: C:/Program Files/Unity/Hub/Editor/2021.3.15f1/Editor/Data/PlaybackEngines/WebGLSupport/UnityEditor.WebGL.Extensions.dll
Register platform support module: C:/Program Files/Unity/Hub/Editor/2021.3.15f1/Editor/Data/PlaybackEngines/AndroidPlayer/UnityEditor.Android.Extensions.dll
Register platform support module: C:/Program Files/Unity/Hub/Editor/2021.3.15f1/Editor/Data/PlaybackEngines/iOSSupport/UnityEditor.iOS.Extensions.dll
Register platform support module: C:/Program Files/Unity/Hub/Editor/2021.3.15f1/Editor/Data/PlaybackEngines/WindowsStandaloneSupport/UnityEditor.WindowsStandalone.Extensions.dll
Registered in 0.007426 seconds.
Native extension for WindowsStandalone target not found
[usbmuxd] Start listen thread
[usbmuxd] Listen thread started
Native extension for iOS target not found
Native extension for Android target not found
Native extension for WebGL target not found
Refreshing native plugins compatible for Editor in 88.67 ms, found 4 plugins.
Preloading 0 native plugins for Editor in 0.00 ms.
Mono: successfully reloaded assembly
- Completed reload, in  0.608 seconds
Domain Reload Profiling:
	ReloadAssembly (609ms)
		BeginReloadAssembly (99ms)
			ExecutionOrderSort (0ms)
			DisableScriptedObjects (0ms)
			BackupInstance (0ms)
			ReleaseScriptingObjects (0ms)
			CreateAndSetChildDomain (1ms)
		EndReloadAssembly (423ms)
			LoadAssemblies (98ms)
			RebuildTransferFunctionScriptingTraits (0ms)
			SetupTypeCache (116ms)
			ReleaseScriptCaches (0ms)
			RebuildScriptCaches (20ms)
			SetupLoadedEditorAssemblies (248ms)
				LogAssemblyErrors (0ms)
				InitializePlatformSupportModulesInManaged (53ms)
				SetLoadedEditorAssemblies (0ms)
				RefreshPlugins (89ms)
				BeforeProcessingInitializeOnLoad (1ms)
				ProcessInitializeOnLoadAttributes (69ms)
				ProcessInitializeOnLoadMethodAttributes (36ms)
				AfterProcessingInitializeOnLoad (0ms)
				EditorAssembliesLoaded (0ms)
			ExecutionOrderSort2 (0ms)
			AwakeInstancesAfterBackupRestoration (0ms)
Platform modules already initialized, skipping
Registering precompiled user dll's ...
Registered in 0.003640 seconds.
Begin MonoManager ReloadAssembly
Symbol file LoadedFromMemory doesn't match image D:\GitHub Repositories\Amped-Arsenal\Amped Arsenal\Library\PackageCache\com.unity.visualscripting@1.7.8\Editor\VisualScripting.Core\Dependencies\YamlDotNet\Unity.VisualScripting.YamlDotNet.dll
Symbol file LoadedFromMemory doesn't match image D:\GitHub Repositories\Amped-Arsenal\Amped Arsenal\Library\PackageCache\com.unity.visualscripting@1.7.8\Editor\VisualScripting.Core\Dependencies\DotNetZip\Unity.VisualScripting.IonicZip.dll
Native extension for WindowsStandalone target not found
Native extension for iOS target not found
Native extension for Android target not found
Native extension for WebGL target not found
Refreshing native plugins compatible for Editor in 86.85 ms, found 4 plugins.
Preloading 0 native plugins for Editor in 0.00 ms.
Mono: successfully reloaded assembly
- Completed reload, in  1.239 seconds
Domain Reload Profiling:
	ReloadAssembly (1240ms)
		BeginReloadAssembly (326ms)
			ExecutionOrderSort (0ms)
			DisableScriptedObjects (5ms)
			BackupInstance (0ms)
			ReleaseScriptingObjects (0ms)
			CreateAndSetChildDomain (244ms)
		EndReloadAssembly (831ms)
			LoadAssemblies (83ms)
			RebuildTransferFunctionScriptingTraits (0ms)
			SetupTypeCache (223ms)
			ReleaseScriptCaches (1ms)
			RebuildScriptCaches (46ms)
			SetupLoadedEditorAssemblies (463ms)
				LogAssemblyErrors (0ms)
				InitializePlatformSupportModulesInManaged (19ms)
				SetLoadedEditorAssemblies (0ms)
				RefreshPlugins (87ms)
				BeforeProcessingInitializeOnLoad (87ms)
				ProcessInitializeOnLoadAttributes (198ms)
				ProcessInitializeOnLoadMethodAttributes (64ms)
				AfterProcessingInitializeOnLoad (8ms)
				EditorAssembliesLoaded (0ms)
			ExecutionOrderSort2 (0ms)
			AwakeInstancesAfterBackupRestoration (5ms)
Platform modules already initialized, skipping
========================================================================
Worker process is ready to serve import requests
Shader 'MapMagic/TerrainPreviewHDRP': dependency 'BaseMapShader' shader 'Hidden/HDRP/TerrainLit_Basemap' not found
Shader 'MapMagic/TerrainPreviewHDRP': dependency 'BaseMapGenShader' shader 'Hidden/HDRP/TerrainLit_BasemapGen' not found
Shader 'MapMagic/TerrainPreviewHDRP': dependency 'BaseMapShader' shader 'Hidden/HDRP/TerrainLit_Basemap' not found
Shader 'MapMagic/TerrainPreviewHDRP': dependency 'BaseMapGenShader' shader 'Hidden/HDRP/TerrainLit_BasemapGen' not found
Launched and connected shader compiler UnityShaderCompiler.exe after 0.38 seconds
Refreshing native plugins compatible for Editor in 1.23 ms, found 4 plugins.
Preloading 0 native plugins for Editor in 0.00 ms.
Unloading 5600 Unused Serialized files (Serialized files now loaded: 0)
Unloading 52 unused Assets / (4.7 MB). Loaded Objects now: 6056.
Memory consumption went from 321.9 MB to 317.2 MB.
Total: 4.064600 ms (FindLiveObjects: 0.458800 ms CreateObjectMapping: 0.126800 ms MarkObjects: 2.600700 ms  DeleteObjects: 0.877200 ms)

AssetImportParameters requested are different than current active one (requested -> active):
  custom:video-decoder-ogg-theora: a1e56fd34408186e4bbccfd4996cb3dc -> 
  custom:container-muxer-webm: aa71ff27fc2769a1b78a27578f13a17b -> 
  custom:container-demuxer-webm: 4f35f7cbe854078d1ac9338744f61a02 -> 
  custom:video-encoder-webm-vp8: eb34c28f22e8b96e1ab97ce403110664 -> 
  custom:audio-encoder-webm-vorbis: bf7c407c2cedff20999df2af8eb42d56 -> 
  custom:framework-win-MediaFoundation: 216162199b28c13a410421893ffa2e32 -> 
  custom:container-demuxer-ogg: 62fdf1f143b41e24485cea50d1cbac27 -> 
  custom:video-decoder-webm-vp8: 9c59270c3fd7afecdb556c50c9e8de78 -> 
  custom:audio-decoder-ogg-vorbis: bf7c407c2cedff20999df2af8eb42d56 -> 
========================================================================
Received Import Request.
  Time since last request: 1687362.442304 seconds.
  path: Assets/_Assets/EffectTexturesAndPrefabs/Prefabs/Explosion_A.prefab
  artifactKey: Guid(779aa8c25fbd0e1488637639c9fff976) Importer(815301076,1909f56bfc062723c751e8b465ee728b)
Start importing Assets/_Assets/EffectTexturesAndPrefabs/Prefabs/Explosion_A.prefab using Guid(779aa8c25fbd0e1488637639c9fff976) Importer(815301076,1909f56bfc062723c751e8b465ee728b)  -> (artifact id: '9111401550a4a108b496a32f32ace8fe') in 0.109007 seconds 
========================================================================
Received Prepare
Registering precompiled user dll's ...
Registered in 0.005057 seconds.
Begin MonoManager ReloadAssembly
Symbol file LoadedFromMemory doesn't match image D:\GitHub Repositories\Amped-Arsenal\Amped Arsenal\Library\PackageCache\com.unity.visualscripting@1.7.8\Editor\VisualScripting.Core\Dependencies\YamlDotNet\Unity.VisualScripting.YamlDotNet.dll
Symbol file LoadedFromMemory doesn't match image D:\GitHub Repositories\Amped-Arsenal\Amped Arsenal\Library\PackageCache\com.unity.visualscripting@1.7.8\Editor\VisualScripting.Core\Dependencies\DotNetZip\Unity.VisualScripting.IonicZip.dll
Native extension for WindowsStandalone target not found
Native extension for iOS target not found
Native extension for Android target not found
Native extension for WebGL target not found
Refreshing native plugins compatible for Editor in 97.14 ms, found 5 plugins.
Preloading 0 native plugins for Editor in 0.00 ms.
Mono: successfully reloaded assembly
- Completed reload, in  1.109 seconds
Domain Reload Profiling:
	ReloadAssembly (1109ms)
		BeginReloadAssembly (117ms)
			ExecutionOrderSort (0ms)
			DisableScriptedObjects (4ms)
			BackupInstance (0ms)
			ReleaseScriptingObjects (0ms)
			CreateAndSetChildDomain (41ms)
		EndReloadAssembly (920ms)
			LoadAssemblies (82ms)
			RebuildTransferFunctionScriptingTraits (0ms)
			SetupTypeCache (272ms)
			ReleaseScriptCaches (2ms)
			RebuildScriptCaches (39ms)
			SetupLoadedEditorAssemblies (490ms)
				LogAssemblyErrors (0ms)
				InitializePlatformSupportModulesInManaged (22ms)
				SetLoadedEditorAssemblies (0ms)
				RefreshPlugins (97ms)
				BeforeProcessingInitializeOnLoad (76ms)
				ProcessInitializeOnLoadAttributes (218ms)
				ProcessInitializeOnLoadMethodAttributes (68ms)
				AfterProcessingInitializeOnLoad (8ms)
				EditorAssembliesLoaded (0ms)
			ExecutionOrderSort2 (0ms)
			AwakeInstancesAfterBackupRestoration (6ms)
Platform modules already initialized, skipping
Shader 'MapMagic/TerrainPreviewHDRP': dependency 'BaseMapShader' shader 'Hidden/HDRP/TerrainLit_Basemap' not found
Shader 'MapMagic/TerrainPreviewHDRP': dependency 'BaseMapGenShader' shader 'Hidden/HDRP/TerrainLit_BasemapGen' not found
Shader 'MapMagic/TerrainPreviewHDRP': dependency 'BaseMapShader' shader 'Hidden/HDRP/TerrainLit_Basemap' not found
Shader 'MapMagic/TerrainPreviewHDRP': dependency 'BaseMapGenShader' shader 'Hidden/HDRP/TerrainLit_BasemapGen' not found
Refreshing native plugins compatible for Editor in 4.59 ms, found 5 plugins.
Preloading 0 native plugins for Editor in 0.00 ms.
Unloading 6599 Unused Serialized files (Serialized files now loaded: 0)
Unloading 68 unused Assets / (6.3 MB). Loaded Objects now: 7214.
Memory consumption went from 353.7 MB to 347.4 MB.
Total: 5.209900 ms (FindLiveObjects: 0.428300 ms CreateObjectMapping: 0.392200 ms MarkObjects: 3.101700 ms  DeleteObjects: 1.286900 ms)

AssetImportParameters requested are different than current active one (requested -> active):
  custom:video-decoder-ogg-theora: a1e56fd34408186e4bbccfd4996cb3dc -> 
  custom:container-muxer-webm: aa71ff27fc2769a1b78a27578f13a17b -> 
  custom:container-demuxer-webm: 4f35f7cbe854078d1ac9338744f61a02 -> 
  custom:video-encoder-webm-vp8: eb34c28f22e8b96e1ab97ce403110664 -> 
  custom:audio-encoder-webm-vorbis: bf7c407c2cedff20999df2af8eb42d56 -> 
  custom:framework-win-MediaFoundation: 216162199b28c13a410421893ffa2e32 -> 
  custom:container-demuxer-ogg: 62fdf1f143b41e24485cea50d1cbac27 -> 
  custom:video-decoder-webm-vp8: 9c59270c3fd7afecdb556c50c9e8de78 -> 
  custom:audio-decoder-ogg-vorbis: bf7c407c2cedff20999df2af8eb42d56 -> 
========================================================================
Received Prepare
Registering precompiled user dll's ...
Registered in 0.005371 seconds.
Begin MonoManager ReloadAssembly
Symbol file LoadedFromMemory doesn't match image D:\GitHub Repositories\Amped-Arsenal\Amped Arsenal\Library\PackageCache\com.unity.visualscripting@1.7.8\Editor\VisualScripting.Core\Dependencies\YamlDotNet\Unity.VisualScripting.YamlDotNet.dll
Symbol file LoadedFromMemory doesn't match image D:\GitHub Repositories\Amped-Arsenal\Amped Arsenal\Library\PackageCache\com.unity.visualscripting@1.7.8\Editor\VisualScripting.Core\Dependencies\DotNetZip\Unity.VisualScripting.IonicZip.dll
Native extension for WindowsStandalone target not found
Native extension for iOS target not found
Native extension for Android target not found
Native extension for WebGL target not found
Refreshing native plugins compatible for Editor in 1.36 ms, found 5 plugins.
Preloading 0 native plugins for Editor in 0.00 ms.
Error saving file Library/StateCache/LayerSettings/9e/9ecc5c3c162a7aba29bafa64c8b94b7c.json. Error: System.IO.IOException: Sharing violation on path D:\GitHub Repositories\Amped-Arsenal\Amped Arsenal\Library\StateCache\LayerSettings\9e\9ecc5c3c162a7aba29bafa64c8b94b7c.json
  at System.IO.FileStream..ctor (System.String path, System.IO.FileMode mode, System.IO.FileAccess access, System.IO.FileShare share, System.Int32 bufferSize, System.Boolean anonymous, System.IO.FileOptions options) [0x0019e] in <d6232873609549b8a045fa15811a5bd3>:0 
  at System.IO.FileStream..ctor (System.String path, System.IO.FileMode mode, System.IO.FileAccess access, System.IO.FileShare share, System.Int32 bufferSize, System.IO.FileOptions options) [0x00000] in <d6232873609549b8a045fa15811a5bd3>:0 
  at (wrapper remoting-invoke-with-check) System.IO.FileStream..ctor(string,System.IO.FileMode,System.IO.FileAccess,System.IO.FileShare,int,System.IO.FileOptions)
  at System.IO.StreamWriter..ctor (System.String path, System.Boolean append, System.Text.Encoding encoding, System.Int32 bufferSize) [0x00055] in <d6232873609549b8a045fa15811a5bd3>:0 
  at System.IO.StreamWriter..ctor (System.String path, System.Boolean append, System.Text.Encoding encoding) [0x00000] in <d6232873609549b8a045fa15811a5bd3>:0 
  at (wrapper remoting-invoke-with-check) System.IO.StreamWriter..ctor(string,bool,System.Text.Encoding)
  at System.IO.File.WriteAllText (System.String path, System.String contents, System.Text.Encoding encoding) [0x00034] in <d6232873609549b8a045fa15811a5bd3>:0 
  at UnityEditor.StateCache`1[T].SetState (UnityEngine.Hash128 key, T obj) [0x0004b] in <63965ae56af7489797f355b7c1211ab2>:0 
UnityEngine.StackTraceUtility:ExtractStackTrace ()
UnityEngine.DebugLogHandler:LogFormat (UnityEngine.LogType,UnityEngine.Object,string,object[])
UnityEngine.Logger:Log (UnityEngine.LogType,object)
UnityEngine.Debug:LogError (object)
UnityEditor.StateCache`1<UnityEditor.Tools/LayerSettings>:SetState (UnityEngine.Hash128,UnityEditor.Tools/LayerSettings)
UnityEditor.Tools:set_lockedLayers (int)
UnityEditor.Tools:OnEnable ()
UnityEngine.ScriptableObject:CreateInstance (System.Type)
UnityEngine.ScriptableObject:CreateInstance<UnityEditor.Tools> ()
UnityEditor.Tools:get_get ()
UnityEditor.Tools:get_visibleLayers ()
UnityEditor.Animations.Rigging.BoneRendererUtils:.cctor () (at Library/PackageCache/com.unity.animation.rigging@1.1.1/Editor/Utils/BoneRendererUtils.cs:121)
System.Runtime.CompilerServices.RuntimeHelpers:RunClassConstructor (System.RuntimeTypeHandle)
UnityEditor.EditorAssemblies:ProcessInitializeOnLoadAttributes (System.Type[])

(Filename: Library/PackageCache/com.unity.animation.rigging@1.1.1/Editor/Utils/BoneRendererUtils.cs Line: 121)

Mono: successfully reloaded assembly
- Completed reload, in  1.040 seconds
Domain Reload Profiling:
	ReloadAssembly (1040ms)
		BeginReloadAssembly (120ms)
			ExecutionOrderSort (0ms)
			DisableScriptedObjects (3ms)
			BackupInstance (0ms)
			ReleaseScriptingObjects (0ms)
			CreateAndSetChildDomain (44ms)
		EndReloadAssembly (844ms)
			LoadAssemblies (78ms)
			RebuildTransferFunctionScriptingTraits (0ms)
			SetupTypeCache (243ms)
			ReleaseScriptCaches (3ms)
			RebuildScriptCaches (69ms)
			SetupLoadedEditorAssemblies (415ms)
				LogAssemblyErrors (0ms)
				InitializePlatformSupportModulesInManaged (25ms)
				SetLoadedEditorAssemblies (0ms)
				RefreshPlugins (1ms)
				BeforeProcessingInitializeOnLoad (84ms)
				ProcessInitializeOnLoadAttributes (227ms)
				ProcessInitializeOnLoadMethodAttributes (69ms)
				AfterProcessingInitializeOnLoad (8ms)
				EditorAssembliesLoaded (0ms)
			ExecutionOrderSort2 (0ms)
			AwakeInstancesAfterBackupRestoration (9ms)
Platform modules already initialized, skipping
Shader 'MapMagic/TerrainPreviewHDRP': dependency 'BaseMapShader' shader 'Hidden/HDRP/TerrainLit_Basemap' not found
Shader 'MapMagic/TerrainPreviewHDRP': dependency 'BaseMapGenShader' shader 'Hidden/HDRP/TerrainLit_BasemapGen' not found
Shader 'MapMagic/TerrainPreviewHDRP': dependency 'BaseMapShader' shader 'Hidden/HDRP/TerrainLit_Basemap' not found
Shader 'MapMagic/TerrainPreviewHDRP': dependency 'BaseMapGenShader' shader 'Hidden/HDRP/TerrainLit_BasemapGen' not found
Refreshing native plugins compatible for Editor in 2.60 ms, found 5 plugins.
Preloading 0 native plugins for Editor in 0.00 ms.
Unloading 6605 Unused Serialized files (Serialized files now loaded: 0)
Unloading 68 unused Assets / (6.3 MB). Loaded Objects now: 7236.
Memory consumption went from 354.9 MB to 348.7 MB.
Total: 5.235000 ms (FindLiveObjects: 0.466100 ms CreateObjectMapping: 0.474500 ms MarkObjects: 3.034300 ms  DeleteObjects: 1.259400 ms)

AssetImportParameters requested are different than current active one (requested -> active):
  custom:video-decoder-ogg-theora: a1e56fd34408186e4bbccfd4996cb3dc -> 
  custom:container-muxer-webm: aa71ff27fc2769a1b78a27578f13a17b -> 
  custom:container-demuxer-webm: 4f35f7cbe854078d1ac9338744f61a02 -> 
  custom:video-encoder-webm-vp8: eb34c28f22e8b96e1ab97ce403110664 -> 
  custom:audio-encoder-webm-vorbis: bf7c407c2cedff20999df2af8eb42d56 -> 
  custom:framework-win-MediaFoundation: 216162199b28c13a410421893ffa2e32 -> 
  custom:container-demuxer-ogg: 62fdf1f143b41e24485cea50d1cbac27 -> 
  custom:video-decoder-webm-vp8: 9c59270c3fd7afecdb556c50c9e8de78 -> 
  custom:audio-decoder-ogg-vorbis: bf7c407c2cedff20999df2af8eb42d56 -> 
========================================================================
Received Import Request.
  Time since last request: 217.869633 seconds.
  path: Assets/_Elements/Textures/2x2Fire2.png
  artifactKey: Guid(403a82a77ccc49746b33d80d3207bc03) Importer(815301076,1909f56bfc062723c751e8b465ee728b)
Start importing Assets/_Elements/Textures/2x2Fire2.png using Guid(403a82a77ccc49746b33d80d3207bc03) Importer(815301076,1909f56bfc062723c751e8b465ee728b)  -> (artifact id: '6eb89bbaf14e30bbb9f474e00e0d2c6d') in 0.148634 seconds 
========================================================================
Received Import Request.
  Time since last request: 0.378717 seconds.
  path: Assets/_Elements/_FireVFX/Prefabs/FireMisc/BarrellFire.prefab
  artifactKey: Guid(04e96b05c07dc514a83698b48237f04f) Importer(815301076,1909f56bfc062723c751e8b465ee728b)
Start importing Assets/_Elements/_FireVFX/Prefabs/FireMisc/BarrellFire.prefab using Guid(04e96b05c07dc514a83698b48237f04f) Importer(815301076,1909f56bfc062723c751e8b465ee728b)  -> (artifact id: '297f61260a38fcc76c04edbd588e6ace') in 0.173764 seconds 
========================================================================
Received Import Request.
  Time since last request: 17.954577 seconds.
  path: Assets/_Elements/_FireVFX/Materials/FireMaterials/FireballAdd1.mat
  artifactKey: Guid(4de71e9927bb13843ab3b14e89ad06c0) Importer(815301076,1909f56bfc062723c751e8b465ee728b)
Start importing Assets/_Elements/_FireVFX/Materials/FireMaterials/FireballAdd1.mat using Guid(4de71e9927bb13843ab3b14e89ad06c0) Importer(815301076,1909f56bfc062723c751e8b465ee728b)  -> (artifact id: '7fb3e0414ce6bee609df6c06603c8b82') in 0.038776 seconds 
========================================================================
Received Import Request.
  Time since last request: 0.000018 seconds.
  path: Assets/_Elements/Textures/FireballTexture01.png
  artifactKey: Guid(f9790d0d414a3be4f862028b90cb6251) Importer(815301076,1909f56bfc062723c751e8b465ee728b)
Start importing Assets/_Elements/Textures/FireballTexture01.png using Guid(f9790d0d414a3be4f862028b90cb6251) Importer(815301076,1909f56bfc062723c751e8b465ee728b)  -> (artifact id: '2c1845fd95dc0710ed9239a5d1db5b5a') in 0.033292 seconds 
========================================================================
Received Import Request.
  Time since last request: 0.000020 seconds.
  path: Assets/_Elements/_FireVFX/Materials/FireMaterials/FireballAdd3.mat
  artifactKey: Guid(9957c0d70ed13ba4083bd68a12808e08) Importer(815301076,1909f56bfc062723c751e8b465ee728b)
Start importing Assets/_Elements/_FireVFX/Materials/FireMaterials/FireballAdd3.mat using Guid(9957c0d70ed13ba4083bd68a12808e08) Importer(815301076,1909f56bfc062723c751e8b465ee728b)  -> (artifact id: '3bd4946fe3f36e72a3847cf738b7ff76') in 0.007325 seconds 
========================================================================
Received Import Request.
  Time since last request: 0.000029 seconds.
  path: Assets/_Elements/_FireVFX/FIreModels/Meshes/FireBallSemiOrb.fbx
  artifactKey: Guid(af31a6f9fbfc2dc4bb162f88c2d9903d) Importer(815301076,1909f56bfc062723c751e8b465ee728b)
Start importing Assets/_Elements/_FireVFX/FIreModels/Meshes/FireBallSemiOrb.fbx using Guid(af31a6f9fbfc2dc4bb162f88c2d9903d) Importer(815301076,1909f56bfc062723c751e8b465ee728b)  -> (artifact id: 'ce25cdc8293d670722ed2c378da6f239') in 0.028146 seconds 
========================================================================
Received Import Request.
  Time since last request: 0.000021 seconds.
  path: Assets/_Elements/_FireVFX/Materials/FireMaterials/FireballTrail.mat
  artifactKey: Guid(fe9f462c9ccb5ba47b1a90f9ba509046) Importer(815301076,1909f56bfc062723c751e8b465ee728b)
Start importing Assets/_Elements/_FireVFX/Materials/FireMaterials/FireballTrail.mat using Guid(fe9f462c9ccb5ba47b1a90f9ba509046) Importer(815301076,1909f56bfc062723c751e8b465ee728b)  -> (artifact id: 'eb54da4727d2cd1d86a751dbb77a747f') in 0.143153 seconds 
========================================================================
Received Import Request.
  Time since last request: 0.000021 seconds.
  path: Assets/_Elements/_FireVFX/Materials/FireballTrail.mat
  artifactKey: Guid(d6ab207c08594984da00572568c3e3af) Importer(815301076,1909f56bfc062723c751e8b465ee728b)
Start importing Assets/_Elements/_FireVFX/Materials/FireballTrail.mat using Guid(d6ab207c08594984da00572568c3e3af) Importer(815301076,1909f56bfc062723c751e8b465ee728b)  -> (artifact id: '4bfc1835248d3ae7480696e385d6818d') in 0.153469 seconds 
========================================================================
Received Import Request.
  Time since last request: 0.000020 seconds.
  path: Assets/_Elements/_FireVFX/Materials/FireballSteam.mat
  artifactKey: Guid(a47ea7edcba09cc41a934935ebf0d978) Importer(815301076,1909f56bfc062723c751e8b465ee728b)
Start importing Assets/_Elements/_FireVFX/Materials/FireballSteam.mat using Guid(a47ea7edcba09cc41a934935ebf0d978) Importer(815301076,1909f56bfc062723c751e8b465ee728b)  -> (artifact id: 'd914599839b6c178992d30875650d1b7') in 0.138023 seconds 
========================================================================
Received Import Request.
  Time since last request: 0.000030 seconds.
  path: Assets/_Elements/_FireVFX/Materials/FireMaterials/FireballMaterial.mat
  artifactKey: Guid(f593456e6fa891a4ba81d7e06508c686) Importer(815301076,1909f56bfc062723c751e8b465ee728b)
Start importing Assets/_Elements/_FireVFX/Materials/FireMaterials/FireballMaterial.mat using Guid(f593456e6fa891a4ba81d7e06508c686) Importer(815301076,1909f56bfc062723c751e8b465ee728b)  -> (artifact id: 'b60fa772e2c351a9027b00d37a7a47ff') in 0.006889 seconds 
========================================================================
Received Import Request.
  Time since last request: 1.313275 seconds.
  path: Assets/_Elements/_FireVFX/Materials/FireMaterials/FireImpactAdd.mat
  artifactKey: Guid(1b6f0ae5d8e9cca48bed622b15b6f36d) Importer(815301076,1909f56bfc062723c751e8b465ee728b)
Start importing Assets/_Elements/_FireVFX/Materials/FireMaterials/FireImpactAdd.mat using Guid(1b6f0ae5d8e9cca48bed622b15b6f36d) Importer(815301076,1909f56bfc062723c751e8b465ee728b)  -> (artifact id: 'c060be0782070e3d3df332a2ae08c3b4') in 0.010347 seconds 
========================================================================
Received Import Request.
  Time since last request: 0.000019 seconds.
  path: Assets/_Elements/_FireVFX/Materials/FireMaterials/FireImpactAdd1.mat
  artifactKey: Guid(61ebdcced3aeced40af5257eac74a320) Importer(815301076,1909f56bfc062723c751e8b465ee728b)
Start importing Assets/_Elements/_FireVFX/Materials/FireMaterials/FireImpactAdd1.mat using Guid(61ebdcced3aeced40af5257eac74a320) Importer(815301076,1909f56bfc062723c751e8b465ee728b)  -> (artifact id: '716611b8c59b7dca73c4b06bc17fc164') in 0.007105 seconds 
========================================================================
Received Import Request.
  Time since last request: 0.000017 seconds.
  path: Assets/_Elements/_FireVFX/FIreModels/Meshes/FireOrb.fbx
  artifactKey: Guid(c094b6d03503b4e4a9aa53d98c5888b0) Importer(815301076,1909f56bfc062723c751e8b465ee728b)
Start importing Assets/_Elements/_FireVFX/FIreModels/Meshes/FireOrb.fbx using Guid(c094b6d03503b4e4a9aa53d98c5888b0) Importer(815301076,1909f56bfc062723c751e8b465ee728b)  -> (artifact id: 'c771dfac6bcbee94ab8b6635bc067bb1') in 0.010675 seconds 
========================================================================
Received Import Request.
  Time since last request: 0.000026 seconds.
  path: Assets/_Elements/_FireVFX/Materials/FireMaterials/FirePillarBase.mat
  artifactKey: Guid(c8c018e971bd12d4393946abd10dcd24) Importer(815301076,1909f56bfc062723c751e8b465ee728b)
Start importing Assets/_Elements/_FireVFX/Materials/FireMaterials/FirePillarBase.mat using Guid(c8c018e971bd12d4393946abd10dcd24) Importer(815301076,1909f56bfc062723c751e8b465ee728b)  -> (artifact id: 'bf1f7b156910af5ca0961e76f7164fde') in 0.150529 seconds 
========================================================================
Received Import Request.
  Time since last request: 4.465654 seconds.
  path: Assets/_Elements/_FireVFX/URP Settings/FireRenderer_Renderer.asset
  artifactKey: Guid(e009ddb95b9cc3a4f80d6240a766d5ad) Importer(815301076,1909f56bfc062723c751e8b465ee728b)
Start importing Assets/_Elements/_FireVFX/URP Settings/FireRenderer_Renderer.asset using Guid(e009ddb95b9cc3a4f80d6240a766d5ad) Importer(815301076,1909f56bfc062723c751e8b465ee728b)  -> (artifact id: '7bbdfdbc6c8ebf20878ae4837d3fd810') in 0.018739 seconds 
========================================================================
Received Import Request.
  Time since last request: 0.000016 seconds.
  path: Assets/_Elements/_FireVFX/FIreModels/Meshes/FireRing2.fbx
  artifactKey: Guid(d6a5fa5e808185d4f9ab083ee81ad4d0) Importer(815301076,1909f56bfc062723c751e8b465ee728b)
Start importing Assets/_Elements/_FireVFX/FIreModels/Meshes/FireRing2.fbx using Guid(d6a5fa5e808185d4f9ab083ee81ad4d0) Importer(815301076,1909f56bfc062723c751e8b465ee728b)  -> (artifact id: 'a8c9f8822eebc28d85263afc6a111c42') in 0.014371 seconds 
========================================================================
Received Import Request.
  Time since last request: 0.000023 seconds.
  path: Assets/_Elements/Textures/FireSpark.png
  artifactKey: Guid(0be1a871da30f404395d10d59c741308) Importer(815301076,1909f56bfc062723c751e8b465ee728b)
Start importing Assets/_Elements/Textures/FireSpark.png using Guid(0be1a871da30f404395d10d59c741308) Importer(815301076,1909f56bfc062723c751e8b465ee728b)  -> (artifact id: '95c447efe7618442514dd16ac3361370') in 0.150554 seconds 
========================================================================
Received Import Request.
  Time since last request: 5.688320 seconds.
  path: Assets/_Elements/_FireVFX/Materials/FireStrand.mat
  artifactKey: Guid(976956adf4c17d24194e0410ca252260) Importer(815301076,1909f56bfc062723c751e8b465ee728b)
Start importing Assets/_Elements/_FireVFX/Materials/FireStrand.mat using Guid(976956adf4c17d24194e0410ca252260) Importer(815301076,1909f56bfc062723c751e8b465ee728b)  -> (artifact id: '7e7b4e869fbe7c910d438afbafddefe2') in 0.140056 seconds 
========================================================================
Received Import Request.
  Time since last request: 0.884658 seconds.
  path: Assets/_Elements/_FireVFX/FIreModels/Meshes/FireTornado2VFX.fbx
  artifactKey: Guid(1cbf4ec3faafb2c4e90c33316b25f5ab) Importer(815301076,1909f56bfc062723c751e8b465ee728b)
Start importing Assets/_Elements/_FireVFX/FIreModels/Meshes/FireTornado2VFX.fbx using Guid(1cbf4ec3faafb2c4e90c33316b25f5ab) Importer(815301076,1909f56bfc062723c751e8b465ee728b)  -> (artifact id: 'ea1c382a651f70c6ee52e5a9d84b0fc9') in 0.009890 seconds 
========================================================================
Received Import Request.
  Time since last request: 0.000020 seconds.
  path: Assets/_Elements/_FireVFX/Scences/Fire/FireVolume Profile.asset
  artifactKey: Guid(74b6037ef56987b4796d714f6b75b2fc) Importer(815301076,1909f56bfc062723c751e8b465ee728b)
Start importing Assets/_Elements/_FireVFX/Scences/Fire/FireVolume Profile.asset using Guid(74b6037ef56987b4796d714f6b75b2fc) Importer(815301076,1909f56bfc062723c751e8b465ee728b)  -> (artifact id: 'ef4e06bd037df5d3f256b938b4bcacb4') in 0.007135 seconds 
========================================================================
Received Import Request.
  Time since last request: 0.000017 seconds.
  path: Assets/_Elements/_FireVFX/FIreModels/Meshes/FireTornado4VFX.fbx
  artifactKey: Guid(7b73071cabf72ba4ab06dab9c416b81c) Importer(815301076,1909f56bfc062723c751e8b465ee728b)
Start importing Assets/_Elements/_FireVFX/FIreModels/Meshes/FireTornado4VFX.fbx using Guid(7b73071cabf72ba4ab06dab9c416b81c) Importer(815301076,1909f56bfc062723c751e8b465ee728b)  -> (artifact id: '07889be038cf2de182fa85e340a4eebe') in 0.012249 seconds 
========================================================================
Received Import Request.
  Time since last request: 0.000024 seconds.
  path: Assets/_Elements/Textures/FireTrail1.png
  artifactKey: Guid(36a1338a10af5fe4cbfc5112855d69d6) Importer(815301076,1909f56bfc062723c751e8b465ee728b)
Start importing Assets/_Elements/Textures/FireTrail1.png using Guid(36a1338a10af5fe4cbfc5112855d69d6) Importer(815301076,1909f56bfc062723c751e8b465ee728b)  -> (artifact id: '89f4b2455299a06bbbf49a1edc7c3170') in 0.042978 seconds 
========================================================================
Received Import Request.
  Time since last request: 0.000017 seconds.
  path: Assets/_Elements/_FireVFX/FIreModels/Meshes/FireTornado3VFX.fbx
  artifactKey: Guid(6cf01867f3f7c6e4cb883680d641e8f4) Importer(815301076,1909f56bfc062723c751e8b465ee728b)
Start importing Assets/_Elements/_FireVFX/FIreModels/Meshes/FireTornado3VFX.fbx using Guid(6cf01867f3f7c6e4cb883680d641e8f4) Importer(815301076,1909f56bfc062723c751e8b465ee728b)  -> (artifact id: 'ea197062f11f617e13ec21808728ef1d') in 0.008369 seconds 
========================================================================
Received Import Request.
  Time since last request: 0.000019 seconds.
  path: Assets/_Elements/_FireVFX/FIreModels/Meshes/FireTornadoVFX.fbx
  artifactKey: Guid(8d7b5cdb34eb2be4aad7b9f3afd17ab9) Importer(815301076,1909f56bfc062723c751e8b465ee728b)
Start importing Assets/_Elements/_FireVFX/FIreModels/Meshes/FireTornadoVFX.fbx using Guid(8d7b5cdb34eb2be4aad7b9f3afd17ab9) Importer(815301076,1909f56bfc062723c751e8b465ee728b)  -> (artifact id: '8e69f002f525c89c452e429f15fe2841') in 0.009886 seconds 
========================================================================
Received Import Request.
  Time since last request: 0.000056 seconds.
  path: Assets/_Elements/_FireVFX/FIreModels/Meshes/FireTornadoVFX3.fbx
  artifactKey: Guid(9e1753ab618d4b940a77be1c7fbe2a6f) Importer(815301076,1909f56bfc062723c751e8b465ee728b)
Start importing Assets/_Elements/_FireVFX/FIreModels/Meshes/FireTornadoVFX3.fbx using Guid(9e1753ab618d4b940a77be1c7fbe2a6f) Importer(815301076,1909f56bfc062723c751e8b465ee728b)  -> (artifact id: 'd3fd5797548e9e9ec8b58158af7f9a33') in 0.011445 seconds 
========================================================================
Received Import Request.
  Time since last request: 0.000023 seconds.
  path: Assets/_Elements/_FireVFX/FIreModels/Meshes/LowPolyFireOrb.fbx
  artifactKey: Guid(0b74137f73bc1504e963f20557d97824) Importer(815301076,1909f56bfc062723c751e8b465ee728b)
Start importing Assets/_Elements/_FireVFX/FIreModels/Meshes/LowPolyFireOrb.fbx using Guid(0b74137f73bc1504e963f20557d97824) Importer(815301076,1909f56bfc062723c751e8b465ee728b)  -> (artifact id: '18ff7a967f4a46290ac0e9f60ffeeaf5') in 0.008302 seconds 
========================================================================
Received Import Request.
  Time since last request: 2.933079 seconds.
  path: Assets/_Elements/_FireVFX/Materials/StyleFireSimple.mat
  artifactKey: Guid(5301e7247de574542a5521ec2cbdea42) Importer(815301076,1909f56bfc062723c751e8b465ee728b)
Start importing Assets/_Elements/_FireVFX/Materials/StyleFireSimple.mat using Guid(5301e7247de574542a5521ec2cbdea42) Importer(815301076,1909f56bfc062723c751e8b465ee728b)  -> (artifact id: 'bb04c7dc7183658b249e488dd395aacc') in 0.178573 seconds 
========================================================================
Received Import Request.
  Time since last request: 0.000020 seconds.
  path: Assets/_Elements/_FireVFX/Prefabs/FireBalls/vfx_FireBall3.prefab
  artifactKey: Guid(d8cbc26a7f78ecb4c9b230ab7bbbbd8f) Importer(815301076,1909f56bfc062723c751e8b465ee728b)
Start importing Assets/_Elements/_FireVFX/Prefabs/FireBalls/vfx_FireBall3.prefab using Guid(d8cbc26a7f78ecb4c9b230ab7bbbbd8f) Importer(815301076,1909f56bfc062723c751e8b465ee728b)  -> (artifact id: 'a4cca0f9f028608cb543c2973205a59a') in 0.014341 seconds 
========================================================================
Received Import Request.
  Time since last request: 0.000029 seconds.
  path: Assets/_Elements/_FireVFX/Materials/StyleFireToon.mat
  artifactKey: Guid(8cb0e6f80b25356448a3f7867215dffd) Importer(815301076,1909f56bfc062723c751e8b465ee728b)
Start importing Assets/_Elements/_FireVFX/Materials/StyleFireToon.mat using Guid(8cb0e6f80b25356448a3f7867215dffd) Importer(815301076,1909f56bfc062723c751e8b465ee728b)  -> (artifact id: '5e2e9e7ab079a2d2b96d05487c69200c') in 0.020376 seconds 
========================================================================
Received Import Request.
  Time since last request: 0.000018 seconds.
  path: Assets/_Elements/_FireVFX/Prefabs/FireBalls/vfx_FireBall1.prefab
  artifactKey: Guid(726106355e901f841b372f6d32474ffc) Importer(815301076,1909f56bfc062723c751e8b465ee728b)
Start importing Assets/_Elements/_FireVFX/Prefabs/FireBalls/vfx_FireBall1.prefab using Guid(726106355e901f841b372f6d32474ffc) Importer(815301076,1909f56bfc062723c751e8b465ee728b)  -> (artifact id: 'b337d45aaf461417ea61677fe429be7a') in 0.012650 seconds 
========================================================================
Received Import Request.
  Time since last request: 0.000016 seconds.
  path: Assets/_Elements/_FireVFX/Prefabs/FireBalls/vfx_Fireball0.prefab
  artifactKey: Guid(b589fd55a74653c428dc98cd93319f4a) Importer(815301076,1909f56bfc062723c751e8b465ee728b)
Start importing Assets/_Elements/_FireVFX/Prefabs/FireBalls/vfx_Fireball0.prefab using Guid(b589fd55a74653c428dc98cd93319f4a) Importer(815301076,1909f56bfc062723c751e8b465ee728b)  -> (artifact id: '6aec090c81471586a91f8127010a5765') in 0.020481 seconds 
========================================================================
Received Import Request.
  Time since last request: 1.885296 seconds.
  path: Assets/_Elements/_FireVFX/Prefabs/FireEmbers/vfx_FireEmberCalm.prefab
  artifactKey: Guid(b11ca117f2a5d534ab24046476362469) Importer(815301076,1909f56bfc062723c751e8b465ee728b)
Start importing Assets/_Elements/_FireVFX/Prefabs/FireEmbers/vfx_FireEmberCalm.prefab using Guid(b11ca117f2a5d534ab24046476362469) Importer(815301076,1909f56bfc062723c751e8b465ee728b)  -> (artifact id: '0a76f9db282aeb36a7bb95d59c05e326') in 0.009292 seconds 
========================================================================
Received Import Request.
  Time since last request: 0.000023 seconds.
  path: Assets/_Elements/_FireVFX/Prefabs/FireImpact/vfx_FireImpact10.prefab
  artifactKey: Guid(a711bbf83f08a7f42a2567e0ee34e1b0) Importer(815301076,1909f56bfc062723c751e8b465ee728b)
Start importing Assets/_Elements/_FireVFX/Prefabs/FireImpact/vfx_FireImpact10.prefab using Guid(a711bbf83f08a7f42a2567e0ee34e1b0) Importer(815301076,1909f56bfc062723c751e8b465ee728b)  -> (artifact id: 'ba1774243f21d23dc78b29c7375b8822') in 0.011304 seconds 
========================================================================
Received Import Request.
  Time since last request: 0.000021 seconds.
  path: Assets/_Elements/_FireVFX/Prefabs/FireImpact/vfx_FireImpact02.prefab
  artifactKey: Guid(2c7633c60ce73dd479742578bc3cf26b) Importer(815301076,1909f56bfc062723c751e8b465ee728b)
Start importing Assets/_Elements/_FireVFX/Prefabs/FireImpact/vfx_FireImpact02.prefab using Guid(2c7633c60ce73dd479742578bc3cf26b) Importer(815301076,1909f56bfc062723c751e8b465ee728b)  -> (artifact id: '0ed56a26f31b54f38efbbaeea55b76b8') in 0.028169 seconds 
========================================================================
Received Import Request.
  Time since last request: 0.000018 seconds.
  path: Assets/_Elements/_FireVFX/Prefabs/FireImpact/vfx_FireImpact01.prefab
  artifactKey: Guid(29fc67aae5d6b8a43a04b8598bf0c715) Importer(815301076,1909f56bfc062723c751e8b465ee728b)
Start importing Assets/_Elements/_FireVFX/Prefabs/FireImpact/vfx_FireImpact01.prefab using Guid(29fc67aae5d6b8a43a04b8598bf0c715) Importer(815301076,1909f56bfc062723c751e8b465ee728b)  -> (artifact id: '41a5f1273072eb7c8566692228a6e176') in 0.008062 seconds 
========================================================================
Received Import Request.
  Time since last request: 0.000015 seconds.
  path: Assets/_Elements/_FireVFX/Prefabs/FireEmbers/vfx_FireEmberWild.prefab
  artifactKey: Guid(0aa06c442e3da364f8f39fa69241f3bd) Importer(815301076,1909f56bfc062723c751e8b465ee728b)
Start importing Assets/_Elements/_FireVFX/Prefabs/FireEmbers/vfx_FireEmberWild.prefab using Guid(0aa06c442e3da364f8f39fa69241f3bd) Importer(815301076,1909f56bfc062723c751e8b465ee728b)  -> (artifact id: '5d0ae23c2b51525c13ae20645e05e96b') in 0.006952 seconds 
========================================================================
Received Import Request.
  Time since last request: 0.000021 seconds.
  path: Assets/_Elements/_FireVFX/Prefabs/FireImpact/vfx_FireImpact03.prefab
  artifactKey: Guid(52934f5b81356dc4581ef9232224a451) Importer(815301076,1909f56bfc062723c751e8b465ee728b)
Start importing Assets/_Elements/_FireVFX/Prefabs/FireImpact/vfx_FireImpact03.prefab using Guid(52934f5b81356dc4581ef9232224a451) Importer(815301076,1909f56bfc062723c751e8b465ee728b)  -> (artifact id: '09bd66dbdfb46242ad68767e83b341a5') in 0.141301 seconds 
========================================================================
Received Import Request.
  Time since last request: 0.000024 seconds.
  path: Assets/_Elements/_FireVFX/Prefabs/FireTrails/vfx_FireTrail2.prefab
  artifactKey: Guid(6bc3b8523fbb7984b9f523b2d423e4ec) Importer(815301076,1909f56bfc062723c751e8b465ee728b)
Start importing Assets/_Elements/_FireVFX/Prefabs/FireTrails/vfx_FireTrail2.prefab using Guid(6bc3b8523fbb7984b9f523b2d423e4ec) Importer(815301076,1909f56bfc062723c751e8b465ee728b)  -> (artifact id: 'e46c21a4c4a929f357770e2004cdff11') in 0.008769 seconds 
========================================================================
Received Import Request.
  Time since last request: 0.000027 seconds.
  path: Assets/_Elements/_FireVFX/Prefabs/Fire Pillars/vfx_FirePillar7.prefab
  artifactKey: Guid(7c2b380f2cb9efe4580e2f8390b964f7) Importer(815301076,1909f56bfc062723c751e8b465ee728b)
Start importing Assets/_Elements/_FireVFX/Prefabs/Fire Pillars/vfx_FirePillar7.prefab using Guid(7c2b380f2cb9efe4580e2f8390b964f7) Importer(815301076,1909f56bfc062723c751e8b465ee728b)  -> (artifact id: '6e329c280e00ae55b9ce66ef204365fb') in 0.020405 seconds 
========================================================================
Received Import Request.
  Time since last request: 0.000022 seconds.
  path: Assets/_Elements/_FireVFX/Prefabs/FireTrails/vfx_FireTrail4.prefab
  artifactKey: Guid(237672dded3838941bfbe119f6ecf890) Importer(815301076,1909f56bfc062723c751e8b465ee728b)
Start importing Assets/_Elements/_FireVFX/Prefabs/FireTrails/vfx_FireTrail4.prefab using Guid(237672dded3838941bfbe119f6ecf890) Importer(815301076,1909f56bfc062723c751e8b465ee728b)  -> (artifact id: 'b88525d16984ccf79dcef55e73879b57') in 0.010196 seconds 
========================================================================
Received Import Request.
  Time since last request: 0.000021 seconds.
  path: Assets/_Elements/_FireVFX/Prefabs/FireTrails/vfx_FireTrail1.prefab
  artifactKey: Guid(5971bc3f08a283041bafab1b60662d82) Importer(815301076,1909f56bfc062723c751e8b465ee728b)
Start importing Assets/_Elements/_FireVFX/Prefabs/FireTrails/vfx_FireTrail1.prefab using Guid(5971bc3f08a283041bafab1b60662d82) Importer(815301076,1909f56bfc062723c751e8b465ee728b)  -> (artifact id: '9ed97ed8e7e1a41030929faf1fd1c03b') in 0.008900 seconds 
========================================================================
Received Import Request.
  Time since last request: 0.000022 seconds.
  path: Assets/_Elements/_FireVFX/Prefabs/FireTrails/vfx_FireTrail5.prefab
  artifactKey: Guid(c50e338d7d107c141bc885b84b25dc72) Importer(815301076,1909f56bfc062723c751e8b465ee728b)
Start importing Assets/_Elements/_FireVFX/Prefabs/FireTrails/vfx_FireTrail5.prefab using Guid(c50e338d7d107c141bc885b84b25dc72) Importer(815301076,1909f56bfc062723c751e8b465ee728b)  -> (artifact id: 'bb42aaba583af3793b977d7fee7f926b') in 0.007715 seconds 
========================================================================
Received Import Request.
  Time since last request: 0.000023 seconds.
  path: Assets/_Elements/_FireVFX/Prefabs/FireEmbers/vfx_FireEmberMix.prefab
  artifactKey: Guid(cfdda8d7e5fc0da4e90fad15d4fbf042) Importer(815301076,1909f56bfc062723c751e8b465ee728b)
Start importing Assets/_Elements/_FireVFX/Prefabs/FireEmbers/vfx_FireEmberMix.prefab using Guid(cfdda8d7e5fc0da4e90fad15d4fbf042) Importer(815301076,1909f56bfc062723c751e8b465ee728b)  -> (artifact id: '0020c15a517c6e3f107efcdf168fdd37') in 0.008431 seconds 
Editor requested this worker to shutdown with reason: Scaling down because of idle timeout
AssetImportWorker is now disconnected from the server
Process exiting
Exiting without the bug reporter. Application will terminate with return code 0