Using pre-set license
Built from '2021.3/staging' branch; Version is '2021.3.15f1 (e8e88683f834) revision 15263878'; Using compiler version '192829333'; Build Type 'Release'
OS: 'Windows 10  (10.0.19045) 64bit Core' Language: 'en' Physical Memory: 32664 MB
BatchMode: 1, IsHumanControllingUs: 0, StartBugReporterOnCrash: 0, Is64bit: 1, IsPro: 1

COMMAND LINE ARGUMENTS:
C:\Program Files\Unity\Hub\Editor\2021.3.15f1\Editor\Unity.exe
-adb2
-batchMode
-noUpm
-name
AssetImportWorker8
-projectPath
D:/GitHub Repositories/Amped-Arsenal/Amped Arsenal
-logFile
Logs/AssetImportWorker8.log
-srvPort
53426
Successfully changed project path to: D:/GitHub Repositories/Amped-Arsenal/Amped Arsenal
D:/GitHub Repositories/Amped-Arsenal/Amped Arsenal
[UnityMemory] Configuration Parameters - Can be set up in boot.config
    "memorysetup-bucket-allocator-granularity=16"
    "memorysetup-bucket-allocator-bucket-count=8"
    "memorysetup-bucket-allocator-block-size=33554432"
    "memorysetup-bucket-allocator-block-count=8"
    "memorysetup-main-allocator-block-size=16777216"
    "memorysetup-thread-allocator-block-size=16777216"
    "memorysetup-gfx-main-allocator-block-size=16777216"
    "memorysetup-gfx-thread-allocator-block-size=16777216"
    "memorysetup-cache-allocator-block-size=4194304"
    "memorysetup-typetree-allocator-block-size=2097152"
    "memorysetup-profiler-bucket-allocator-granularity=16"
    "memorysetup-profiler-bucket-allocator-bucket-count=8"
    "memorysetup-profiler-bucket-allocator-block-size=33554432"
    "memorysetup-profiler-bucket-allocator-block-count=8"
    "memorysetup-profiler-allocator-block-size=16777216"
    "memorysetup-profiler-editor-allocator-block-size=1048576"
    "memorysetup-temp-allocator-size-main=16777216"
    "memorysetup-job-temp-allocator-block-size=2097152"
    "memorysetup-job-temp-allocator-block-size-background=1048576"
    "memorysetup-job-temp-allocator-reduction-small-platforms=262144"
    "memorysetup-temp-allocator-size-background-worker=32768"
    "memorysetup-temp-allocator-size-job-worker=262144"
    "memorysetup-temp-allocator-size-preload-manager=33554432"
    "memorysetup-temp-allocator-size-nav-mesh-worker=65536"
    "memorysetup-temp-allocator-size-audio-worker=65536"
    "memorysetup-temp-allocator-size-cloud-worker=32768"
    "memorysetup-temp-allocator-size-gi-baking-worker=262144"
    "memorysetup-temp-allocator-size-gfx=262144"
Player connection [64008] Host "[IP] 192.168.0.40 [Port] 0 [Flags] 2 [Guid] 28391200 [EditorId] 28391200 [Version] 1048832 [Id] WindowsEditor(7,DESKTOP-9TH93UJ) [Debug] 1 [PackageName] WindowsEditor [ProjectName] Editor" joined multi-casting on [225.0.0.222:54997]...

Player connection [64008] Host "[IP] 192.168.0.40 [Port] 0 [Flags] 2 [Guid] 28391200 [EditorId] 28391200 [Version] 1048832 [Id] WindowsEditor(7,DESKTOP-9TH93UJ) [Debug] 1 [PackageName] WindowsEditor [ProjectName] Editor" joined alternative multi-casting on [225.0.0.222:34997]...

Refreshing native plugins compatible for Editor in 105.11 ms, found 5 plugins.
Preloading 0 native plugins for Editor in 0.00 ms.
Initialize engine version: 2021.3.15f1 (e8e88683f834)
[Subsystems] Discovering subsystems at path C:/Program Files/Unity/Hub/Editor/2021.3.15f1/Editor/Data/Resources/UnitySubsystems
[Subsystems] Discovering subsystems at path D:/GitHub Repositories/Amped-Arsenal/Amped Arsenal/Assets
GfxDevice: creating device client; threaded=0; jobified=0
Direct3D:
    Version:  Direct3D 11.0 [level 11.1]
    Renderer: NVIDIA GeForce RTX 3060 Ti (ID=0x2489)
    Vendor:   NVIDIA
    VRAM:     8038 MB
    Driver:   31.0.15.2737
Initialize mono
Mono path[0] = 'C:/Program Files/Unity/Hub/Editor/2021.3.15f1/Editor/Data/Managed'
Mono path[1] = 'C:/Program Files/Unity/Hub/Editor/2021.3.15f1/Editor/Data/MonoBleedingEdge/lib/mono/unityjit-win32'
Mono config path = 'C:/Program Files/Unity/Hub/Editor/2021.3.15f1/Editor/Data/MonoBleedingEdge/etc'
Using monoOptions --debugger-agent=transport=dt_socket,embedding=1,server=y,suspend=n,address=127.0.0.1:56876
Begin MonoManager ReloadAssembly
Registering precompiled unity dll's ...
Register platform support module: C:/Program Files/Unity/Hub/Editor/2021.3.15f1/Editor/Data/PlaybackEngines/WebGLSupport/UnityEditor.WebGL.Extensions.dll
Register platform support module: C:/Program Files/Unity/Hub/Editor/2021.3.15f1/Editor/Data/PlaybackEngines/AndroidPlayer/UnityEditor.Android.Extensions.dll
Register platform support module: C:/Program Files/Unity/Hub/Editor/2021.3.15f1/Editor/Data/PlaybackEngines/iOSSupport/UnityEditor.iOS.Extensions.dll
Register platform support module: C:/Program Files/Unity/Hub/Editor/2021.3.15f1/Editor/Data/PlaybackEngines/WindowsStandaloneSupport/UnityEditor.WindowsStandalone.Extensions.dll
Registered in 0.008466 seconds.
Native extension for WindowsStandalone target not found
[usbmuxd] Start listen thread
[usbmuxd] Listen thread started
Native extension for iOS target not found
Native extension for Android target not found
Native extension for WebGL target not found
Refreshing native plugins compatible for Editor in 105.77 ms, found 5 plugins.
Preloading 0 native plugins for Editor in 0.00 ms.
Mono: successfully reloaded assembly
- Completed reload, in  0.522 seconds
Domain Reload Profiling:
	ReloadAssembly (522ms)
		BeginReloadAssembly (53ms)
			ExecutionOrderSort (0ms)
			DisableScriptedObjects (0ms)
			BackupInstance (0ms)
			ReleaseScriptingObjects (0ms)
			CreateAndSetChildDomain (1ms)
		EndReloadAssembly (388ms)
			LoadAssemblies (51ms)
			RebuildTransferFunctionScriptingTraits (0ms)
			SetupTypeCache (75ms)
			ReleaseScriptCaches (0ms)
			RebuildScriptCaches (19ms)
			SetupLoadedEditorAssemblies (254ms)
				LogAssemblyErrors (0ms)
				InitializePlatformSupportModulesInManaged (51ms)
				SetLoadedEditorAssemblies (0ms)
				RefreshPlugins (106ms)
				BeforeProcessingInitializeOnLoad (1ms)
				ProcessInitializeOnLoadAttributes (65ms)
				ProcessInitializeOnLoadMethodAttributes (30ms)
				AfterProcessingInitializeOnLoad (0ms)
				EditorAssembliesLoaded (0ms)
			ExecutionOrderSort2 (0ms)
			AwakeInstancesAfterBackupRestoration (0ms)
Platform modules already initialized, skipping
Registering precompiled user dll's ...
Registered in 0.004474 seconds.
Begin MonoManager ReloadAssembly
Symbol file LoadedFromMemory doesn't match image D:\GitHub Repositories\Amped-Arsenal\Amped Arsenal\Library\PackageCache\com.unity.visualscripting@1.7.8\Editor\VisualScripting.Core\Dependencies\YamlDotNet\Unity.VisualScripting.YamlDotNet.dll
Symbol file LoadedFromMemory doesn't match image D:\GitHub Repositories\Amped-Arsenal\Amped Arsenal\Library\PackageCache\com.unity.visualscripting@1.7.8\Editor\VisualScripting.Core\Dependencies\DotNetZip\Unity.VisualScripting.IonicZip.dll
Native extension for WindowsStandalone target not found
Native extension for iOS target not found
Native extension for Android target not found
Native extension for WebGL target not found
Refreshing native plugins compatible for Editor in 109.48 ms, found 5 plugins.
Preloading 0 native plugins for Editor in 0.00 ms.
Mono: successfully reloaded assembly
- Completed reload, in  1.354 seconds
Domain Reload Profiling:
	ReloadAssembly (1355ms)
		BeginReloadAssembly (305ms)
			ExecutionOrderSort (0ms)
			DisableScriptedObjects (5ms)
			BackupInstance (0ms)
			ReleaseScriptingObjects (0ms)
			CreateAndSetChildDomain (236ms)
		EndReloadAssembly (968ms)
			LoadAssemblies (75ms)
			RebuildTransferFunctionScriptingTraits (0ms)
			SetupTypeCache (253ms)
			ReleaseScriptCaches (1ms)
			RebuildScriptCaches (65ms)
			SetupLoadedEditorAssemblies (543ms)
				LogAssemblyErrors (0ms)
				InitializePlatformSupportModulesInManaged (19ms)
				SetLoadedEditorAssemblies (0ms)
				RefreshPlugins (110ms)
				BeforeProcessingInitializeOnLoad (106ms)
				ProcessInitializeOnLoadAttributes (233ms)
				ProcessInitializeOnLoadMethodAttributes (69ms)
				AfterProcessingInitializeOnLoad (7ms)
				EditorAssembliesLoaded (0ms)
			ExecutionOrderSort2 (0ms)
			AwakeInstancesAfterBackupRestoration (5ms)
Platform modules already initialized, skipping
========================================================================
Worker process is ready to serve import requests
Shader 'MapMagic/TerrainPreviewHDRP': dependency 'BaseMapShader' shader 'Hidden/HDRP/TerrainLit_Basemap' not found
Shader 'MapMagic/TerrainPreviewHDRP': dependency 'BaseMapGenShader' shader 'Hidden/HDRP/TerrainLit_BasemapGen' not found
Shader 'MapMagic/TerrainPreviewHDRP': dependency 'BaseMapShader' shader 'Hidden/HDRP/TerrainLit_Basemap' not found
Shader 'MapMagic/TerrainPreviewHDRP': dependency 'BaseMapGenShader' shader 'Hidden/HDRP/TerrainLit_BasemapGen' not found
Launched and connected shader compiler UnityShaderCompiler.exe after 0.33 seconds
Refreshing native plugins compatible for Editor in 2.59 ms, found 5 plugins.
Preloading 0 native plugins for Editor in 0.00 ms.
Unloading 6760 Unused Serialized files (Serialized files now loaded: 0)
Unloading 71 unused Assets / (5.5 MB). Loaded Objects now: 7214.
Memory consumption went from 364.6 MB to 359.1 MB.
Total: 4.978000 ms (FindLiveObjects: 0.441900 ms CreateObjectMapping: 0.368400 ms MarkObjects: 3.215100 ms  DeleteObjects: 0.951700 ms)

AssetImportParameters requested are different than current active one (requested -> active):
  custom:video-decoder-ogg-theora: a1e56fd34408186e4bbccfd4996cb3dc -> 
  custom:container-muxer-webm: aa71ff27fc2769a1b78a27578f13a17b -> 
  custom:container-demuxer-webm: 4f35f7cbe854078d1ac9338744f61a02 -> 
  custom:video-encoder-webm-vp8: eb34c28f22e8b96e1ab97ce403110664 -> 
  custom:audio-encoder-webm-vorbis: bf7c407c2cedff20999df2af8eb42d56 -> 
  custom:framework-win-MediaFoundation: 216162199b28c13a410421893ffa2e32 -> 
  custom:container-demuxer-ogg: 62fdf1f143b41e24485cea50d1cbac27 -> 
  custom:video-decoder-webm-vp8: 9c59270c3fd7afecdb556c50c9e8de78 -> 
  custom:audio-decoder-ogg-vorbis: bf7c407c2cedff20999df2af8eb42d56 -> 
========================================================================
Received Import Request.
  Time since last request: 1687588.266044 seconds.
  path: Assets/_Elements/Textures/Fire5x5.png
  artifactKey: Guid(6d0f4ab18885d7b45815429f80019222) Importer(815301076,1909f56bfc062723c751e8b465ee728b)
Start importing Assets/_Elements/Textures/Fire5x5.png using Guid(6d0f4ab18885d7b45815429f80019222) Importer(815301076,1909f56bfc062723c751e8b465ee728b)  -> (artifact id: 'a18438d55016d96e75bdfffdc01c24ad') in 0.215734 seconds 
========================================================================
Received Import Request.
  Time since last request: 10.613132 seconds.
  path: Assets/_Elements/_FireVFX/Materials/FireAnimationAdd.mat
  artifactKey: Guid(aeae3e12120278f44b8a6500d0eb43e3) Importer(815301076,1909f56bfc062723c751e8b465ee728b)
Start importing Assets/_Elements/_FireVFX/Materials/FireAnimationAdd.mat using Guid(aeae3e12120278f44b8a6500d0eb43e3) Importer(815301076,1909f56bfc062723c751e8b465ee728b)  -> (artifact id: '8452d7cb97e220d8f326e3d0d3519d6f') in 0.042571 seconds 
========================================================================
Received Import Request.
  Time since last request: 0.000016 seconds.
  path: Assets/_Elements/_FireVFX/Materials/FireballMaterial.mat
  artifactKey: Guid(796c72e18a8232a47bf02d77d8b1a7cd) Importer(815301076,1909f56bfc062723c751e8b465ee728b)
Start importing Assets/_Elements/_FireVFX/Materials/FireballMaterial.mat using Guid(796c72e18a8232a47bf02d77d8b1a7cd) Importer(815301076,1909f56bfc062723c751e8b465ee728b)  -> (artifact id: 'afd203ab0ab3b361fd1945ffb213ba22') in 0.160643 seconds 
========================================================================
Received Import Request.
  Time since last request: 0.000024 seconds.
  path: Assets/_Elements/_FireVFX/FIreModels/Meshes/FireDebris.fbx
  artifactKey: Guid(7f65e1f62151af24186d150ffe7df25f) Importer(815301076,1909f56bfc062723c751e8b465ee728b)
Start importing Assets/_Elements/_FireVFX/FIreModels/Meshes/FireDebris.fbx using Guid(7f65e1f62151af24186d150ffe7df25f) Importer(815301076,1909f56bfc062723c751e8b465ee728b)  -> (artifact id: '6709c4b9ec35f7690c6dd90f5a4632e2') in 0.031831 seconds 
========================================================================
Received Import Request.
  Time since last request: 0.000032 seconds.
  path: Assets/_Elements/_FireVFX/FIreModels/Meshes/FireDisk 1.fbx
  artifactKey: Guid(1b821e95eeca7b94fb2cb60d51e0509c) Importer(815301076,1909f56bfc062723c751e8b465ee728b)
Start importing Assets/_Elements/_FireVFX/FIreModels/Meshes/FireDisk 1.fbx using Guid(1b821e95eeca7b94fb2cb60d51e0509c) Importer(815301076,1909f56bfc062723c751e8b465ee728b)  -> (artifact id: '24a89dc41f0c058325f8b45719c28201') in 0.011105 seconds 
========================================================================
Received Import Request.
  Time since last request: 0.000025 seconds.
  path: Assets/_Elements/_FireVFX/Materials/FireExplosionAdd.mat
  artifactKey: Guid(4d2d7e6404520d34088af5045cc1e8cd) Importer(815301076,1909f56bfc062723c751e8b465ee728b)
Start importing Assets/_Elements/_FireVFX/Materials/FireExplosionAdd.mat using Guid(4d2d7e6404520d34088af5045cc1e8cd) Importer(815301076,1909f56bfc062723c751e8b465ee728b)  -> (artifact id: '34ea66de2336a8bee14c8e90f15438f2') in 0.169003 seconds 
========================================================================
Received Import Request.
  Time since last request: 0.000017 seconds.
  path: Assets/_Elements/_FireVFX/Materials/FireMaterials/FireballAdd2.mat
  artifactKey: Guid(becfeaaf9131db14f8443c5364b8d071) Importer(815301076,1909f56bfc062723c751e8b465ee728b)
Start importing Assets/_Elements/_FireVFX/Materials/FireMaterials/FireballAdd2.mat using Guid(becfeaaf9131db14f8443c5364b8d071) Importer(815301076,1909f56bfc062723c751e8b465ee728b)  -> (artifact id: 'dad19620b39af9d6d0cf0edd89b8dc00') in 0.142898 seconds 
========================================================================
Received Import Request.
  Time since last request: 0.000018 seconds.
  path: Assets/_Elements/_FireVFX/FIreModels/Meshes/FireEel.fbx
  artifactKey: Guid(1b7c03e97a82ecc4da48dbddc923c719) Importer(815301076,1909f56bfc062723c751e8b465ee728b)
Start importing Assets/_Elements/_FireVFX/FIreModels/Meshes/FireEel.fbx using Guid(1b7c03e97a82ecc4da48dbddc923c719) Importer(815301076,1909f56bfc062723c751e8b465ee728b)  -> (artifact id: '073fc6952c1d6dc8505f21e6a4d0b969') in 0.008359 seconds 
========================================================================
Received Import Request.
  Time since last request: 1.309317 seconds.
  path: Assets/_Elements/_FireVFX/Materials/FireMaterials/FireGroundAdd1.mat
  artifactKey: Guid(56df4668ec648964d86641ae01ac8320) Importer(815301076,1909f56bfc062723c751e8b465ee728b)
Start importing Assets/_Elements/_FireVFX/Materials/FireMaterials/FireGroundAdd1.mat using Guid(56df4668ec648964d86641ae01ac8320) Importer(815301076,1909f56bfc062723c751e8b465ee728b)  -> (artifact id: 'de3ab2289d335fea20af8f178ffe3cb1') in 0.010266 seconds 
========================================================================
Received Import Request.
  Time since last request: 0.000017 seconds.
  path: Assets/_Elements/Textures/FireMark1.png
  artifactKey: Guid(d20d9fe24e40b27449b01bf13e4a391e) Importer(815301076,1909f56bfc062723c751e8b465ee728b)
Start importing Assets/_Elements/Textures/FireMark1.png using Guid(d20d9fe24e40b27449b01bf13e4a391e) Importer(815301076,1909f56bfc062723c751e8b465ee728b)  -> (artifact id: '2b85ef8ef47d5bf0cfeabfec2fc0e5ac') in 0.077422 seconds 
========================================================================
Received Import Request.
  Time since last request: 0.000018 seconds.
  path: Assets/_Elements/_FireVFX/Materials/FireMaterials/FireImpactAlpha.mat
  artifactKey: Guid(90d1cc373efcc214398d69937c81a6b1) Importer(815301076,1909f56bfc062723c751e8b465ee728b)
Start importing Assets/_Elements/_FireVFX/Materials/FireMaterials/FireImpactAlpha.mat using Guid(90d1cc373efcc214398d69937c81a6b1) Importer(815301076,1909f56bfc062723c751e8b465ee728b)  -> (artifact id: '3a4e021a01060d6131d00c318d36b8c0') in 0.143535 seconds 
========================================================================
Received Import Request.
  Time since last request: 4.426754 seconds.
  path: Assets/_Elements/_FireVFX/Materials/FireMaterials/FirePillarToon.mat
  artifactKey: Guid(f14e9749921081b46a2540815e0021c5) Importer(815301076,1909f56bfc062723c751e8b465ee728b)
Start importing Assets/_Elements/_FireVFX/Materials/FireMaterials/FirePillarToon.mat using Guid(f14e9749921081b46a2540815e0021c5) Importer(815301076,1909f56bfc062723c751e8b465ee728b)  -> (artifact id: 'd5dc39e0e5e01b2b5765bfa7d7d43a3b') in 0.135865 seconds 
========================================================================
Received Import Request.
  Time since last request: 0.000025 seconds.
  path: Assets/_Elements/_FireVFX/FIreModels/Meshes/FireRing.fbx
  artifactKey: Guid(48b4b5cd9f23c374a8045b5065170d61) Importer(815301076,1909f56bfc062723c751e8b465ee728b)
Start importing Assets/_Elements/_FireVFX/FIreModels/Meshes/FireRing.fbx using Guid(48b4b5cd9f23c374a8045b5065170d61) Importer(815301076,1909f56bfc062723c751e8b465ee728b)  -> (artifact id: '1ad52544f2f881a4ea82fd47787979d3') in 0.018309 seconds 
========================================================================
Received Import Request.
  Time since last request: 0.000043 seconds.
  path: Assets/_Elements/_FireVFX/FIreModels/Meshes/FireRing2 1.fbx
  artifactKey: Guid(f5aba060a2afd214aa2492219079f36b) Importer(815301076,1909f56bfc062723c751e8b465ee728b)
Start importing Assets/_Elements/_FireVFX/FIreModels/Meshes/FireRing2 1.fbx using Guid(f5aba060a2afd214aa2492219079f36b) Importer(815301076,1909f56bfc062723c751e8b465ee728b)  -> (artifact id: '51b14d9e76293a1205ef225560359f31') in 0.023322 seconds 
========================================================================
Received Import Request.
  Time since last request: 0.000018 seconds.
  path: Assets/_Elements/Textures/FireSpark4x4.png
  artifactKey: Guid(58aca232ce4a22246a5852a2c576adab) Importer(815301076,1909f56bfc062723c751e8b465ee728b)
Start importing Assets/_Elements/Textures/FireSpark4x4.png using Guid(58aca232ce4a22246a5852a2c576adab) Importer(815301076,1909f56bfc062723c751e8b465ee728b)  -> (artifact id: 'a15f893869ce5151c79666dcb416470f') in 0.075439 seconds 
========================================================================
Received Import Request.
  Time since last request: 5.607152 seconds.
  path: Assets/_Elements/_FireVFX/FIreModels/Meshes/FireSpread.fbx
  artifactKey: Guid(655350bc604df9f4fb60d1d41c742669) Importer(815301076,1909f56bfc062723c751e8b465ee728b)
Start importing Assets/_Elements/_FireVFX/FIreModels/Meshes/FireSpread.fbx using Guid(655350bc604df9f4fb60d1d41c742669) Importer(815301076,1909f56bfc062723c751e8b465ee728b)  -> (artifact id: 'cc8f4fbc9eb002a9aa2b508f47e54c08') in 0.070487 seconds 
========================================================================
Received Import Request.
  Time since last request: 0.000017 seconds.
  path: Assets/_Elements/_FireVFX/FIreModels/Meshes/FireStrand2.fbx
  artifactKey: Guid(b2123d42cf337494f9c42dfe4f331942) Importer(815301076,1909f56bfc062723c751e8b465ee728b)
Start importing Assets/_Elements/_FireVFX/FIreModels/Meshes/FireStrand2.fbx using Guid(b2123d42cf337494f9c42dfe4f331942) Importer(815301076,1909f56bfc062723c751e8b465ee728b)  -> (artifact id: '92847627d48500b06bbba839b9c4404d') in 0.177419 seconds 
========================================================================
Received Import Request.
  Time since last request: 0.770003 seconds.
  path: Assets/_Elements/_FireVFX/Materials/FireTornado.mat
  artifactKey: Guid(1d7cc11f1cb7abb4384dbaa69146c052) Importer(815301076,1909f56bfc062723c751e8b465ee728b)
Start importing Assets/_Elements/_FireVFX/Materials/FireTornado.mat using Guid(1d7cc11f1cb7abb4384dbaa69146c052) Importer(815301076,1909f56bfc062723c751e8b465ee728b)  -> (artifact id: '25ef7493a89a572acf013a8e175d74ee') in 0.166978 seconds 
========================================================================
Received Import Request.
  Time since last request: 2.940652 seconds.
  path: Assets/_Elements/_FireVFX/Materials/Shader Graphs_FireFlame.mat
  artifactKey: Guid(a1289f887b7050e46afba8b297c6ec56) Importer(815301076,1909f56bfc062723c751e8b465ee728b)
Start importing Assets/_Elements/_FireVFX/Materials/Shader Graphs_FireFlame.mat using Guid(a1289f887b7050e46afba8b297c6ec56) Importer(815301076,1909f56bfc062723c751e8b465ee728b)  -> (artifact id: '54a52cad3be649639c8e66294b31121a') in 0.157869 seconds 
========================================================================
Received Import Request.
  Time since last request: 0.000024 seconds.
  path: Assets/_Elements/_FireVFX/Materials/FireMaterials/ToonFirePillar.mat
  artifactKey: Guid(b1b8aa3b9893bc645a5598d31324e1a7) Importer(815301076,1909f56bfc062723c751e8b465ee728b)
Start importing Assets/_Elements/_FireVFX/Materials/FireMaterials/ToonFirePillar.mat using Guid(b1b8aa3b9893bc645a5598d31324e1a7) Importer(815301076,1909f56bfc062723c751e8b465ee728b)  -> (artifact id: '1d646200e5425bb33ee5fa2b7fb2a830') in 0.140130 seconds 
========================================================================
Received Import Request.
  Time since last request: 1.859012 seconds.
  path: Assets/_Elements/_FireVFX/Prefabs/FireBalls/vfx_Fireball6.prefab
  artifactKey: Guid(bc48358053034bf4dbef95a384cfc1b2) Importer(815301076,1909f56bfc062723c751e8b465ee728b)
Start importing Assets/_Elements/_FireVFX/Prefabs/FireBalls/vfx_Fireball6.prefab using Guid(bc48358053034bf4dbef95a384cfc1b2) Importer(815301076,1909f56bfc062723c751e8b465ee728b)  -> (artifact id: '2483465d6128a7df117173f9273d14c7') in 0.173578 seconds 
========================================================================
Received Import Request.
  Time since last request: 0.000018 seconds.
  path: Assets/_Elements/_FireVFX/Prefabs/FireTrails/vfx_FireTrail6.prefab
  artifactKey: Guid(1b13c801bdcef3b4bb1b51f86b33e86c) Importer(815301076,1909f56bfc062723c751e8b465ee728b)
Start importing Assets/_Elements/_FireVFX/Prefabs/FireTrails/vfx_FireTrail6.prefab using Guid(1b13c801bdcef3b4bb1b51f86b33e86c) Importer(815301076,1909f56bfc062723c751e8b465ee728b)  -> (artifact id: '3589243ac96bcfd3714ac913baaa82c2') in 0.018375 seconds 
========================================================================
Received Import Request.
  Time since last request: 0.000029 seconds.
  path: Assets/_Elements/_FireVFX/Prefabs/Fire Pillars/vfx_FirePillar2.prefab
  artifactKey: Guid(6847798e99e1895419019d95a3c86fc9) Importer(815301076,1909f56bfc062723c751e8b465ee728b)
Start importing Assets/_Elements/_FireVFX/Prefabs/Fire Pillars/vfx_FirePillar2.prefab using Guid(6847798e99e1895419019d95a3c86fc9) Importer(815301076,1909f56bfc062723c751e8b465ee728b)  -> (artifact id: '84d7cab443a0fb90c5246145a47e471f') in 0.013458 seconds 
========================================================================
Received Import Request.
  Time since last request: 0.000023 seconds.
  path: Assets/_Elements/_FireVFX/Prefabs/Fire Pillars/vfx_FirePillar8.prefab
  artifactKey: Guid(46ec468cbe45bc748ad2d854f39fa365) Importer(815301076,1909f56bfc062723c751e8b465ee728b)
Start importing Assets/_Elements/_FireVFX/Prefabs/Fire Pillars/vfx_FirePillar8.prefab using Guid(46ec468cbe45bc748ad2d854f39fa365) Importer(815301076,1909f56bfc062723c751e8b465ee728b)  -> (artifact id: '5befe5334bda910fb1e78d61893254de') in 0.026273 seconds 
========================================================================
Received Import Request.
  Time since last request: 0.000043 seconds.
  path: Assets/_Elements/_FireVFX/Prefabs/Fire Pillars/vfx_FirePillar6.prefab
  artifactKey: Guid(9a0b1f01c201ad74fa0dd33762c9ef2c) Importer(815301076,1909f56bfc062723c751e8b465ee728b)
Start importing Assets/_Elements/_FireVFX/Prefabs/Fire Pillars/vfx_FirePillar6.prefab using Guid(9a0b1f01c201ad74fa0dd33762c9ef2c) Importer(815301076,1909f56bfc062723c751e8b465ee728b)  -> (artifact id: '0b0912e544ca5355c0d34cd2dbc52b0c') in 0.019191 seconds 
========================================================================
Received Import Request.
  Time since last request: 0.000017 seconds.
  path: Assets/_Elements/_FireVFX/Prefabs/FireMisc/vfx_GroundFire.prefab
  artifactKey: Guid(68dc4ca078162134fa6012bf0fc89a71) Importer(815301076,1909f56bfc062723c751e8b465ee728b)
Start importing Assets/_Elements/_FireVFX/Prefabs/FireMisc/vfx_GroundFire.prefab using Guid(68dc4ca078162134fa6012bf0fc89a71) Importer(815301076,1909f56bfc062723c751e8b465ee728b)  -> (artifact id: 'a32f9ebb1299a65ea346bd6578645a74') in 0.153230 seconds 
========================================================================
Received Prepare
Registering precompiled user dll's ...
Registered in 0.003469 seconds.
Begin MonoManager ReloadAssembly
Symbol file LoadedFromMemory doesn't match image D:\GitHub Repositories\Amped-Arsenal\Amped Arsenal\Library\PackageCache\com.unity.visualscripting@1.7.8\Editor\VisualScripting.Core\Dependencies\YamlDotNet\Unity.VisualScripting.YamlDotNet.dll
Symbol file LoadedFromMemory doesn't match image D:\GitHub Repositories\Amped-Arsenal\Amped Arsenal\Library\PackageCache\com.unity.visualscripting@1.7.8\Editor\VisualScripting.Core\Dependencies\DotNetZip\Unity.VisualScripting.IonicZip.dll
Native extension for WindowsStandalone target not found
Native extension for iOS target not found
Native extension for Android target not found
Native extension for WebGL target not found
Refreshing native plugins compatible for Editor in 1.63 ms, found 5 plugins.
Preloading 0 native plugins for Editor in 0.00 ms.
Mono: successfully reloaded assembly
- Completed reload, in  1.007 seconds
Domain Reload Profiling:
	ReloadAssembly (1007ms)
		BeginReloadAssembly (125ms)
			ExecutionOrderSort (0ms)
			DisableScriptedObjects (3ms)
			BackupInstance (0ms)
			ReleaseScriptingObjects (0ms)
			CreateAndSetChildDomain (46ms)
		EndReloadAssembly (811ms)
			LoadAssemblies (78ms)
			RebuildTransferFunctionScriptingTraits (0ms)
			SetupTypeCache (238ms)
			ReleaseScriptCaches (2ms)
			RebuildScriptCaches (59ms)
			SetupLoadedEditorAssemblies (400ms)
				LogAssemblyErrors (0ms)
				InitializePlatformSupportModulesInManaged (30ms)
				SetLoadedEditorAssemblies (0ms)
				RefreshPlugins (2ms)
				BeforeProcessingInitializeOnLoad (82ms)
				ProcessInitializeOnLoadAttributes (211ms)
				ProcessInitializeOnLoadMethodAttributes (67ms)
				AfterProcessingInitializeOnLoad (8ms)
				EditorAssembliesLoaded (0ms)
			ExecutionOrderSort2 (0ms)
			AwakeInstancesAfterBackupRestoration (7ms)
Platform modules already initialized, skipping
Shader 'MapMagic/TerrainPreviewHDRP': dependency 'BaseMapShader' shader 'Hidden/HDRP/TerrainLit_Basemap' not found
Shader 'MapMagic/TerrainPreviewHDRP': dependency 'BaseMapGenShader' shader 'Hidden/HDRP/TerrainLit_BasemapGen' not found
Shader 'MapMagic/TerrainPreviewHDRP': dependency 'BaseMapShader' shader 'Hidden/HDRP/TerrainLit_Basemap' not found
Shader 'MapMagic/TerrainPreviewHDRP': dependency 'BaseMapGenShader' shader 'Hidden/HDRP/TerrainLit_BasemapGen' not found
Refreshing native plugins compatible for Editor in 2.78 ms, found 5 plugins.
Preloading 0 native plugins for Editor in 0.00 ms.
Unloading 6598 Unused Serialized files (Serialized files now loaded: 0)
Unloading 50 unused Assets / (5.6 MB). Loaded Objects now: 7293.
Memory consumption went from 360.0 MB to 354.4 MB.
Total: 4.443600 ms (FindLiveObjects: 0.439100 ms CreateObjectMapping: 0.350700 ms MarkObjects: 2.650900 ms  DeleteObjects: 1.002200 ms)

AssetImportParameters requested are different than current active one (requested -> active):
  custom:video-decoder-ogg-theora: a1e56fd34408186e4bbccfd4996cb3dc -> 
  custom:container-muxer-webm: aa71ff27fc2769a1b78a27578f13a17b -> 
  custom:container-demuxer-webm: 4f35f7cbe854078d1ac9338744f61a02 -> 
  custom:video-encoder-webm-vp8: eb34c28f22e8b96e1ab97ce403110664 -> 
  custom:audio-encoder-webm-vorbis: bf7c407c2cedff20999df2af8eb42d56 -> 
  custom:framework-win-MediaFoundation: 216162199b28c13a410421893ffa2e32 -> 
  custom:container-demuxer-ogg: 62fdf1f143b41e24485cea50d1cbac27 -> 
  custom:video-decoder-webm-vp8: 9c59270c3fd7afecdb556c50c9e8de78 -> 
  custom:audio-decoder-ogg-vorbis: bf7c407c2cedff20999df2af8eb42d56 -> 
========================================================================
Received Import Request.
  Time since last request: 76.736110 seconds.
  path: Assets/_Assets/_Elements/_FireVFX/Prefabs/Fire Explosions/vfx_Explosion1.prefab
  artifactKey: Guid(23bfff31e0cf6a24f8bdd63fc6dcccdf) Importer(815301076,1909f56bfc062723c751e8b465ee728b)
Start importing Assets/_Assets/_Elements/_FireVFX/Prefabs/Fire Explosions/vfx_Explosion1.prefab using Guid(23bfff31e0cf6a24f8bdd63fc6dcccdf) Importer(815301076,1909f56bfc062723c751e8b465ee728b)  -> (artifact id: '8e603f88891006022add7a29e287e4a4') in 0.063887 seconds 
========================================================================
Received Import Request.
  Time since last request: 0.000018 seconds.
  path: Assets/_Assets/_Elements/_FireVFX/Prefabs/Fire Explosions/vfx_Explosion4.prefab
  artifactKey: Guid(d6bd32abe47666b49921de6308e632e4) Importer(815301076,1909f56bfc062723c751e8b465ee728b)
Start importing Assets/_Assets/_Elements/_FireVFX/Prefabs/Fire Explosions/vfx_Explosion4.prefab using Guid(d6bd32abe47666b49921de6308e632e4) Importer(815301076,1909f56bfc062723c751e8b465ee728b)  -> (artifact id: '058e486637ace6c127aab581562ee488') in 0.016018 seconds 
========================================================================
Received Import Request.
  Time since last request: 0.000032 seconds.
  path: Assets/_Assets/_Elements/_FireVFX/Prefabs/Fire Explosions/vfx_Explosion3.prefab
  artifactKey: Guid(26a99ba39a6d30149a666bf17dd07e06) Importer(815301076,1909f56bfc062723c751e8b465ee728b)
Start importing Assets/_Assets/_Elements/_FireVFX/Prefabs/Fire Explosions/vfx_Explosion3.prefab using Guid(26a99ba39a6d30149a666bf17dd07e06) Importer(815301076,1909f56bfc062723c751e8b465ee728b)  -> (artifact id: '9cbc9b3e9f249eaed51d2ce1d74cb8c1') in 0.038220 seconds 
========================================================================
Received Import Request.
  Time since last request: 1.565168 seconds.
  path: Assets/_Assets/_Elements/_FireVFX/Materials/Explosion.mat
  artifactKey: Guid(3c206f6ec2e424a489784fd2c613016d) Importer(815301076,1909f56bfc062723c751e8b465ee728b)
Start importing Assets/_Assets/_Elements/_FireVFX/Materials/Explosion.mat using Guid(3c206f6ec2e424a489784fd2c613016d) Importer(815301076,1909f56bfc062723c751e8b465ee728b)  -> (artifact id: '79c123e6943941a80b5bd7aaa9280d1c') in 0.013529 seconds 
========================================================================
Received Import Request.
  Time since last request: 17.960224 seconds.
  path: Assets/_Assets/_Elements/_FireVFX/FIreModels/Meshes/TestSphere.fbx
  artifactKey: Guid(87be66aa6f3e17e46af65e1dd0e65223) Importer(815301076,1909f56bfc062723c751e8b465ee728b)
Start importing Assets/_Assets/_Elements/_FireVFX/FIreModels/Meshes/TestSphere.fbx using Guid(87be66aa6f3e17e46af65e1dd0e65223) Importer(815301076,1909f56bfc062723c751e8b465ee728b)  -> (artifact id: '5b9fc6caad14fbda0e3978a14ea8d2fd') in 0.019849 seconds 
========================================================================
Received Prepare
Switching render pipeline 00000000000000000000000000000000 -> 9c38023a032ef2b47a2c7195d90c9043
Shader 'MapMagic/TerrainPreviewHDRP': dependency 'BaseMapShader' shader 'Hidden/HDRP/TerrainLit_Basemap' not found
Shader 'MapMagic/TerrainPreviewHDRP': dependency 'BaseMapGenShader' shader 'Hidden/HDRP/TerrainLit_BasemapGen' not found
Shader 'MapMagic/TerrainPreviewHDRP': dependency 'BaseMapShader' shader 'Hidden/HDRP/TerrainLit_Basemap' not found
Shader 'MapMagic/TerrainPreviewHDRP': dependency 'BaseMapGenShader' shader 'Hidden/HDRP/TerrainLit_BasemapGen' not found
Refreshing native plugins compatible for Editor in 5.96 ms, found 5 plugins.
Preloading 0 native plugins for Editor in 0.00 ms.
Unloading 98 Unused Serialized files (Serialized files now loaded: 0)
Unloading 50 unused Assets / (5.6 MB). Loaded Objects now: 7342.
Memory consumption went from 230.4 MB to 224.8 MB.
Total: 6.113100 ms (FindLiveObjects: 0.594800 ms CreateObjectMapping: 0.177900 ms MarkObjects: 4.278600 ms  DeleteObjects: 1.061100 ms)

AssetImportParameters requested are different than current active one (requested -> active):
  custom:video-decoder-ogg-theora: a1e56fd34408186e4bbccfd4996cb3dc -> 
  custom:container-muxer-webm: aa71ff27fc2769a1b78a27578f13a17b -> 
  custom:container-demuxer-webm: 4f35f7cbe854078d1ac9338744f61a02 -> 
  custom:video-encoder-webm-vp8: eb34c28f22e8b96e1ab97ce403110664 -> 
  custom:audio-encoder-webm-vorbis: bf7c407c2cedff20999df2af8eb42d56 -> 
  custom:framework-win-MediaFoundation: 216162199b28c13a410421893ffa2e32 -> 
  custom:container-demuxer-ogg: 62fdf1f143b41e24485cea50d1cbac27 -> 
  custom:video-decoder-webm-vp8: 9c59270c3fd7afecdb556c50c9e8de78 -> 
  custom:audio-decoder-ogg-vorbis: bf7c407c2cedff20999df2af8eb42d56 -> 
========================================================================
Received Import Request.
  Time since last request: 117.570533 seconds.
  path: Assets/_Assets/_Elements/_FireVFX/URP Settings/FireRenderer.asset
  artifactKey: Guid(9c38023a032ef2b47a2c7195d90c9043) Importer(815301076,1909f56bfc062723c751e8b465ee728b)
Start importing Assets/_Assets/_Elements/_FireVFX/URP Settings/FireRenderer.asset using Guid(9c38023a032ef2b47a2c7195d90c9043) Importer(815301076,1909f56bfc062723c751e8b465ee728b)  -> (artifact id: 'a22baa7d07277a22f269f32460aaea27') in 0.015294 seconds 
========================================================================
Received Prepare
Switching render pipeline 9c38023a032ef2b47a2c7195d90c9043 -> 00000000000000000000000000000000
Shader 'MapMagic/TerrainPreviewHDRP': dependency 'BaseMapShader' shader 'Hidden/HDRP/TerrainLit_Basemap' not found
Shader 'MapMagic/TerrainPreviewHDRP': dependency 'BaseMapGenShader' shader 'Hidden/HDRP/TerrainLit_BasemapGen' not found
Shader 'MapMagic/TerrainPreviewHDRP': dependency 'BaseMapShader' shader 'Hidden/HDRP/TerrainLit_Basemap' not found
Shader 'MapMagic/TerrainPreviewHDRP': dependency 'BaseMapGenShader' shader 'Hidden/HDRP/TerrainLit_BasemapGen' not found
Refreshing native plugins compatible for Editor in 4.33 ms, found 5 plugins.
Preloading 0 native plugins for Editor in 0.00 ms.
Unloading 51 Unused Serialized files (Serialized files now loaded: 0)
Unloading 99 unused Assets / (5.5 MB). Loaded Objects now: 7294.
Memory consumption went from 228.8 MB to 223.3 MB.
Total: 6.556900 ms (FindLiveObjects: 0.500100 ms CreateObjectMapping: 0.531400 ms MarkObjects: 3.802100 ms  DeleteObjects: 1.722500 ms)

AssetImportParameters requested are different than current active one (requested -> active):
  custom:video-decoder-ogg-theora: a1e56fd34408186e4bbccfd4996cb3dc -> 
  custom:container-muxer-webm: aa71ff27fc2769a1b78a27578f13a17b -> 
  custom:container-demuxer-webm: 4f35f7cbe854078d1ac9338744f61a02 -> 
  custom:video-encoder-webm-vp8: eb34c28f22e8b96e1ab97ce403110664 -> 
  custom:audio-encoder-webm-vorbis: bf7c407c2cedff20999df2af8eb42d56 -> 
  custom:framework-win-MediaFoundation: 216162199b28c13a410421893ffa2e32 -> 
  custom:container-demuxer-ogg: 62fdf1f143b41e24485cea50d1cbac27 -> 
  custom:video-decoder-webm-vp8: 9c59270c3fd7afecdb556c50c9e8de78 -> 
  custom:audio-decoder-ogg-vorbis: bf7c407c2cedff20999df2af8eb42d56 -> 
========================================================================
Received Import Request.
  Time since last request: 26.423985 seconds.
  path: Assets/UniversalRenderPipelineGlobalSettings.asset
  artifactKey: Guid(d20186a3c2936204ab696de98cc90ea2) Importer(815301076,1909f56bfc062723c751e8b465ee728b)
Start importing Assets/UniversalRenderPipelineGlobalSettings.asset using Guid(d20186a3c2936204ab696de98cc90ea2) Importer(815301076,1909f56bfc062723c751e8b465ee728b)  -> (artifact id: '9b0a8140945e692c27bc7ebb3ad27dcd') in 0.012255 seconds 
========================================================================
Received Import Request.
  Time since last request: 66.363966 seconds.
  path: Assets/_Assets/_Elements/_FireVFX/URP Settings/FireRenderer.asset
  artifactKey: Guid(9c38023a032ef2b47a2c7195d90c9043) Importer(815301076,1909f56bfc062723c751e8b465ee728b)
Start importing Assets/_Assets/_Elements/_FireVFX/URP Settings/FireRenderer.asset using Guid(9c38023a032ef2b47a2c7195d90c9043) Importer(815301076,1909f56bfc062723c751e8b465ee728b)  -> (artifact id: '1523b64468513a2ea03e1a02e653e60d') in 0.013878 seconds 
========================================================================
Received Import Request.
  Time since last request: 68.821278 seconds.
  path: Assets
  artifactKey: Guid(00000000000000001000000000000000) Importer(815301076,1909f56bfc062723c751e8b465ee728b)
Start importing Assets using Guid(00000000000000001000000000000000) Importer(815301076,1909f56bfc062723c751e8b465ee728b)  -> (artifact id: '79842766b460edbeab6a34051e857a80') in 0.001072 seconds 
========================================================================
Received Import Request.
  Time since last request: 37.292133 seconds.
  path: Assets/New Universal Render Pipeline Asset.asset
  artifactKey: Guid(2d3d206e85d0eac489cdea0feb16cbe5) Importer(815301076,1909f56bfc062723c751e8b465ee728b)
Start importing Assets/New Universal Render Pipeline Asset.asset using Guid(2d3d206e85d0eac489cdea0feb16cbe5) Importer(815301076,1909f56bfc062723c751e8b465ee728b)  -> (artifact id: 'de0a9f7e7cc2021dbb0142af02a745b1') in 0.012142 seconds 
========================================================================
Received Prepare
Switching render pipeline 9c38023a032ef2b47a2c7195d90c9043 -> 2d3d206e85d0eac489cdea0feb16cbe5
Shader 'MapMagic/TerrainPreviewHDRP': dependency 'BaseMapShader' shader 'Hidden/HDRP/TerrainLit_Basemap' not found
Shader 'MapMagic/TerrainPreviewHDRP': dependency 'BaseMapGenShader' shader 'Hidden/HDRP/TerrainLit_BasemapGen' not found
Shader 'MapMagic/TerrainPreviewHDRP': dependency 'BaseMapShader' shader 'Hidden/HDRP/TerrainLit_Basemap' not found
Shader 'MapMagic/TerrainPreviewHDRP': dependency 'BaseMapGenShader' shader 'Hidden/HDRP/TerrainLit_BasemapGen' not found
Refreshing native plugins compatible for Editor in 4.76 ms, found 5 plugins.
Preloading 0 native plugins for Editor in 0.00 ms.
Unloading 100 Unused Serialized files (Serialized files now loaded: 0)
Unloading 52 unused Assets / (5.6 MB). Loaded Objects now: 7342.
Memory consumption went from 230.4 MB to 224.8 MB.
Total: 5.508400 ms (FindLiveObjects: 0.668400 ms CreateObjectMapping: 0.172800 ms MarkObjects: 3.495200 ms  DeleteObjects: 1.171400 ms)

AssetImportParameters requested are different than current active one (requested -> active):
  custom:video-decoder-ogg-theora: a1e56fd34408186e4bbccfd4996cb3dc -> 
  custom:container-muxer-webm: aa71ff27fc2769a1b78a27578f13a17b -> 
  custom:container-demuxer-webm: 4f35f7cbe854078d1ac9338744f61a02 -> 
  custom:video-encoder-webm-vp8: eb34c28f22e8b96e1ab97ce403110664 -> 
  custom:audio-encoder-webm-vorbis: bf7c407c2cedff20999df2af8eb42d56 -> 
  custom:framework-win-MediaFoundation: 216162199b28c13a410421893ffa2e32 -> 
  custom:container-demuxer-ogg: 62fdf1f143b41e24485cea50d1cbac27 -> 
  custom:video-decoder-webm-vp8: 9c59270c3fd7afecdb556c50c9e8de78 -> 
  custom:audio-decoder-ogg-vorbis: bf7c407c2cedff20999df2af8eb42d56 -> 
========================================================================
Received Import Request.
  Time since last request: 29.564827 seconds.
  path: Assets/Amped Arsenal_heart.png
  artifactKey: Guid(17f565fe6798b9b4a9b3d87da4ed1b13) Importer(815301076,1909f56bfc062723c751e8b465ee728b)
Start importing Assets/Amped Arsenal_heart.png using Guid(17f565fe6798b9b4a9b3d87da4ed1b13) Importer(815301076,1909f56bfc062723c751e8b465ee728b)  -> (artifact id: 'f15b3256e5552dfe25d0e01e2c8f3923') in 0.020338 seconds 
========================================================================
Received Import Request.
  Time since last request: 0.509583 seconds.
  path: Assets/Grass1_Normal.png
  artifactKey: Guid(96ac895580b596146b1443be6cfd55ed) Importer(815301076,1909f56bfc062723c751e8b465ee728b)
Start importing Assets/Grass1_Normal.png using Guid(96ac895580b596146b1443be6cfd55ed) Importer(815301076,1909f56bfc062723c751e8b465ee728b)  -> (artifact id: '827df9c0b3c3ce66ac6fbddea9fb3c49') in 0.014824 seconds 
========================================================================
Received Import Request.
  Time since last request: 0.000017 seconds.
  path: Assets/Square.png
  artifactKey: Guid(a6d44fed27cfa214abb75810ca7908cc) Importer(815301076,1909f56bfc062723c751e8b465ee728b)
Start importing Assets/Square.png using Guid(a6d44fed27cfa214abb75810ca7908cc) Importer(815301076,1909f56bfc062723c751e8b465ee728b)  -> (artifact id: 'ac170816ad19e758c436b77b0784d3e8') in 0.019282 seconds 
========================================================================
Received Import Request.
  Time since last request: 0.000016 seconds.
  path: Assets/NewLayer 2.terrainlayer
  artifactKey: Guid(ec4315e1314090e46b7e9caef3711d69) Importer(815301076,1909f56bfc062723c751e8b465ee728b)
Start importing Assets/NewLayer 2.terrainlayer using Guid(ec4315e1314090e46b7e9caef3711d69) Importer(815301076,1909f56bfc062723c751e8b465ee728b)  -> (artifact id: '24dc99ebe6a0c53e19c018da81ee7a9f') in 0.010617 seconds 
========================================================================
Received Import Request.
  Time since last request: 0.000017 seconds.
  path: Assets/NewLayer 1.terrainlayer
  artifactKey: Guid(1eff5b997e6b02649853905477163c4e) Importer(815301076,1909f56bfc062723c751e8b465ee728b)
Start importing Assets/NewLayer 1.terrainlayer using Guid(1eff5b997e6b02649853905477163c4e) Importer(815301076,1909f56bfc062723c751e8b465ee728b)  -> (artifact id: '7e09ab319c337ab2847fd3dacf34ab2e') in 0.017417 seconds 
========================================================================
Received Import Request.
  Time since last request: 0.000021 seconds.
  path: Assets/Stones_Normal.png
  artifactKey: Guid(882efdf9d50dc1f469e340f4a13d81d4) Importer(815301076,1909f56bfc062723c751e8b465ee728b)
Start importing Assets/Stones_Normal.png using Guid(882efdf9d50dc1f469e340f4a13d81d4) Importer(815301076,1909f56bfc062723c751e8b465ee728b)  -> (artifact id: '5aa610425bff98be8ef06ce2c3224683') in 0.010785 seconds 
========================================================================
Received Import Request.
  Time since last request: 0.000025 seconds.
  path: Assets/New Universal Render Pipeline Asset_Renderer.asset
  artifactKey: Guid(b4d6400b2dd9a704e8912b39dbbfd09a) Importer(815301076,1909f56bfc062723c751e8b465ee728b)
Start importing Assets/New Universal Render Pipeline Asset_Renderer.asset using Guid(b4d6400b2dd9a704e8912b39dbbfd09a) Importer(815301076,1909f56bfc062723c751e8b465ee728b)  -> (artifact id: 'd624659a603407b8a1f90ec885b9a50e') in 0.002499 seconds 
========================================================================
Received Import Request.
  Time since last request: 0.000025 seconds.
  path: Assets/grass_2.png
  artifactKey: Guid(6d4743cfce5f4a145b41e64e01ef48eb) Importer(815301076,1909f56bfc062723c751e8b465ee728b)
Start importing Assets/grass_2.png using Guid(6d4743cfce5f4a145b41e64e01ef48eb) Importer(815301076,1909f56bfc062723c751e8b465ee728b)  -> (artifact id: '24c8223649f5e932aa27e7443c8d2869') in 0.009433 seconds 
========================================================================
Received Import Request.
  Time since last request: 39.876091 seconds.
  path: Assets/_Assets/_Elements/_FireVFX/URP Settings/FireRenderer.asset
  artifactKey: Guid(9c38023a032ef2b47a2c7195d90c9043) Importer(815301076,1909f56bfc062723c751e8b465ee728b)
Start importing Assets/_Assets/_Elements/_FireVFX/URP Settings/FireRenderer.asset using Guid(9c38023a032ef2b47a2c7195d90c9043) Importer(815301076,1909f56bfc062723c751e8b465ee728b)  -> (artifact id: '1004affdec70d1bcd93bee8f9a0a0597') in 0.002279 seconds 
========================================================================
Received Prepare
Switching render pipeline 9c38023a032ef2b47a2c7195d90c9043 -> 00000000000000000000000000000000
Shader 'MapMagic/TerrainPreviewHDRP': dependency 'BaseMapShader' shader 'Hidden/HDRP/TerrainLit_Basemap' not found
Shader 'MapMagic/TerrainPreviewHDRP': dependency 'BaseMapGenShader' shader 'Hidden/HDRP/TerrainLit_BasemapGen' not found
Shader 'MapMagic/TerrainPreviewHDRP': dependency 'BaseMapShader' shader 'Hidden/HDRP/TerrainLit_Basemap' not found
Shader 'MapMagic/TerrainPreviewHDRP': dependency 'BaseMapGenShader' shader 'Hidden/HDRP/TerrainLit_BasemapGen' not found
Refreshing native plugins compatible for Editor in 4.50 ms, found 5 plugins.
Preloading 0 native plugins for Editor in 0.00 ms.
Unloading 52 Unused Serialized files (Serialized files now loaded: 0)
Unloading 100 unused Assets / (5.6 MB). Loaded Objects now: 7301.
Memory consumption went from 229.4 MB to 223.8 MB.
Total: 7.219500 ms (FindLiveObjects: 0.984400 ms CreateObjectMapping: 0.197600 ms MarkObjects: 4.566600 ms  DeleteObjects: 1.470100 ms)

AssetImportParameters requested are different than current active one (requested -> active):
  custom:video-decoder-ogg-theora: a1e56fd34408186e4bbccfd4996cb3dc -> 
  custom:container-muxer-webm: aa71ff27fc2769a1b78a27578f13a17b -> 
  custom:container-demuxer-webm: 4f35f7cbe854078d1ac9338744f61a02 -> 
  custom:video-encoder-webm-vp8: eb34c28f22e8b96e1ab97ce403110664 -> 
  custom:audio-encoder-webm-vorbis: bf7c407c2cedff20999df2af8eb42d56 -> 
  custom:framework-win-MediaFoundation: 216162199b28c13a410421893ffa2e32 -> 
  custom:container-demuxer-ogg: 62fdf1f143b41e24485cea50d1cbac27 -> 
  custom:video-decoder-webm-vp8: 9c59270c3fd7afecdb556c50c9e8de78 -> 
  custom:audio-decoder-ogg-vorbis: bf7c407c2cedff20999df2af8eb42d56 -> 
========================================================================
Received Import Request.
  Time since last request: 27.390879 seconds.
  path: Assets/_Assets/_Elements/_FireVFX/Prefabs/Fire Pillars/vfx_FlamesPillar2.prefab
  artifactKey: Guid(ac3cb52360d44864189cb6c8b1b0300a) Importer(815301076,1909f56bfc062723c751e8b465ee728b)
Start importing Assets/_Assets/_Elements/_FireVFX/Prefabs/Fire Pillars/vfx_FlamesPillar2.prefab using Guid(ac3cb52360d44864189cb6c8b1b0300a) Importer(815301076,1909f56bfc062723c751e8b465ee728b)  -> (artifact id: '9fcdb96ed8aa4bc2e6a8367cd4678798') in 0.020173 seconds 
========================================================================
Received Import Request.
  Time since last request: 6.795817 seconds.
  path: Assets/_Assets/_Elements/Textures/Noise_6.png
  artifactKey: Guid(e76d77593ab42b94d9c94e9c1e6bd179) Importer(815301076,1909f56bfc062723c751e8b465ee728b)
Start importing Assets/_Assets/_Elements/Textures/Noise_6.png using Guid(e76d77593ab42b94d9c94e9c1e6bd179) Importer(815301076,1909f56bfc062723c751e8b465ee728b)  -> (artifact id: '41b628b4414ae4d2837776307d473cf0') in 0.016222 seconds 
========================================================================
Received Import Request.
  Time since last request: 108.321331 seconds.
  path: Assets/NewLayer.terrainlayer
  artifactKey: Guid(046f3a8dfc553b74787b66319ddbcd39) Importer(815301076,1909f56bfc062723c751e8b465ee728b)
Start importing Assets/NewLayer.terrainlayer using Guid(046f3a8dfc553b74787b66319ddbcd39) Importer(815301076,1909f56bfc062723c751e8b465ee728b)  -> (artifact id: 'aa62c7fb2c8fadf56e55b226bf7160c7') in 0.006457 seconds 
========================================================================
Received Prepare
Switching render pipeline 9c38023a032ef2b47a2c7195d90c9043 -> 2d3d206e85d0eac489cdea0feb16cbe5
Shader 'MapMagic/TerrainPreviewHDRP': dependency 'BaseMapShader' shader 'Hidden/HDRP/TerrainLit_Basemap' not found
Shader 'MapMagic/TerrainPreviewHDRP': dependency 'BaseMapGenShader' shader 'Hidden/HDRP/TerrainLit_BasemapGen' not found
Shader 'MapMagic/TerrainPreviewHDRP': dependency 'BaseMapShader' shader 'Hidden/HDRP/TerrainLit_Basemap' not found
Shader 'MapMagic/TerrainPreviewHDRP': dependency 'BaseMapGenShader' shader 'Hidden/HDRP/TerrainLit_BasemapGen' not found
Refreshing native plugins compatible for Editor in 4.64 ms, found 5 plugins.
Preloading 0 native plugins for Editor in 0.00 ms.
Unloading 100 Unused Serialized files (Serialized files now loaded: 0)
Unloading 52 unused Assets / (5.6 MB). Loaded Objects now: 7349.
Memory consumption went from 230.9 MB to 225.3 MB.
Total: 5.326800 ms (FindLiveObjects: 0.435900 ms CreateObjectMapping: 0.134400 ms MarkObjects: 3.636100 ms  DeleteObjects: 1.120200 ms)

AssetImportParameters requested are different than current active one (requested -> active):
  custom:video-decoder-ogg-theora: a1e56fd34408186e4bbccfd4996cb3dc -> 
  custom:container-muxer-webm: aa71ff27fc2769a1b78a27578f13a17b -> 
  custom:container-demuxer-webm: 4f35f7cbe854078d1ac9338744f61a02 -> 
  custom:video-encoder-webm-vp8: eb34c28f22e8b96e1ab97ce403110664 -> 
  custom:audio-encoder-webm-vorbis: bf7c407c2cedff20999df2af8eb42d56 -> 
  custom:framework-win-MediaFoundation: 216162199b28c13a410421893ffa2e32 -> 
  custom:container-demuxer-ogg: 62fdf1f143b41e24485cea50d1cbac27 -> 
  custom:video-decoder-webm-vp8: 9c59270c3fd7afecdb556c50c9e8de78 -> 
  custom:audio-decoder-ogg-vorbis: bf7c407c2cedff20999df2af8eb42d56 -> 
========================================================================
Received Import Request.
  Time since last request: 357.088732 seconds.
  path: Assets/NewLayer.terrainlayer
  artifactKey: Guid(046f3a8dfc553b74787b66319ddbcd39) Importer(815301076,1909f56bfc062723c751e8b465ee728b)
Start importing Assets/NewLayer.terrainlayer using Guid(046f3a8dfc553b74787b66319ddbcd39) Importer(815301076,1909f56bfc062723c751e8b465ee728b)  -> (artifact id: '28b2f4b2fad6e68918e85ac336e99da7') in 0.020813 seconds 
========================================================================
Received Import Request.
  Time since last request: 0.000028 seconds.
  path: Assets/_Assets/_Elements/_FireVFX/FIreModels/Meshes/TestSphere.fbx
  artifactKey: Guid(87be66aa6f3e17e46af65e1dd0e65223) Importer(815301076,1909f56bfc062723c751e8b465ee728b)
Start importing Assets/_Assets/_Elements/_FireVFX/FIreModels/Meshes/TestSphere.fbx using Guid(87be66aa6f3e17e46af65e1dd0e65223) Importer(815301076,1909f56bfc062723c751e8b465ee728b)  -> (artifact id: '945b10974c8665fea65b455960055fa4') in 0.129788 seconds 
========================================================================
Received Prepare
Switching render pipeline 9c38023a032ef2b47a2c7195d90c9043 -> 00000000000000000000000000000000
Shader 'MapMagic/TerrainPreviewHDRP': dependency 'BaseMapShader' shader 'Hidden/HDRP/TerrainLit_Basemap' not found
Shader 'MapMagic/TerrainPreviewHDRP': dependency 'BaseMapGenShader' shader 'Hidden/HDRP/TerrainLit_BasemapGen' not found
Shader 'MapMagic/TerrainPreviewHDRP': dependency 'BaseMapShader' shader 'Hidden/HDRP/TerrainLit_Basemap' not found
Shader 'MapMagic/TerrainPreviewHDRP': dependency 'BaseMapGenShader' shader 'Hidden/HDRP/TerrainLit_BasemapGen' not found
Refreshing native plugins compatible for Editor in 4.23 ms, found 5 plugins.
Preloading 0 native plugins for Editor in 0.00 ms.
Unloading 52 Unused Serialized files (Serialized files now loaded: 0)
Unloading 87 unused Assets / (5.7 MB). Loaded Objects now: 7394.
Memory consumption went from 231.9 MB to 226.3 MB.
Total: 8.248300 ms (FindLiveObjects: 0.449400 ms CreateObjectMapping: 0.133200 ms MarkObjects: 3.849700 ms  DeleteObjects: 3.815400 ms)

AssetImportParameters requested are different than current active one (requested -> active):
  custom:video-decoder-ogg-theora: a1e56fd34408186e4bbccfd4996cb3dc -> 
  custom:container-muxer-webm: aa71ff27fc2769a1b78a27578f13a17b -> 
  custom:container-demuxer-webm: 4f35f7cbe854078d1ac9338744f61a02 -> 
  custom:video-encoder-webm-vp8: eb34c28f22e8b96e1ab97ce403110664 -> 
  custom:audio-encoder-webm-vorbis: bf7c407c2cedff20999df2af8eb42d56 -> 
  custom:framework-win-MediaFoundation: 216162199b28c13a410421893ffa2e32 -> 
  custom:container-demuxer-ogg: 62fdf1f143b41e24485cea50d1cbac27 -> 
  custom:video-decoder-webm-vp8: 9c59270c3fd7afecdb556c50c9e8de78 -> 
  custom:audio-decoder-ogg-vorbis: bf7c407c2cedff20999df2af8eb42d56 -> 
========================================================================
Received Import Request.
  Time since last request: 262.995499 seconds.
  path: Assets/_Assets/_Elements/_FireVFX/Materials/AddUnlit.mat
  artifactKey: Guid(b4bd1d7eb7e14ae4288ebe7054c2541e) Importer(815301076,1909f56bfc062723c751e8b465ee728b)
Start importing Assets/_Assets/_Elements/_FireVFX/Materials/AddUnlit.mat using Guid(b4bd1d7eb7e14ae4288ebe7054c2541e) Importer(815301076,1909f56bfc062723c751e8b465ee728b)  -> (artifact id: '8a6e2051f13a687ed18cb520b0882fab') in 0.047988 seconds 
========================================================================
Received Import Request.
  Time since last request: 0.496004 seconds.
  path: Assets/_Assets/_Elements/_FireVFX/Materials/AlphaUnlit.mat
  artifactKey: Guid(6bf8a41a3696dd74daf235ee6d1aa0dd) Importer(815301076,1909f56bfc062723c751e8b465ee728b)
Start importing Assets/_Assets/_Elements/_FireVFX/Materials/AlphaUnlit.mat using Guid(6bf8a41a3696dd74daf235ee6d1aa0dd) Importer(815301076,1909f56bfc062723c751e8b465ee728b)  -> (artifact id: '170e8de65d83a89252ba0538d93448ad') in 0.006366 seconds 
========================================================================
Received Import Request.
  Time since last request: 0.000020 seconds.
  path: Assets/_Assets/_Elements/_FireVFX/Materials/Shader Graphs_Tornado.mat
  artifactKey: Guid(76fd6de1729f76c4580ad7dce373676c) Importer(815301076,1909f56bfc062723c751e8b465ee728b)
Start importing Assets/_Assets/_Elements/_FireVFX/Materials/Shader Graphs_Tornado.mat using Guid(76fd6de1729f76c4580ad7dce373676c) Importer(815301076,1909f56bfc062723c751e8b465ee728b)  -> (artifact id: 'c593e8fb3dc2c27c185c34516b4db130') in 0.163708 seconds 
========================================================================
Received Import Request.
  Time since last request: 0.000025 seconds.
  path: Assets/_Assets/_Elements/_FireVFX/Materials/Cloud.mat
  artifactKey: Guid(2244fab169ff5a7499f2e3d8d695c7ce) Importer(815301076,1909f56bfc062723c751e8b465ee728b)
Start importing Assets/_Assets/_Elements/_FireVFX/Materials/Cloud.mat using Guid(2244fab169ff5a7499f2e3d8d695c7ce) Importer(815301076,1909f56bfc062723c751e8b465ee728b)  -> (artifact id: '3dc249d6ad1f29f7c9e50b3381d67a9f') in 0.007834 seconds 
========================================================================
Received Import Request.
  Time since last request: 0.000041 seconds.
  path: Assets/_Assets/_Elements/_FireVFX/Materials/StylePillar.mat
  artifactKey: Guid(778723a6909a5664f9f260bde2d41ffc) Importer(815301076,1909f56bfc062723c751e8b465ee728b)
Start importing Assets/_Assets/_Elements/_FireVFX/Materials/StylePillar.mat using Guid(778723a6909a5664f9f260bde2d41ffc) Importer(815301076,1909f56bfc062723c751e8b465ee728b)  -> (artifact id: '87ba9451af68ba8ba6bbcde6734ccffc') in 0.010815 seconds 
========================================================================
Received Import Request.
  Time since last request: 0.000024 seconds.
  path: Assets/_Assets/_Elements/_FireVFX/Materials/StyleFlames.mat
  artifactKey: Guid(fcee8164cc215204e894dcb1e198866a) Importer(815301076,1909f56bfc062723c751e8b465ee728b)
Start importing Assets/_Assets/_Elements/_FireVFX/Materials/StyleFlames.mat using Guid(fcee8164cc215204e894dcb1e198866a) Importer(815301076,1909f56bfc062723c751e8b465ee728b)  -> (artifact id: '34740c021c8d3798ec8a2f825fd90f1c') in 0.011548 seconds 
========================================================================
Received Import Request.
  Time since last request: 0.000032 seconds.
  path: Assets/_Assets/_Elements/_FireVFX/Materials/Shader Graphs_TrailEffect.mat
  artifactKey: Guid(b43dddf4f41272e4ba6fde98428fb8cc) Importer(815301076,1909f56bfc062723c751e8b465ee728b)
Start importing Assets/_Assets/_Elements/_FireVFX/Materials/Shader Graphs_TrailEffect.mat using Guid(b43dddf4f41272e4ba6fde98428fb8cc) Importer(815301076,1909f56bfc062723c751e8b465ee728b)  -> (artifact id: 'da8dd269e3b39802be9696de68a6a6e4') in 0.130051 seconds 
========================================================================
Received Import Request.
  Time since last request: 4.138882 seconds.
  path: Assets/_Assets/_Elements/Textures/2.jpg.png
  artifactKey: Guid(b84ff1d991df7a94dbfbda4097f86ce2) Importer(815301076,1909f56bfc062723c751e8b465ee728b)
Start importing Assets/_Assets/_Elements/Textures/2.jpg.png using Guid(b84ff1d991df7a94dbfbda4097f86ce2) Importer(815301076,1909f56bfc062723c751e8b465ee728b)  -> (artifact id: '6954b485842cd304e5daf7af9ede36b7') in 0.041258 seconds 
========================================================================
Received Import Request.
  Time since last request: 133.616043 seconds.
  path: Assets/_Assets/_Elements/_FireVFX/Materials/AlphaOpaqueUnlit.mat
  artifactKey: Guid(30920e58f6651164c912eac9f59e31e7) Importer(815301076,1909f56bfc062723c751e8b465ee728b)
Start importing Assets/_Assets/_Elements/_FireVFX/Materials/AlphaOpaqueUnlit.mat using Guid(30920e58f6651164c912eac9f59e31e7) Importer(815301076,1909f56bfc062723c751e8b465ee728b)  -> (artifact id: '384f1243d0de40373c44b0f8499fec30') in 0.215626 seconds 
========================================================================
Received Import Request.
  Time since last request: 214.053063 seconds.
  path: Assets/New Universal Render Pipeline Asset_Renderer.asset
  artifactKey: Guid(b4d6400b2dd9a704e8912b39dbbfd09a) Importer(815301076,1909f56bfc062723c751e8b465ee728b)
Start importing Assets/New Universal Render Pipeline Asset_Renderer.asset using Guid(b4d6400b2dd9a704e8912b39dbbfd09a) Importer(815301076,1909f56bfc062723c751e8b465ee728b)  -> (artifact id: 'fc61dbf51f4c809735b3dac8a57c3456') in 0.001802 seconds 
========================================================================
Received Import Request.
  Time since last request: 12.743682 seconds.
  path: Assets/_Assets/_Elements/_FireVFX/Shaders/AddUnlit.shadergraph
  artifactKey: Guid(a19cfcefebcb16a4b979557404cf7eb5) Importer(815301076,1909f56bfc062723c751e8b465ee728b)
Start importing Assets/_Assets/_Elements/_FireVFX/Shaders/AddUnlit.shadergraph using Guid(a19cfcefebcb16a4b979557404cf7eb5) Importer(815301076,1909f56bfc062723c751e8b465ee728b)  -> (artifact id: '888fd22b70ce25928e4b978e64c4da63') in 0.002915 seconds 
========================================================================
Received Import Request.
  Time since last request: 26.506887 seconds.
  path: Assets/_Assets/_Elements/_FireVFX/Shaders/AlphaOpaqueUnlitDissolve.shadergraph
  artifactKey: Guid(6544f8325d5f19f42ab362b5d2299cdf) Importer(815301076,1909f56bfc062723c751e8b465ee728b)
Start importing Assets/_Assets/_Elements/_FireVFX/Shaders/AlphaOpaqueUnlitDissolve.shadergraph using Guid(6544f8325d5f19f42ab362b5d2299cdf) Importer(815301076,1909f56bfc062723c751e8b465ee728b)  -> (artifact id: '1881f58e0d08878f86aaf9dfcfefbf99') in 0.001589 seconds 
========================================================================
Received Import Request.
  Time since last request: 21.875505 seconds.
  path: Assets/_Assets/_Elements/_FireVFX/Shaders/Tornado.shadergraph
  artifactKey: Guid(146edc6e866fd4d47b245712fd7ba82d) Importer(815301076,1909f56bfc062723c751e8b465ee728b)
Start importing Assets/_Assets/_Elements/_FireVFX/Shaders/Tornado.shadergraph using Guid(146edc6e866fd4d47b245712fd7ba82d) Importer(815301076,1909f56bfc062723c751e8b465ee728b)  -> (artifact id: '25112b14296e5183dd072cd6b8b73f21') in 0.002814 seconds 
========================================================================
Received Import Request.
  Time since last request: 9.339592 seconds.
  path: Assets/_Assets/_Elements/_FireVFX/Shaders
  artifactKey: Guid(9552d555642d6e34b91e4ea12e969a10) Importer(815301076,1909f56bfc062723c751e8b465ee728b)
Start importing Assets/_Assets/_Elements/_FireVFX/Shaders using Guid(9552d555642d6e34b91e4ea12e969a10) Importer(815301076,1909f56bfc062723c751e8b465ee728b)  -> (artifact id: '1484a7cbf9cb158e67cee18a2ec82713') in 0.001256 seconds 
========================================================================
Received Import Request.
  Time since last request: 26.477518 seconds.
  path: Assets/_Assets/_Elements/_FireVFX/Shaders/TrailEffect.shadergraph
  artifactKey: Guid(a226bf015a319854aa7c4a20f5a913b7) Importer(815301076,1909f56bfc062723c751e8b465ee728b)
Start importing Assets/_Assets/_Elements/_FireVFX/Shaders/TrailEffect.shadergraph using Guid(a226bf015a319854aa7c4a20f5a913b7) Importer(815301076,1909f56bfc062723c751e8b465ee728b)  -> (artifact id: 'd69dc10cb4615813a3967101df7e5a34') in 0.002644 seconds 
========================================================================
Received Import Request.
  Time since last request: 23.567642 seconds.
  path: Assets/_Assets/_Elements/_FireVFX/Shaders/NewUnlitShader.shader
  artifactKey: Guid(27336edae3257d14b9cd066fb5779b53) Importer(815301076,1909f56bfc062723c751e8b465ee728b)
Start importing Assets/_Assets/_Elements/_FireVFX/Shaders/NewUnlitShader.shader using Guid(27336edae3257d14b9cd066fb5779b53) Importer(815301076,1909f56bfc062723c751e8b465ee728b)  -> (artifact id: 'c888d24950e04aa78738e732f6e9490d') in 0.004403 seconds 
========================================================================
Received Import Request.
  Time since last request: 33.173314 seconds.
  path: Assets/_Assets/_Elements/Textures/3.jpg.png
  artifactKey: Guid(04fd0f38f725c594082e4de66c12861a) Importer(815301076,1909f56bfc062723c751e8b465ee728b)
Start importing Assets/_Assets/_Elements/Textures/3.jpg.png using Guid(04fd0f38f725c594082e4de66c12861a) Importer(815301076,1909f56bfc062723c751e8b465ee728b)  -> (artifact id: '2cf9c91c9014e9238927ae09d898a3e8') in 0.064694 seconds 
========================================================================
Received Import Request.
  Time since last request: 4.185975 seconds.
  path: Assets/_Assets/_Elements/_FireVFX/Shaders/NewUnlitShader.shader
  artifactKey: Guid(27336edae3257d14b9cd066fb5779b53) Importer(815301076,1909f56bfc062723c751e8b465ee728b)
Start importing Assets/_Assets/_Elements/_FireVFX/Shaders/NewUnlitShader.shader using Guid(27336edae3257d14b9cd066fb5779b53) Importer(815301076,1909f56bfc062723c751e8b465ee728b)  -> (artifact id: 'ba3582b2f934161e541fada36b794437') in 0.001790 seconds 
========================================================================
Received Import Request.
  Time since last request: 2.600463 seconds.
  path: Assets/_Assets/_Elements/_FireVFX/Shaders/StyleSmoke.shadergraph
  artifactKey: Guid(419c1b367d84cab4594ea5d5253bceee) Importer(815301076,1909f56bfc062723c751e8b465ee728b)
Start importing Assets/_Assets/_Elements/_FireVFX/Shaders/StyleSmoke.shadergraph using Guid(419c1b367d84cab4594ea5d5253bceee) Importer(815301076,1909f56bfc062723c751e8b465ee728b)  -> (artifact id: 'a21483101a99d870cce67cf922a09d47') in 0.002479 seconds 
========================================================================
Received Import Request.
  Time since last request: 118.669465 seconds.
  path: Assets/_Assets/_Elements/_FireVFX/Shaders/TrailEffect 1.shadergraph
  artifactKey: Guid(e9ee552a1db0bb64ca95b1282323d8a0) Importer(815301076,1909f56bfc062723c751e8b465ee728b)
Start importing Assets/_Assets/_Elements/_FireVFX/Shaders/TrailEffect 1.shadergraph using Guid(e9ee552a1db0bb64ca95b1282323d8a0) Importer(815301076,1909f56bfc062723c751e8b465ee728b)  -> (artifact id: '728c443942d44907154a09ab0dc4b098') in 0.002425 seconds 
========================================================================
Received Import Request.
  Time since last request: 10.226114 seconds.
  path: Assets/_Assets/_Elements/_FireVFX/Shaders/NewShaderVariants.shadervariants
  artifactKey: Guid(a98e2fd0b2362564b9a5644635dea58d) Importer(815301076,1909f56bfc062723c751e8b465ee728b)
Start importing Assets/_Assets/_Elements/_FireVFX/Shaders/NewShaderVariants.shadervariants using Guid(a98e2fd0b2362564b9a5644635dea58d) Importer(815301076,1909f56bfc062723c751e8b465ee728b)  -> (artifact id: '8e69b8f2fef3e4063ef07d6d5e428266') in 0.002966 seconds 
========================================================================
Received Import Request.
  Time since last request: 61.242304 seconds.
  path: Assets/_Assets/_Elements/_FireVFX/Materials/AlphaOpaqueUnlit.mat
  artifactKey: Guid(30920e58f6651164c912eac9f59e31e7) Importer(815301076,1909f56bfc062723c751e8b465ee728b)
Start importing Assets/_Assets/_Elements/_FireVFX/Materials/AlphaOpaqueUnlit.mat using Guid(30920e58f6651164c912eac9f59e31e7) Importer(815301076,1909f56bfc062723c751e8b465ee728b)  -> (artifact id: 'c641891f460c58a3446da5bce4c20124') in 0.010145 seconds 
========================================================================
Received Import Request.
  Time since last request: 4.952056 seconds.
  path: Assets/_Assets/_Elements/_FireVFX/Sounds/Echoed.wav
  artifactKey: Guid(88128b405def7664e883d362a9408bcc) Importer(815301076,1909f56bfc062723c751e8b465ee728b)
Start importing Assets/_Assets/_Elements/_FireVFX/Sounds/Echoed.wav using Guid(88128b405def7664e883d362a9408bcc) Importer(815301076,1909f56bfc062723c751e8b465ee728b)  -> (artifact id: '1488bbae8ae5eb85a735514839a670b9') in 0.493333 seconds 
========================================================================
Received Import Request.
  Time since last request: 9.496359 seconds.
  path: Assets/_Assets/_Elements/_FireVFX/Materials/Skybox/Skybox.mat
  artifactKey: Guid(88e4c5f4d4c12e743a6a74ac1b93f4c8) Importer(815301076,1909f56bfc062723c751e8b465ee728b)
Start importing Assets/_Assets/_Elements/_FireVFX/Materials/Skybox/Skybox.mat using Guid(88e4c5f4d4c12e743a6a74ac1b93f4c8) Importer(815301076,1909f56bfc062723c751e8b465ee728b)  -> (artifact id: 'fb4e548af258ebae7ca1dc540c22ace2') in 0.014600 seconds 
========================================================================
Received Import Request.
  Time since last request: 0.704579 seconds.
  path: Assets/_Assets/_Elements/_FireVFX/Materials/FireMaterials/FlameAdd.mat
  artifactKey: Guid(d7a438d52eb8df745918b9bce4dce809) Importer(815301076,1909f56bfc062723c751e8b465ee728b)
Start importing Assets/_Assets/_Elements/_FireVFX/Materials/FireMaterials/FlameAdd.mat using Guid(d7a438d52eb8df745918b9bce4dce809) Importer(815301076,1909f56bfc062723c751e8b465ee728b)  -> (artifact id: 'f4017ea8565567372e4f44290906f35f') in 0.005851 seconds 
========================================================================
Received Import Request.
  Time since last request: 0.541818 seconds.
  path: Assets/_Assets/_Elements/_FireVFX/Materials/FireMaterials/FlameAlpha 1.mat
  artifactKey: Guid(fe6b1f3ae6d654a49ae526e1c82129d4) Importer(815301076,1909f56bfc062723c751e8b465ee728b)
Start importing Assets/_Assets/_Elements/_FireVFX/Materials/FireMaterials/FlameAlpha 1.mat using Guid(fe6b1f3ae6d654a49ae526e1c82129d4) Importer(815301076,1909f56bfc062723c751e8b465ee728b)  -> (artifact id: '24ab8644078eb66c181c3c0a2dff066e') in 0.005700 seconds 
========================================================================
Received Import Request.
  Time since last request: 0.000020 seconds.
  path: Assets/_Assets/_Elements/_FireVFX/Materials/FireMaterials/Standardparticle.mat
  artifactKey: Guid(233c17f0096b07849bce131d0bd6eb29) Importer(815301076,1909f56bfc062723c751e8b465ee728b)
Start importing Assets/_Assets/_Elements/_FireVFX/Materials/FireMaterials/Standardparticle.mat using Guid(233c17f0096b07849bce131d0bd6eb29) Importer(815301076,1909f56bfc062723c751e8b465ee728b)  -> (artifact id: 'c81ad4f919051ed16dade47b0c703464') in 0.009352 seconds 
========================================================================
Received Import Request.
  Time since last request: 2.656710 seconds.
  path: Assets/_Assets/_Elements/_FireVFX/FIreModels/Meshes/Barrall.fbx
  artifactKey: Guid(28bb19619c98aa1418abfaeb75081d18) Importer(815301076,1909f56bfc062723c751e8b465ee728b)
Start importing Assets/_Assets/_Elements/_FireVFX/FIreModels/Meshes/Barrall.fbx using Guid(28bb19619c98aa1418abfaeb75081d18) Importer(815301076,1909f56bfc062723c751e8b465ee728b)  -> (artifact id: 'c5ba0d20230a4080085866c7d09c923e') in 0.010159 seconds 
========================================================================
Received Import Request.
  Time since last request: 0.000019 seconds.
  path: Assets/_Assets/_Elements/_FireVFX/FIreModels/Meshes/Torch.fbx
  artifactKey: Guid(127fdeb687ce15540b8da71b01bf9f75) Importer(815301076,1909f56bfc062723c751e8b465ee728b)
Start importing Assets/_Assets/_Elements/_FireVFX/FIreModels/Meshes/Torch.fbx using Guid(127fdeb687ce15540b8da71b01bf9f75) Importer(815301076,1909f56bfc062723c751e8b465ee728b)  -> (artifact id: 'babefe17938b4cafe8161ea85017f634') in 0.007900 seconds 
========================================================================
Received Import Request.
  Time since last request: 33.964843 seconds.
  path: Assets/_Assets/_Elements/Textures/Clouds5x5.png
  artifactKey: Guid(ec0b4033f7f5d4541ad140d93f163ad9) Importer(815301076,1909f56bfc062723c751e8b465ee728b)
Start importing Assets/_Assets/_Elements/Textures/Clouds5x5.png using Guid(ec0b4033f7f5d4541ad140d93f163ad9) Importer(815301076,1909f56bfc062723c751e8b465ee728b)  -> (artifact id: '9f6fa5d478975296e4aa0050290081c9') in 0.115481 seconds 
========================================================================
Received Import Request.
  Time since last request: 0.000020 seconds.
  path: Assets/_Assets/_Elements/Textures/GradientRepeating.png
  artifactKey: Guid(e3f6f42b871f26147931f5e3f04078a2) Importer(815301076,1909f56bfc062723c751e8b465ee728b)
Start importing Assets/_Assets/_Elements/Textures/GradientRepeating.png using Guid(e3f6f42b871f26147931f5e3f04078a2) Importer(815301076,1909f56bfc062723c751e8b465ee728b)  -> (artifact id: '915acd31790569937a4d35e779ce6745') in 0.007324 seconds 
========================================================================
Received Import Request.
  Time since last request: 0.000024 seconds.
  path: Assets/_Assets/_Elements/Textures/GradientCircle.png
  artifactKey: Guid(8821ad684954b3443900427e31893423) Importer(815301076,1909f56bfc062723c751e8b465ee728b)
Start importing Assets/_Assets/_Elements/Textures/GradientCircle.png using Guid(8821ad684954b3443900427e31893423) Importer(815301076,1909f56bfc062723c751e8b465ee728b)  -> (artifact id: '0f370eb52b6e813614eeb1347da473b7') in 0.046360 seconds 
========================================================================
Received Import Request.
  Time since last request: 0.000024 seconds.
  path: Assets/_Assets/_Elements/Textures/SeamlessNoise.png
  artifactKey: Guid(533269b8538441c48aebba5dba467296) Importer(815301076,1909f56bfc062723c751e8b465ee728b)
Start importing Assets/_Assets/_Elements/Textures/SeamlessNoise.png using Guid(533269b8538441c48aebba5dba467296) Importer(815301076,1909f56bfc062723c751e8b465ee728b)  -> (artifact id: 'e8bba3283f25b2a127c3ee74b0bbff1f') in 0.007338 seconds 
========================================================================
Received Import Request.
  Time since last request: 0.000030 seconds.
  path: Assets/_Assets/_Elements/Textures/Noise_5.png
  artifactKey: Guid(7f6652109ccb3b04496a7a4bff85b044) Importer(815301076,1909f56bfc062723c751e8b465ee728b)
Start importing Assets/_Assets/_Elements/Textures/Noise_5.png using Guid(7f6652109ccb3b04496a7a4bff85b044) Importer(815301076,1909f56bfc062723c751e8b465ee728b)  -> (artifact id: '282118a963a0cc03d33fe82ab25319e4') in 0.007601 seconds 
========================================================================
Received Import Request.
  Time since last request: 0.000019 seconds.
  path: Assets/_Assets/_Elements/Textures/uvFoamWorld.png
  artifactKey: Guid(39fdc7da70aa9a7469a44a7a7dea324e) Importer(815301076,1909f56bfc062723c751e8b465ee728b)
Start importing Assets/_Assets/_Elements/Textures/uvFoamWorld.png using Guid(39fdc7da70aa9a7469a44a7a7dea324e) Importer(815301076,1909f56bfc062723c751e8b465ee728b)  -> (artifact id: '209c28766b6a6363ff80df0c78fec239') in 0.037426 seconds 
========================================================================
Received Import Request.
  Time since last request: 0.000020 seconds.
  path: Assets/_Assets/_Elements/Textures/SoftFlame2.png
  artifactKey: Guid(efb1173381a94e24fa87ed034bae1201) Importer(815301076,1909f56bfc062723c751e8b465ee728b)
Start importing Assets/_Assets/_Elements/Textures/SoftFlame2.png using Guid(efb1173381a94e24fa87ed034bae1201) Importer(815301076,1909f56bfc062723c751e8b465ee728b)  -> (artifact id: '2ed2bc21f236b23f1f1e202d36d9ecd7') in 0.040836 seconds 
========================================================================
Received Import Request.
  Time since last request: 0.000017 seconds.
  path: Assets/_Assets/_Elements/Textures/Explosion5x5.png
  artifactKey: Guid(3e1376e0144b0ed4a9c822b227a909b4) Importer(815301076,1909f56bfc062723c751e8b465ee728b)
Start importing Assets/_Assets/_Elements/Textures/Explosion5x5.png using Guid(3e1376e0144b0ed4a9c822b227a909b4) Importer(815301076,1909f56bfc062723c751e8b465ee728b)  -> (artifact id: 'c612d28055a77a4f74d9a79e16209493') in 0.073158 seconds 
========================================================================
Received Import Request.
  Time since last request: 0.000020 seconds.
  path: Assets/_Assets/_Elements/Textures/GradientRepeatingBlur2.png
  artifactKey: Guid(7359314f52348c641be7dd1d60d67401) Importer(815301076,1909f56bfc062723c751e8b465ee728b)
Start importing Assets/_Assets/_Elements/Textures/GradientRepeatingBlur2.png using Guid(7359314f52348c641be7dd1d60d67401) Importer(815301076,1909f56bfc062723c751e8b465ee728b)  -> (artifact id: 'c4f3346260211b667c28b054ed04913a') in 0.006069 seconds 
========================================================================
Received Import Request.
  Time since last request: 0.000020 seconds.
  path: Assets/_Assets/_Elements/Textures/RingHit.png
  artifactKey: Guid(6ea09a4ba55f65f4ebb77c1c76da6fd5) Importer(815301076,1909f56bfc062723c751e8b465ee728b)
Start importing Assets/_Assets/_Elements/Textures/RingHit.png using Guid(6ea09a4ba55f65f4ebb77c1c76da6fd5) Importer(815301076,1909f56bfc062723c751e8b465ee728b)  -> (artifact id: 'a37580cd9fe5baf82db617d31c14c09a') in 0.005900 seconds 
========================================================================
Received Import Request.
  Time since last request: 0.000023 seconds.
  path: Assets/_Assets/_Elements/Textures/Gradient4.png
  artifactKey: Guid(dfdf449cfda94cc45a5a259d050f22d6) Importer(815301076,1909f56bfc062723c751e8b465ee728b)
Start importing Assets/_Assets/_Elements/Textures/Gradient4.png using Guid(dfdf449cfda94cc45a5a259d050f22d6) Importer(815301076,1909f56bfc062723c751e8b465ee728b)  -> (artifact id: 'fa3c408be7b77f8634d013837b084bab') in 0.033624 seconds 
========================================================================
Received Import Request.
  Time since last request: 0.000036 seconds.
  path: Assets/_Assets/_Elements/Textures/Star.png
  artifactKey: Guid(33d0525f85fc6bb4eb2948176f32906e) Importer(815301076,1909f56bfc062723c751e8b465ee728b)
Start importing Assets/_Assets/_Elements/Textures/Star.png using Guid(33d0525f85fc6bb4eb2948176f32906e) Importer(815301076,1909f56bfc062723c751e8b465ee728b)  -> (artifact id: 'b65bbe027bba2f4281bd41abc605a901') in 0.004781 seconds 
========================================================================
Received Import Request.
  Time since last request: 0.000022 seconds.
  path: Assets/_Assets/_Elements/Textures/Outline1.png
  artifactKey: Guid(da36dd18ee22c014d9177636a2bac333) Importer(815301076,1909f56bfc062723c751e8b465ee728b)
Start importing Assets/_Assets/_Elements/Textures/Outline1.png using Guid(da36dd18ee22c014d9177636a2bac333) Importer(815301076,1909f56bfc062723c751e8b465ee728b)  -> (artifact id: 'a90663646582f368c166eb2f5f09c8e5') in 0.050635 seconds 
========================================================================
Received Import Request.
  Time since last request: 0.000031 seconds.
  path: Assets/_Assets/_Elements/Textures/FibNoise.png
  artifactKey: Guid(e13a730a762a3c84f950cd4936a284c9) Importer(815301076,1909f56bfc062723c751e8b465ee728b)
Start importing Assets/_Assets/_Elements/Textures/FibNoise.png using Guid(e13a730a762a3c84f950cd4936a284c9) Importer(815301076,1909f56bfc062723c751e8b465ee728b)  -> (artifact id: '5db1a26d846f7efda92d5ad604c33ded') in 0.006702 seconds 
Editor requested this worker to shutdown with reason: Scaling down because of idle timeout
AssetImportWorker is now disconnected from the server
Process exiting
Exiting without the bug reporter. Application will terminate with return code 0