Using pre-set license
Built from '2021.3/staging' branch; Version is '2021.3.15f1 (e8e88683f834) revision 15263878'; Using compiler version '192829333'; Build Type 'Release'
OS: 'Windows 10  (10.0.19045) 64bit Core' Language: 'en' Physical Memory: 32664 MB
BatchMode: 1, IsHumanControllingUs: 0, StartBugReporterOnCrash: 0, Is64bit: 1, IsPro: 1

COMMAND LINE ARGUMENTS:
C:\Program Files\Unity\Hub\Editor\2021.3.15f1\Editor\Unity.exe
-adb2
-batchMode
-noUpm
-name
AssetImportWorker9
-projectPath
D:/GitHub Repositories/Amped-Arsenal/Amped Arsenal
-logFile
Logs/AssetImportWorker9.log
-srvPort
53426
Successfully changed project path to: D:/GitHub Repositories/Amped-Arsenal/Amped Arsenal
D:/GitHub Repositories/Amped-Arsenal/Amped Arsenal
[UnityMemory] Configuration Parameters - Can be set up in boot.config
    "memorysetup-bucket-allocator-granularity=16"
    "memorysetup-bucket-allocator-bucket-count=8"
    "memorysetup-bucket-allocator-block-size=33554432"
    "memorysetup-bucket-allocator-block-count=8"
    "memorysetup-main-allocator-block-size=16777216"
    "memorysetup-thread-allocator-block-size=16777216"
    "memorysetup-gfx-main-allocator-block-size=16777216"
    "memorysetup-gfx-thread-allocator-block-size=16777216"
    "memorysetup-cache-allocator-block-size=4194304"
    "memorysetup-typetree-allocator-block-size=2097152"
    "memorysetup-profiler-bucket-allocator-granularity=16"
    "memorysetup-profiler-bucket-allocator-bucket-count=8"
    "memorysetup-profiler-bucket-allocator-block-size=33554432"
    "memorysetup-profiler-bucket-allocator-block-count=8"
    "memorysetup-profiler-allocator-block-size=16777216"
    "memorysetup-profiler-editor-allocator-block-size=1048576"
    "memorysetup-temp-allocator-size-main=16777216"
    "memorysetup-job-temp-allocator-block-size=2097152"
    "memorysetup-job-temp-allocator-block-size-background=1048576"
    "memorysetup-job-temp-allocator-reduction-small-platforms=262144"
    "memorysetup-temp-allocator-size-background-worker=32768"
    "memorysetup-temp-allocator-size-job-worker=262144"
    "memorysetup-temp-allocator-size-preload-manager=33554432"
    "memorysetup-temp-allocator-size-nav-mesh-worker=65536"
    "memorysetup-temp-allocator-size-audio-worker=65536"
    "memorysetup-temp-allocator-size-cloud-worker=32768"
    "memorysetup-temp-allocator-size-gi-baking-worker=262144"
    "memorysetup-temp-allocator-size-gfx=262144"
Player connection [69036] Host "[IP] 192.168.0.40 [Port] 0 [Flags] 2 [Guid] 2864980169 [EditorId] 2864980169 [Version] 1048832 [Id] WindowsEditor(7,DESKTOP-9TH93UJ) [Debug] 1 [PackageName] WindowsEditor [ProjectName] Editor" joined multi-casting on [225.0.0.222:54997]...

Player connection [69036] Host "[IP] 192.168.0.40 [Port] 0 [Flags] 2 [Guid] 2864980169 [EditorId] 2864980169 [Version] 1048832 [Id] WindowsEditor(7,DESKTOP-9TH93UJ) [Debug] 1 [PackageName] WindowsEditor [ProjectName] Editor" joined alternative multi-casting on [225.0.0.222:34997]...

Refreshing native plugins compatible for Editor in 113.31 ms, found 5 plugins.
Preloading 0 native plugins for Editor in 0.00 ms.
Initialize engine version: 2021.3.15f1 (e8e88683f834)
[Subsystems] Discovering subsystems at path C:/Program Files/Unity/Hub/Editor/2021.3.15f1/Editor/Data/Resources/UnitySubsystems
[Subsystems] Discovering subsystems at path D:/GitHub Repositories/Amped-Arsenal/Amped Arsenal/Assets
GfxDevice: creating device client; threaded=0; jobified=0
Direct3D:
    Version:  Direct3D 11.0 [level 11.1]
    Renderer: NVIDIA GeForce RTX 3060 Ti (ID=0x2489)
    Vendor:   NVIDIA
    VRAM:     8038 MB
    Driver:   31.0.15.2737
Initialize mono
Mono path[0] = 'C:/Program Files/Unity/Hub/Editor/2021.3.15f1/Editor/Data/Managed'
Mono path[1] = 'C:/Program Files/Unity/Hub/Editor/2021.3.15f1/Editor/Data/MonoBleedingEdge/lib/mono/unityjit-win32'
Mono config path = 'C:/Program Files/Unity/Hub/Editor/2021.3.15f1/Editor/Data/MonoBleedingEdge/etc'
Using monoOptions --debugger-agent=transport=dt_socket,embedding=1,server=y,suspend=n,address=127.0.0.1:56592
Begin MonoManager ReloadAssembly
Registering precompiled unity dll's ...
Register platform support module: C:/Program Files/Unity/Hub/Editor/2021.3.15f1/Editor/Data/PlaybackEngines/WebGLSupport/UnityEditor.WebGL.Extensions.dll
Register platform support module: C:/Program Files/Unity/Hub/Editor/2021.3.15f1/Editor/Data/PlaybackEngines/AndroidPlayer/UnityEditor.Android.Extensions.dll
Register platform support module: C:/Program Files/Unity/Hub/Editor/2021.3.15f1/Editor/Data/PlaybackEngines/iOSSupport/UnityEditor.iOS.Extensions.dll
Register platform support module: C:/Program Files/Unity/Hub/Editor/2021.3.15f1/Editor/Data/PlaybackEngines/WindowsStandaloneSupport/UnityEditor.WindowsStandalone.Extensions.dll
Registered in 0.007489 seconds.
Native extension for WindowsStandalone target not found
[usbmuxd] Start listen thread
[usbmuxd] Listen thread started
Native extension for iOS target not found
Native extension for Android target not found
Native extension for WebGL target not found
Refreshing native plugins compatible for Editor in 107.01 ms, found 5 plugins.
Preloading 0 native plugins for Editor in 0.00 ms.
Mono: successfully reloaded assembly
- Completed reload, in  0.524 seconds
Domain Reload Profiling:
	ReloadAssembly (525ms)
		BeginReloadAssembly (59ms)
			ExecutionOrderSort (0ms)
			DisableScriptedObjects (0ms)
			BackupInstance (0ms)
			ReleaseScriptingObjects (0ms)
			CreateAndSetChildDomain (1ms)
		EndReloadAssembly (386ms)
			LoadAssemblies (57ms)
			RebuildTransferFunctionScriptingTraits (0ms)
			SetupTypeCache (72ms)
			ReleaseScriptCaches (0ms)
			RebuildScriptCaches (20ms)
			SetupLoadedEditorAssemblies (255ms)
				LogAssemblyErrors (0ms)
				InitializePlatformSupportModulesInManaged (50ms)
				SetLoadedEditorAssemblies (0ms)
				RefreshPlugins (107ms)
				BeforeProcessingInitializeOnLoad (1ms)
				ProcessInitializeOnLoadAttributes (66ms)
				ProcessInitializeOnLoadMethodAttributes (31ms)
				AfterProcessingInitializeOnLoad (0ms)
				EditorAssembliesLoaded (0ms)
			ExecutionOrderSort2 (0ms)
			AwakeInstancesAfterBackupRestoration (0ms)
Platform modules already initialized, skipping
Registering precompiled user dll's ...
Registered in 0.003736 seconds.
Begin MonoManager ReloadAssembly
Symbol file LoadedFromMemory doesn't match image D:\GitHub Repositories\Amped-Arsenal\Amped Arsenal\Library\PackageCache\com.unity.visualscripting@1.7.8\Editor\VisualScripting.Core\Dependencies\YamlDotNet\Unity.VisualScripting.YamlDotNet.dll
Symbol file LoadedFromMemory doesn't match image D:\GitHub Repositories\Amped-Arsenal\Amped Arsenal\Library\PackageCache\com.unity.visualscripting@1.7.8\Editor\VisualScripting.Core\Dependencies\DotNetZip\Unity.VisualScripting.IonicZip.dll
Native extension for WindowsStandalone target not found
Native extension for iOS target not found
Native extension for Android target not found
Native extension for WebGL target not found
Refreshing native plugins compatible for Editor in 108.50 ms, found 5 plugins.
Preloading 0 native plugins for Editor in 0.00 ms.
Mono: successfully reloaded assembly
- Completed reload, in  1.348 seconds
Domain Reload Profiling:
	ReloadAssembly (1349ms)
		BeginReloadAssembly (305ms)
			ExecutionOrderSort (0ms)
			DisableScriptedObjects (4ms)
			BackupInstance (0ms)
			ReleaseScriptingObjects (0ms)
			CreateAndSetChildDomain (233ms)
		EndReloadAssembly (963ms)
			LoadAssemblies (84ms)
			RebuildTransferFunctionScriptingTraits (0ms)
			SetupTypeCache (247ms)
			ReleaseScriptCaches (1ms)
			RebuildScriptCaches (67ms)
			SetupLoadedEditorAssemblies (541ms)
				LogAssemblyErrors (0ms)
				InitializePlatformSupportModulesInManaged (18ms)
				SetLoadedEditorAssemblies (0ms)
				RefreshPlugins (109ms)
				BeforeProcessingInitializeOnLoad (105ms)
				ProcessInitializeOnLoadAttributes (236ms)
				ProcessInitializeOnLoadMethodAttributes (66ms)
				AfterProcessingInitializeOnLoad (7ms)
				EditorAssembliesLoaded (0ms)
			ExecutionOrderSort2 (0ms)
			AwakeInstancesAfterBackupRestoration (5ms)
Platform modules already initialized, skipping
========================================================================
Worker process is ready to serve import requests
Switching render pipeline 9c38023a032ef2b47a2c7195d90c9043 -> 2d3d206e85d0eac489cdea0feb16cbe5
Shader 'MapMagic/TerrainPreviewHDRP': dependency 'BaseMapShader' shader 'Hidden/HDRP/TerrainLit_Basemap' not found
Shader 'MapMagic/TerrainPreviewHDRP': dependency 'BaseMapGenShader' shader 'Hidden/HDRP/TerrainLit_BasemapGen' not found
Shader 'MapMagic/TerrainPreviewHDRP': dependency 'BaseMapShader' shader 'Hidden/HDRP/TerrainLit_Basemap' not found
Shader 'MapMagic/TerrainPreviewHDRP': dependency 'BaseMapGenShader' shader 'Hidden/HDRP/TerrainLit_BasemapGen' not found
Launched and connected shader compiler UnityShaderCompiler.exe after 0.32 seconds
Refreshing native plugins compatible for Editor in 1.60 ms, found 5 plugins.
Preloading 0 native plugins for Editor in 0.00 ms.
Unloading 6813 Unused Serialized files (Serialized files now loaded: 0)
Unloading 73 unused Assets / (5.7 MB). Loaded Objects now: 7266.
Memory consumption went from 370.8 MB to 365.2 MB.
Total: 4.826700 ms (FindLiveObjects: 0.462200 ms CreateObjectMapping: 0.165500 ms MarkObjects: 2.925700 ms  DeleteObjects: 1.272400 ms)

AssetImportParameters requested are different than current active one (requested -> active):
  custom:video-decoder-ogg-theora: a1e56fd34408186e4bbccfd4996cb3dc -> 
  custom:container-muxer-webm: aa71ff27fc2769a1b78a27578f13a17b -> 
  custom:container-demuxer-webm: 4f35f7cbe854078d1ac9338744f61a02 -> 
  custom:video-encoder-webm-vp8: eb34c28f22e8b96e1ab97ce403110664 -> 
  custom:audio-encoder-webm-vorbis: bf7c407c2cedff20999df2af8eb42d56 -> 
  custom:framework-win-MediaFoundation: 216162199b28c13a410421893ffa2e32 -> 
  custom:container-demuxer-ogg: 62fdf1f143b41e24485cea50d1cbac27 -> 
  custom:video-decoder-webm-vp8: 9c59270c3fd7afecdb556c50c9e8de78 -> 
  custom:audio-decoder-ogg-vorbis: bf7c407c2cedff20999df2af8eb42d56 -> 
========================================================================
Received Prepare
Switching render pipeline 9c38023a032ef2b47a2c7195d90c9043 -> 00000000000000000000000000000000
Shader 'MapMagic/TerrainPreviewHDRP': dependency 'BaseMapShader' shader 'Hidden/HDRP/TerrainLit_Basemap' not found
Shader 'MapMagic/TerrainPreviewHDRP': dependency 'BaseMapGenShader' shader 'Hidden/HDRP/TerrainLit_BasemapGen' not found
Shader 'MapMagic/TerrainPreviewHDRP': dependency 'BaseMapShader' shader 'Hidden/HDRP/TerrainLit_Basemap' not found
Shader 'MapMagic/TerrainPreviewHDRP': dependency 'BaseMapGenShader' shader 'Hidden/HDRP/TerrainLit_BasemapGen' not found
Refreshing native plugins compatible for Editor in 5.76 ms, found 5 plugins.
Preloading 0 native plugins for Editor in 0.00 ms.
Unloading 52 Unused Serialized files (Serialized files now loaded: 0)
Unloading 100 unused Assets / (5.6 MB). Loaded Objects now: 7218.
Memory consumption went from 220.6 MB to 214.9 MB.
Total: 8.040400 ms (FindLiveObjects: 1.152800 ms CreateObjectMapping: 0.371800 ms MarkObjects: 4.835600 ms  DeleteObjects: 1.679600 ms)

AssetImportParameters requested are different than current active one (requested -> active):
  custom:video-decoder-ogg-theora: a1e56fd34408186e4bbccfd4996cb3dc -> 
  custom:container-muxer-webm: aa71ff27fc2769a1b78a27578f13a17b -> 
  custom:container-demuxer-webm: 4f35f7cbe854078d1ac9338744f61a02 -> 
  custom:video-encoder-webm-vp8: eb34c28f22e8b96e1ab97ce403110664 -> 
  custom:audio-encoder-webm-vorbis: bf7c407c2cedff20999df2af8eb42d56 -> 
  custom:framework-win-MediaFoundation: 216162199b28c13a410421893ffa2e32 -> 
  custom:container-demuxer-ogg: 62fdf1f143b41e24485cea50d1cbac27 -> 
  custom:video-decoder-webm-vp8: 9c59270c3fd7afecdb556c50c9e8de78 -> 
  custom:audio-decoder-ogg-vorbis: bf7c407c2cedff20999df2af8eb42d56 -> 
========================================================================
Received Import Request.
  Time since last request: 1688244.161737 seconds.
  path: Assets/Stones.png
  artifactKey: Guid(ab8b68a87de900443999771aaecfc86f) Importer(815301076,1909f56bfc062723c751e8b465ee728b)
Start importing Assets/Stones.png using Guid(ab8b68a87de900443999771aaecfc86f) Importer(815301076,1909f56bfc062723c751e8b465ee728b)  -> (artifact id: '622bf685b5b6d59b921d05f00c78cf31') in 0.150859 seconds 
========================================================================
Received Prepare
Switching render pipeline 9c38023a032ef2b47a2c7195d90c9043 -> 2d3d206e85d0eac489cdea0feb16cbe5
Shader 'MapMagic/TerrainPreviewHDRP': dependency 'BaseMapShader' shader 'Hidden/HDRP/TerrainLit_Basemap' not found
Shader 'MapMagic/TerrainPreviewHDRP': dependency 'BaseMapGenShader' shader 'Hidden/HDRP/TerrainLit_BasemapGen' not found
Shader 'MapMagic/TerrainPreviewHDRP': dependency 'BaseMapShader' shader 'Hidden/HDRP/TerrainLit_Basemap' not found
Shader 'MapMagic/TerrainPreviewHDRP': dependency 'BaseMapGenShader' shader 'Hidden/HDRP/TerrainLit_BasemapGen' not found
Refreshing native plugins compatible for Editor in 5.30 ms, found 5 plugins.
Preloading 0 native plugins for Editor in 0.00 ms.
Unloading 100 Unused Serialized files (Serialized files now loaded: 0)
Unloading 52 unused Assets / (5.6 MB). Loaded Objects now: 7273.
Memory consumption went from 226.3 MB to 220.7 MB.
Total: 5.996000 ms (FindLiveObjects: 0.567500 ms CreateObjectMapping: 0.225500 ms MarkObjects: 3.933900 ms  DeleteObjects: 1.268600 ms)

AssetImportParameters requested are different than current active one (requested -> active):
  custom:video-decoder-ogg-theora: a1e56fd34408186e4bbccfd4996cb3dc -> 
  custom:container-muxer-webm: aa71ff27fc2769a1b78a27578f13a17b -> 
  custom:container-demuxer-webm: 4f35f7cbe854078d1ac9338744f61a02 -> 
  custom:video-encoder-webm-vp8: eb34c28f22e8b96e1ab97ce403110664 -> 
  custom:audio-encoder-webm-vorbis: bf7c407c2cedff20999df2af8eb42d56 -> 
  custom:framework-win-MediaFoundation: 216162199b28c13a410421893ffa2e32 -> 
  custom:container-demuxer-ogg: 62fdf1f143b41e24485cea50d1cbac27 -> 
  custom:video-decoder-webm-vp8: 9c59270c3fd7afecdb556c50c9e8de78 -> 
  custom:audio-decoder-ogg-vorbis: bf7c407c2cedff20999df2af8eb42d56 -> 
========================================================================
Received Import Request.
  Time since last request: 356.943345 seconds.
  path: Assets/Stones.png
  artifactKey: Guid(ab8b68a87de900443999771aaecfc86f) Importer(815301076,1909f56bfc062723c751e8b465ee728b)
Start importing Assets/Stones.png using Guid(ab8b68a87de900443999771aaecfc86f) Importer(815301076,1909f56bfc062723c751e8b465ee728b)  -> (artifact id: 'ecfe512c7bb95d17b110a3577ed112ae') in 0.026672 seconds 
========================================================================
Received Prepare
Switching render pipeline 9c38023a032ef2b47a2c7195d90c9043 -> 00000000000000000000000000000000
Shader 'MapMagic/TerrainPreviewHDRP': dependency 'BaseMapShader' shader 'Hidden/HDRP/TerrainLit_Basemap' not found
Shader 'MapMagic/TerrainPreviewHDRP': dependency 'BaseMapGenShader' shader 'Hidden/HDRP/TerrainLit_BasemapGen' not found
Shader 'MapMagic/TerrainPreviewHDRP': dependency 'BaseMapShader' shader 'Hidden/HDRP/TerrainLit_Basemap' not found
Shader 'MapMagic/TerrainPreviewHDRP': dependency 'BaseMapGenShader' shader 'Hidden/HDRP/TerrainLit_BasemapGen' not found
Refreshing native plugins compatible for Editor in 4.96 ms, found 5 plugins.
Preloading 0 native plugins for Editor in 0.00 ms.
Unloading 52 Unused Serialized files (Serialized files now loaded: 0)
Unloading 100 unused Assets / (5.5 MB). Loaded Objects now: 7225.
Memory consumption went from 224.8 MB to 219.2 MB.
Total: 10.003600 ms (FindLiveObjects: 1.246800 ms CreateObjectMapping: 0.789500 ms MarkObjects: 5.655200 ms  DeleteObjects: 2.310800 ms)

AssetImportParameters requested are different than current active one (requested -> active):
  custom:video-decoder-ogg-theora: a1e56fd34408186e4bbccfd4996cb3dc -> 
  custom:container-muxer-webm: aa71ff27fc2769a1b78a27578f13a17b -> 
  custom:container-demuxer-webm: 4f35f7cbe854078d1ac9338744f61a02 -> 
  custom:video-encoder-webm-vp8: eb34c28f22e8b96e1ab97ce403110664 -> 
  custom:audio-encoder-webm-vorbis: bf7c407c2cedff20999df2af8eb42d56 -> 
  custom:framework-win-MediaFoundation: 216162199b28c13a410421893ffa2e32 -> 
  custom:container-demuxer-ogg: 62fdf1f143b41e24485cea50d1cbac27 -> 
  custom:video-decoder-webm-vp8: 9c59270c3fd7afecdb556c50c9e8de78 -> 
  custom:audio-decoder-ogg-vorbis: bf7c407c2cedff20999df2af8eb42d56 -> 
========================================================================
Received Import Request.
  Time since last request: 263.129516 seconds.
  path: Assets/_Assets/_Elements/_FireVFX/Materials/AddUnlitDissolve.mat
  artifactKey: Guid(2c0b4d039bc534943bfbfce857971622) Importer(815301076,1909f56bfc062723c751e8b465ee728b)
Start importing Assets/_Assets/_Elements/_FireVFX/Materials/AddUnlitDissolve.mat using Guid(2c0b4d039bc534943bfbfce857971622) Importer(815301076,1909f56bfc062723c751e8b465ee728b)  -> (artifact id: 'c1906e26f1856e764aff8d17871a7f17') in 0.038999 seconds 
========================================================================
Received Import Request.
  Time since last request: 0.504683 seconds.
  path: Assets/_Assets/_Elements/_FireVFX/Materials/Shader Graphs_Distortation.mat
  artifactKey: Guid(187720fe5c4ade94cb183bda91ec3dad) Importer(815301076,1909f56bfc062723c751e8b465ee728b)
Start importing Assets/_Assets/_Elements/_FireVFX/Materials/Shader Graphs_Distortation.mat using Guid(187720fe5c4ade94cb183bda91ec3dad) Importer(815301076,1909f56bfc062723c751e8b465ee728b)  -> (artifact id: '0516e758fda9b366e160bd022aed4a8f') in 0.147025 seconds 
========================================================================
Received Import Request.
  Time since last request: 0.000022 seconds.
  path: Assets/_Assets/_Elements/_FireVFX/Materials/Shader Graphs_Tornado2.mat
  artifactKey: Guid(b1c8f711b84a2a64f85cd2741d957840) Importer(815301076,1909f56bfc062723c751e8b465ee728b)
Start importing Assets/_Assets/_Elements/_FireVFX/Materials/Shader Graphs_Tornado2.mat using Guid(b1c8f711b84a2a64f85cd2741d957840) Importer(815301076,1909f56bfc062723c751e8b465ee728b)  -> (artifact id: '30cc8f546c3e26f39ef5927d20f49c0c') in 0.148034 seconds 
========================================================================
Received Import Request.
  Time since last request: 4.213496 seconds.
  path: Assets/_Assets/_Elements/Textures/1.png
  artifactKey: Guid(d5c817d67ab6f024cbcd53aff6a1cc02) Importer(815301076,1909f56bfc062723c751e8b465ee728b)
Start importing Assets/_Assets/_Elements/Textures/1.png using Guid(d5c817d67ab6f024cbcd53aff6a1cc02) Importer(815301076,1909f56bfc062723c751e8b465ee728b)  -> (artifact id: '168399e41b41d1b9d9774cbcd1fea835') in 0.015767 seconds 
========================================================================
Received Import Request.
  Time since last request: 698.734395 seconds.
  path: Assets/_Assets/_Elements/_FireVFX/Materials/Shader Graphs_FireFlame.mat
  artifactKey: Guid(a1289f887b7050e46afba8b297c6ec56) Importer(815301076,1909f56bfc062723c751e8b465ee728b)
Start importing Assets/_Assets/_Elements/_FireVFX/Materials/Shader Graphs_FireFlame.mat using Guid(a1289f887b7050e46afba8b297c6ec56) Importer(815301076,1909f56bfc062723c751e8b465ee728b)  -> (artifact id: '7ac74095790186b47cf3dd8dd1a731a4') in 0.008739 seconds 
========================================================================
Received Import Request.
  Time since last request: 15.675916 seconds.
  path: Assets/_Assets/_Elements/_FireVFX/Materials/FireMaterials/FlameAdd2.mat
  artifactKey: Guid(7678c14054a719346bfdbf0e4534e50d) Importer(815301076,1909f56bfc062723c751e8b465ee728b)
Start importing Assets/_Assets/_Elements/_FireVFX/Materials/FireMaterials/FlameAdd2.mat using Guid(7678c14054a719346bfdbf0e4534e50d) Importer(815301076,1909f56bfc062723c751e8b465ee728b)  -> (artifact id: '1e30dce336ebecf28e13ea122b777251') in 0.005603 seconds 
========================================================================
Received Import Request.
  Time since last request: 0.541633 seconds.
  path: Assets/_Assets/_Elements/_FireVFX/Materials/FireMaterials/Smoke.mat
  artifactKey: Guid(169b9a0e78c63c9408f5d488286cf398) Importer(815301076,1909f56bfc062723c751e8b465ee728b)
Start importing Assets/_Assets/_Elements/_FireVFX/Materials/FireMaterials/Smoke.mat using Guid(169b9a0e78c63c9408f5d488286cf398) Importer(815301076,1909f56bfc062723c751e8b465ee728b)  -> (artifact id: '74e8d0c8a166e7028771cbb9901f49d4') in 0.006370 seconds 
========================================================================
Received Import Request.
  Time since last request: 0.000017 seconds.
  path: Assets/_Assets/_Elements/_FireVFX/Materials/FireMaterials/FlameAlpha.mat
  artifactKey: Guid(d8cb841aa2b5b2c47ad9bd1018fe092a) Importer(815301076,1909f56bfc062723c751e8b465ee728b)
Start importing Assets/_Assets/_Elements/_FireVFX/Materials/FireMaterials/FlameAlpha.mat using Guid(d8cb841aa2b5b2c47ad9bd1018fe092a) Importer(815301076,1909f56bfc062723c751e8b465ee728b)  -> (artifact id: 'e46ced565139ec98314fd068eb31b23f') in 0.005466 seconds 
========================================================================
Received Import Request.
  Time since last request: 2.662227 seconds.
  path: Assets/_Assets/_Elements/_FireVFX/FIreModels/Meshes/TestTornado.fbx
  artifactKey: Guid(a8efbd60a0e4d3e4ca3db0e84aee85f8) Importer(815301076,1909f56bfc062723c751e8b465ee728b)
Start importing Assets/_Assets/_Elements/_FireVFX/FIreModels/Meshes/TestTornado.fbx using Guid(a8efbd60a0e4d3e4ca3db0e84aee85f8) Importer(815301076,1909f56bfc062723c751e8b465ee728b)  -> (artifact id: '148e65522ce2ffe4d1f98835e2a7b00e') in 0.040147 seconds 
========================================================================
Received Import Request.
  Time since last request: 33.949086 seconds.
  path: Assets/_Assets/_Elements/Textures/Energy5x5.png
  artifactKey: Guid(42246d841275e674587bfd16568d6de0) Importer(815301076,1909f56bfc062723c751e8b465ee728b)
Start importing Assets/_Assets/_Elements/Textures/Energy5x5.png using Guid(42246d841275e674587bfd16568d6de0) Importer(815301076,1909f56bfc062723c751e8b465ee728b)  -> (artifact id: 'c8302eb41578b1677489acd1c5b21bff') in 0.165286 seconds 
========================================================================
Received Import Request.
  Time since last request: 0.000023 seconds.
  path: Assets/_Assets/_Elements/Textures/FlameTexture.png
  artifactKey: Guid(4d3fc024a6fe5524e9025aee8210b813) Importer(815301076,1909f56bfc062723c751e8b465ee728b)
Start importing Assets/_Assets/_Elements/Textures/FlameTexture.png using Guid(4d3fc024a6fe5524e9025aee8210b813) Importer(815301076,1909f56bfc062723c751e8b465ee728b)  -> (artifact id: '2179f50dfcfefa20cf747f19afae0b9d') in 0.063413 seconds 
========================================================================
Received Import Request.
  Time since last request: 0.000025 seconds.
  path: Assets/_Assets/_Elements/Textures/SoftFlame.png
  artifactKey: Guid(444c7cc236f83ab48bad8f806aaedb87) Importer(815301076,1909f56bfc062723c751e8b465ee728b)
Start importing Assets/_Assets/_Elements/Textures/SoftFlame.png using Guid(444c7cc236f83ab48bad8f806aaedb87) Importer(815301076,1909f56bfc062723c751e8b465ee728b)  -> (artifact id: 'ba39da71ddbd9893cf2432390621695b') in 0.005305 seconds 
========================================================================
Received Import Request.
  Time since last request: 0.000018 seconds.
  path: Assets/_Assets/_Elements/Textures/Gradient.png
  artifactKey: Guid(2cbb659bd00bd7a4b8bc696dc6342b8c) Importer(815301076,1909f56bfc062723c751e8b465ee728b)
Start importing Assets/_Assets/_Elements/Textures/Gradient.png using Guid(2cbb659bd00bd7a4b8bc696dc6342b8c) Importer(815301076,1909f56bfc062723c751e8b465ee728b)  -> (artifact id: '84a60bbfb55dd7c5a2702350bc9cc088') in 0.005253 seconds 
========================================================================
Received Import Request.
  Time since last request: 0.000018 seconds.
  path: Assets/_Assets/_Elements/Textures/ToonFlame5x5.png
  artifactKey: Guid(397ebdd837e4358479ba0727d242e75e) Importer(815301076,1909f56bfc062723c751e8b465ee728b)
Start importing Assets/_Assets/_Elements/Textures/ToonFlame5x5.png using Guid(397ebdd837e4358479ba0727d242e75e) Importer(815301076,1909f56bfc062723c751e8b465ee728b)  -> (artifact id: 'ee9c5958cb68d06918a830534f7cd874') in 0.089208 seconds 
========================================================================
Received Import Request.
  Time since last request: 0.000020 seconds.
  path: Assets/_Assets/_Elements/Textures/FlameTexture4.png
  artifactKey: Guid(7536779a36d63604b8faaafbaf9809b9) Importer(815301076,1909f56bfc062723c751e8b465ee728b)
Start importing Assets/_Assets/_Elements/Textures/FlameTexture4.png using Guid(7536779a36d63604b8faaafbaf9809b9) Importer(815301076,1909f56bfc062723c751e8b465ee728b)  -> (artifact id: '714b72ceeb7af4ec6cc905fa381c6b06') in 0.059310 seconds 
========================================================================
Received Import Request.
  Time since last request: 0.000019 seconds.
  path: Assets/_Assets/_Elements/Textures/Flame5x5.png
  artifactKey: Guid(828823c748334ed48a871efbd4d31ab4) Importer(815301076,1909f56bfc062723c751e8b465ee728b)
Start importing Assets/_Assets/_Elements/Textures/Flame5x5.png using Guid(828823c748334ed48a871efbd4d31ab4) Importer(815301076,1909f56bfc062723c751e8b465ee728b)  -> (artifact id: 'f30c1b43814f22102edc1460d53d1f2d') in 0.080619 seconds 
========================================================================
Received Import Request.
  Time since last request: 0.000026 seconds.
  path: Assets/_Assets/_Elements/Textures/Flame2.png
  artifactKey: Guid(26069845d12bab94285a861c5da330a7) Importer(815301076,1909f56bfc062723c751e8b465ee728b)
Start importing Assets/_Assets/_Elements/Textures/Flame2.png using Guid(26069845d12bab94285a861c5da330a7) Importer(815301076,1909f56bfc062723c751e8b465ee728b)  -> (artifact id: 'c283b1df0796720704d477c2ad4c5bba') in 0.040052 seconds 
========================================================================
Received Import Request.
  Time since last request: 93.532796 seconds.
  path: Packages/com.unity.collab-proxy/Editor/PlasticSCM/Assets/Images/stepok@2x.png
  artifactKey: Guid(be340a165cb9c8d4cb50f1deeb51d4ea) Importer(815301076,1909f56bfc062723c751e8b465ee728b)
Start importing Packages/com.unity.collab-proxy/Editor/PlasticSCM/Assets/Images/stepok@2x.png using Guid(be340a165cb9c8d4cb50f1deeb51d4ea) Importer(815301076,1909f56bfc062723c751e8b465ee728b)  -> (artifact id: '1b5dfbc9dcdb1744c7583127a6ed00a1') in 0.030319 seconds 
========================================================================
Received Import Request.
  Time since last request: 0.493210 seconds.
  path: Assets/_Assets/MapMagic/Core/Editor/Resources/GeneratorIcons/Subtract.png
  artifactKey: Guid(9eaaad799f22c7c4ab34b8d174a42e25) Importer(815301076,1909f56bfc062723c751e8b465ee728b)
Start importing Assets/_Assets/MapMagic/Core/Editor/Resources/GeneratorIcons/Subtract.png using Guid(9eaaad799f22c7c4ab34b8d174a42e25) Importer(815301076,1909f56bfc062723c751e8b465ee728b)  -> (artifact id: 'a737623fb650631cf1c4578a4936c5ca') in 0.010068 seconds 
========================================================================
Received Import Request.
  Time since last request: 0.000018 seconds.
  path: Assets/_Assets/MapMagic/Tools/GUI/Editor/Resources/DPUI/Icons/Success.png
  artifactKey: Guid(4c5c5283e18d85e45bba121aef412125) Importer(815301076,1909f56bfc062723c751e8b465ee728b)
Start importing Assets/_Assets/MapMagic/Tools/GUI/Editor/Resources/DPUI/Icons/Success.png using Guid(4c5c5283e18d85e45bba121aef412125) Importer(815301076,1909f56bfc062723c751e8b465ee728b)  -> (artifact id: 'c89945632dc054440b8948ec37aa9090') in 0.005232 seconds 
Editor requested this worker to shutdown with reason: Scaling down because of idle timeout
AssetImportWorker is now disconnected from the server
Process exiting
Exiting without the bug reporter. Application will terminate with return code 0