Using pre-set license
Built from '2021.3/staging' branch; Version is '2021.3.15f1 (e8e88683f834) revision 15263878'; Using compiler version '192829333'; Build Type 'Release'
OS: 'Windows 10  (10.0.19045) 64bit Core' Language: 'en' Physical Memory: 32664 MB
BatchMode: 1, IsHumanControllingUs: 0, StartBugReporterOnCrash: 0, Is64bit: 1, IsPro: 1

COMMAND LINE ARGUMENTS:
C:\Program Files\Unity\Hub\Editor\2021.3.15f1\Editor\Unity.exe
-adb2
-batchMode
-noUpm
-name
AssetImportWorker4
-projectPath
D:/GitHub Repositories/Amped-Arsenal/Amped Arsenal
-logFile
Logs/AssetImportWorker4.log
-srvPort
53426
Successfully changed project path to: D:/GitHub Repositories/Amped-Arsenal/Amped Arsenal
D:/GitHub Repositories/Amped-Arsenal/Amped Arsenal
[UnityMemory] Configuration Parameters - Can be set up in boot.config
    "memorysetup-bucket-allocator-granularity=16"
    "memorysetup-bucket-allocator-bucket-count=8"
    "memorysetup-bucket-allocator-block-size=33554432"
    "memorysetup-bucket-allocator-block-count=8"
    "memorysetup-main-allocator-block-size=16777216"
    "memorysetup-thread-allocator-block-size=16777216"
    "memorysetup-gfx-main-allocator-block-size=16777216"
    "memorysetup-gfx-thread-allocator-block-size=16777216"
    "memorysetup-cache-allocator-block-size=4194304"
    "memorysetup-typetree-allocator-block-size=2097152"
    "memorysetup-profiler-bucket-allocator-granularity=16"
    "memorysetup-profiler-bucket-allocator-bucket-count=8"
    "memorysetup-profiler-bucket-allocator-block-size=33554432"
    "memorysetup-profiler-bucket-allocator-block-count=8"
    "memorysetup-profiler-allocator-block-size=16777216"
    "memorysetup-profiler-editor-allocator-block-size=1048576"
    "memorysetup-temp-allocator-size-main=16777216"
    "memorysetup-job-temp-allocator-block-size=2097152"
    "memorysetup-job-temp-allocator-block-size-background=1048576"
    "memorysetup-job-temp-allocator-reduction-small-platforms=262144"
    "memorysetup-temp-allocator-size-background-worker=32768"
    "memorysetup-temp-allocator-size-job-worker=262144"
    "memorysetup-temp-allocator-size-preload-manager=33554432"
    "memorysetup-temp-allocator-size-nav-mesh-worker=65536"
    "memorysetup-temp-allocator-size-audio-worker=65536"
    "memorysetup-temp-allocator-size-cloud-worker=32768"
    "memorysetup-temp-allocator-size-gi-baking-worker=262144"
    "memorysetup-temp-allocator-size-gfx=262144"
Player connection [69412] Host "[IP] 192.168.0.40 [Port] 0 [Flags] 2 [Guid] 2703222806 [EditorId] 2703222806 [Version] 1048832 [Id] WindowsEditor(7,DESKTOP-9TH93UJ) [Debug] 1 [PackageName] WindowsEditor [ProjectName] Editor" joined multi-casting on [225.0.0.222:54997]...

Player connection [69412] Host "[IP] 192.168.0.40 [Port] 0 [Flags] 2 [Guid] 2703222806 [EditorId] 2703222806 [Version] 1048832 [Id] WindowsEditor(7,DESKTOP-9TH93UJ) [Debug] 1 [PackageName] WindowsEditor [ProjectName] Editor" joined alternative multi-casting on [225.0.0.222:34997]...

Refreshing native plugins compatible for Editor in 89.29 ms, found 4 plugins.
Preloading 0 native plugins for Editor in 0.00 ms.
Initialize engine version: 2021.3.15f1 (e8e88683f834)
[Subsystems] Discovering subsystems at path C:/Program Files/Unity/Hub/Editor/2021.3.15f1/Editor/Data/Resources/UnitySubsystems
[Subsystems] Discovering subsystems at path D:/GitHub Repositories/Amped-Arsenal/Amped Arsenal/Assets
GfxDevice: creating device client; threaded=0; jobified=0
Direct3D:
    Version:  Direct3D 11.0 [level 11.1]
    Renderer: NVIDIA GeForce RTX 3060 Ti (ID=0x2489)
    Vendor:   NVIDIA
    VRAM:     8038 MB
    Driver:   31.0.15.2737
Initialize mono
Mono path[0] = 'C:/Program Files/Unity/Hub/Editor/2021.3.15f1/Editor/Data/Managed'
Mono path[1] = 'C:/Program Files/Unity/Hub/Editor/2021.3.15f1/Editor/Data/MonoBleedingEdge/lib/mono/unityjit-win32'
Mono config path = 'C:/Program Files/Unity/Hub/Editor/2021.3.15f1/Editor/Data/MonoBleedingEdge/etc'
Using monoOptions --debugger-agent=transport=dt_socket,embedding=1,server=y,suspend=n,address=127.0.0.1:56004
Begin MonoManager ReloadAssembly
Registering precompiled unity dll's ...
Register platform support module: C:/Program Files/Unity/Hub/Editor/2021.3.15f1/Editor/Data/PlaybackEngines/WebGLSupport/UnityEditor.WebGL.Extensions.dll
Register platform support module: C:/Program Files/Unity/Hub/Editor/2021.3.15f1/Editor/Data/PlaybackEngines/AndroidPlayer/UnityEditor.Android.Extensions.dll
Register platform support module: C:/Program Files/Unity/Hub/Editor/2021.3.15f1/Editor/Data/PlaybackEngines/iOSSupport/UnityEditor.iOS.Extensions.dll
Register platform support module: C:/Program Files/Unity/Hub/Editor/2021.3.15f1/Editor/Data/PlaybackEngines/WindowsStandaloneSupport/UnityEditor.WindowsStandalone.Extensions.dll
Registered in 0.007874 seconds.
Native extension for WindowsStandalone target not found
[usbmuxd] Start listen thread
[usbmuxd] Listen thread started
Native extension for iOS target not found
Native extension for Android target not found
Native extension for WebGL target not found
Refreshing native plugins compatible for Editor in 85.14 ms, found 4 plugins.
Preloading 0 native plugins for Editor in 0.00 ms.
Mono: successfully reloaded assembly
- Completed reload, in  0.511 seconds
Domain Reload Profiling:
	ReloadAssembly (512ms)
		BeginReloadAssembly (58ms)
			ExecutionOrderSort (0ms)
			DisableScriptedObjects (0ms)
			BackupInstance (0ms)
			ReleaseScriptingObjects (0ms)
			CreateAndSetChildDomain (1ms)
		EndReloadAssembly (369ms)
			LoadAssemblies (56ms)
			RebuildTransferFunctionScriptingTraits (0ms)
			SetupTypeCache (76ms)
			ReleaseScriptCaches (0ms)
			RebuildScriptCaches (17ms)
			SetupLoadedEditorAssemblies (236ms)
				LogAssemblyErrors (0ms)
				InitializePlatformSupportModulesInManaged (52ms)
				SetLoadedEditorAssemblies (0ms)
				RefreshPlugins (85ms)
				BeforeProcessingInitializeOnLoad (1ms)
				ProcessInitializeOnLoadAttributes (66ms)
				ProcessInitializeOnLoadMethodAttributes (32ms)
				AfterProcessingInitializeOnLoad (0ms)
				EditorAssembliesLoaded (0ms)
			ExecutionOrderSort2 (0ms)
			AwakeInstancesAfterBackupRestoration (0ms)
Platform modules already initialized, skipping
Registering precompiled user dll's ...
Registered in 0.003652 seconds.
Begin MonoManager ReloadAssembly
Symbol file LoadedFromMemory doesn't match image D:\GitHub Repositories\Amped-Arsenal\Amped Arsenal\Library\PackageCache\com.unity.visualscripting@1.7.8\Editor\VisualScripting.Core\Dependencies\YamlDotNet\Unity.VisualScripting.YamlDotNet.dll
Symbol file LoadedFromMemory doesn't match image D:\GitHub Repositories\Amped-Arsenal\Amped Arsenal\Library\PackageCache\com.unity.visualscripting@1.7.8\Editor\VisualScripting.Core\Dependencies\DotNetZip\Unity.VisualScripting.IonicZip.dll
Native extension for WindowsStandalone target not found
Native extension for iOS target not found
Native extension for Android target not found
Native extension for WebGL target not found
Refreshing native plugins compatible for Editor in 85.34 ms, found 4 plugins.
Preloading 0 native plugins for Editor in 0.00 ms.
Mono: successfully reloaded assembly
- Completed reload, in  1.397 seconds
Domain Reload Profiling:
	ReloadAssembly (1397ms)
		BeginReloadAssembly (415ms)
			ExecutionOrderSort (0ms)
			DisableScriptedObjects (4ms)
			BackupInstance (0ms)
			ReleaseScriptingObjects (0ms)
			CreateAndSetChildDomain (348ms)
		EndReloadAssembly (899ms)
			LoadAssemblies (78ms)
			RebuildTransferFunctionScriptingTraits (0ms)
			SetupTypeCache (279ms)
			ReleaseScriptCaches (1ms)
			RebuildScriptCaches (44ms)
			SetupLoadedEditorAssemblies (470ms)
				LogAssemblyErrors (0ms)
				InitializePlatformSupportModulesInManaged (18ms)
				SetLoadedEditorAssemblies (0ms)
				RefreshPlugins (85ms)
				BeforeProcessingInitializeOnLoad (88ms)
				ProcessInitializeOnLoadAttributes (205ms)
				ProcessInitializeOnLoadMethodAttributes (67ms)
				AfterProcessingInitializeOnLoad (7ms)
				EditorAssembliesLoaded (0ms)
			ExecutionOrderSort2 (0ms)
			AwakeInstancesAfterBackupRestoration (5ms)
Platform modules already initialized, skipping
========================================================================
Worker process is ready to serve import requests
Shader 'MapMagic/TerrainPreviewHDRP': dependency 'BaseMapShader' shader 'Hidden/HDRP/TerrainLit_Basemap' not found
Shader 'MapMagic/TerrainPreviewHDRP': dependency 'BaseMapGenShader' shader 'Hidden/HDRP/TerrainLit_BasemapGen' not found
Shader 'MapMagic/TerrainPreviewHDRP': dependency 'BaseMapShader' shader 'Hidden/HDRP/TerrainLit_Basemap' not found
Shader 'MapMagic/TerrainPreviewHDRP': dependency 'BaseMapGenShader' shader 'Hidden/HDRP/TerrainLit_BasemapGen' not found
Launched and connected shader compiler UnityShaderCompiler.exe after 0.33 seconds
Refreshing native plugins compatible for Editor in 1.26 ms, found 4 plugins.
Preloading 0 native plugins for Editor in 0.00 ms.
Unloading 5600 Unused Serialized files (Serialized files now loaded: 0)
Unloading 52 unused Assets / (4.7 MB). Loaded Objects now: 6056.
Memory consumption went from 321.8 MB to 317.1 MB.
Total: 4.415500 ms (FindLiveObjects: 0.399800 ms CreateObjectMapping: 0.292700 ms MarkObjects: 2.863600 ms  DeleteObjects: 0.858600 ms)

AssetImportParameters requested are different than current active one (requested -> active):
  custom:video-decoder-ogg-theora: a1e56fd34408186e4bbccfd4996cb3dc -> 
  custom:container-muxer-webm: aa71ff27fc2769a1b78a27578f13a17b -> 
  custom:container-demuxer-webm: 4f35f7cbe854078d1ac9338744f61a02 -> 
  custom:video-encoder-webm-vp8: eb34c28f22e8b96e1ab97ce403110664 -> 
  custom:audio-encoder-webm-vorbis: bf7c407c2cedff20999df2af8eb42d56 -> 
  custom:framework-win-MediaFoundation: 216162199b28c13a410421893ffa2e32 -> 
  custom:container-demuxer-ogg: 62fdf1f143b41e24485cea50d1cbac27 -> 
  custom:video-decoder-webm-vp8: 9c59270c3fd7afecdb556c50c9e8de78 -> 
  custom:audio-decoder-ogg-vorbis: bf7c407c2cedff20999df2af8eb42d56 -> 
========================================================================
Received Import Request.
  Time since last request: 1685989.015784 seconds.
  path: Assets/_Assets/_Sprites/ParticleSprites
  artifactKey: Guid(1d8b6fc71e4a429489781ffc5f803d25) Importer(815301076,1909f56bfc062723c751e8b465ee728b)
Start importing Assets/_Assets/_Sprites/ParticleSprites using Guid(1d8b6fc71e4a429489781ffc5f803d25) Importer(815301076,1909f56bfc062723c751e8b465ee728b)  -> (artifact id: '74dd18f69636fe5f97e16aad20678095') in 0.011207 seconds 
========================================================================
Received Import Request.
  Time since last request: 52.272070 seconds.
  path: Assets/_Assets/_Sprites/ParticleSprites/Poison.mat
  artifactKey: Guid(efa0ffec7c2885c47832524ccd6d758d) Importer(815301076,1909f56bfc062723c751e8b465ee728b)
Start importing Assets/_Assets/_Sprites/ParticleSprites/Poison.mat using Guid(efa0ffec7c2885c47832524ccd6d758d) Importer(815301076,1909f56bfc062723c751e8b465ee728b)  -> (artifact id: 'ebde4a618f61859b814b2208d4af1ddb') in 0.102329 seconds 
========================================================================
Received Import Request.
  Time since last request: 14.955714 seconds.
  path: Assets/_Assets/EffectTexturesAndPrefabs/Materials/Fire_A.mat
  artifactKey: Guid(b465c451c01c117458142e3e46fe035b) Importer(815301076,1909f56bfc062723c751e8b465ee728b)
Start importing Assets/_Assets/EffectTexturesAndPrefabs/Materials/Fire_A.mat using Guid(b465c451c01c117458142e3e46fe035b) Importer(815301076,1909f56bfc062723c751e8b465ee728b)  -> (artifact id: '2578eda96f09ccf1c4c69518cdbf127f') in 0.007134 seconds 
========================================================================
Received Import Request.
  Time since last request: 0.000038 seconds.
  path: Assets/_Assets/EffectTexturesAndPrefabs/Materials/LightRing.mat
  artifactKey: Guid(0161c043b67ab5541a07dbabad9d69b4) Importer(815301076,1909f56bfc062723c751e8b465ee728b)
Start importing Assets/_Assets/EffectTexturesAndPrefabs/Materials/LightRing.mat using Guid(0161c043b67ab5541a07dbabad9d69b4) Importer(815301076,1909f56bfc062723c751e8b465ee728b)  -> (artifact id: '143c7224b8a439e0d9ac9457f4f9f970') in 0.010049 seconds 
========================================================================
Received Import Request.
  Time since last request: 25.141092 seconds.
  path: Assets/_Assets/MapMagic/Tools/GUI/Editor/Resources/DPUI/Layers/Add.png
  artifactKey: Guid(4e5b646532743294092cf1143213aa5c) Importer(815301076,1909f56bfc062723c751e8b465ee728b)
Start importing Assets/_Assets/MapMagic/Tools/GUI/Editor/Resources/DPUI/Layers/Add.png using Guid(4e5b646532743294092cf1143213aa5c) Importer(815301076,1909f56bfc062723c751e8b465ee728b)  -> (artifact id: 'bcde8c680443cddc06b07c56f83c9d42') in 0.066922 seconds 
========================================================================
Received Import Request.
  Time since last request: 168.677222 seconds.
  path: Assets/_Assets/DinV_Studio/Poly_Low_Trees_Pack_FREE/Textures/Poly_Low_Trees_packFREE_Color.png
  artifactKey: Guid(5bcc3440a98d82d48a6f6617e18b3514) Importer(815301076,1909f56bfc062723c751e8b465ee728b)
Start importing Assets/_Assets/DinV_Studio/Poly_Low_Trees_Pack_FREE/Textures/Poly_Low_Trees_packFREE_Color.png using Guid(5bcc3440a98d82d48a6f6617e18b3514) Importer(815301076,1909f56bfc062723c751e8b465ee728b)  -> (artifact id: '4e90571bbfd8c419247521767ef6d830') in 0.066600 seconds 
========================================================================
Received Import Request.
  Time since last request: 0.476939 seconds.
  path: Assets/_Assets/MapMagic/Tools/GUI/Editor/Resources/DPUI/Backgrounds/Popup.png
  artifactKey: Guid(f39eca5bd8b1e3f4c99b3b2aa5e5ac1f) Importer(815301076,1909f56bfc062723c751e8b465ee728b)
Start importing Assets/_Assets/MapMagic/Tools/GUI/Editor/Resources/DPUI/Backgrounds/Popup.png using Guid(f39eca5bd8b1e3f4c99b3b2aa5e5ac1f) Importer(815301076,1909f56bfc062723c751e8b465ee728b)  -> (artifact id: '00c4a90df59b1789c20100e3e6db31da') in 0.006908 seconds 
========================================================================
Received Import Request.
  Time since last request: 0.000014 seconds.
  path: Assets/_Assets/MapMagic/Core/Editor/Resources/GeneratorIcons/pro/PortalOut.png
  artifactKey: Guid(619443e587484ac408557d7d4b994d4c) Importer(815301076,1909f56bfc062723c751e8b465ee728b)
Start importing Assets/_Assets/MapMagic/Core/Editor/Resources/GeneratorIcons/pro/PortalOut.png using Guid(619443e587484ac408557d7d4b994d4c) Importer(815301076,1909f56bfc062723c751e8b465ee728b)  -> (artifact id: 'ba511d8a7ecc6f7fc6d19db5334f58cb') in 0.009006 seconds 
========================================================================
Received Import Request.
  Time since last request: 80.337918 seconds.
  path: Assets/_Assets/Procedural fire/Materials/FireSphere2.mat
  artifactKey: Guid(2e69c8c236ea65447a07e24d8cbed40b) Importer(815301076,1909f56bfc062723c751e8b465ee728b)
Start importing Assets/_Assets/Procedural fire/Materials/FireSphere2.mat using Guid(2e69c8c236ea65447a07e24d8cbed40b) Importer(815301076,1909f56bfc062723c751e8b465ee728b)  -> (artifact id: '320d2710d9d686b7e73e0b4e48102a60') in 0.011161 seconds 
========================================================================
Received Import Request.
  Time since last request: 17.646663 seconds.
  path: Assets/_Assets/EffectTexturesAndPrefabs/Prefabs/Fire_A.prefab
  artifactKey: Guid(8b47f39d91e61384889cff33839361dc) Importer(815301076,1909f56bfc062723c751e8b465ee728b)
Start importing Assets/_Assets/EffectTexturesAndPrefabs/Prefabs/Fire_A.prefab using Guid(8b47f39d91e61384889cff33839361dc) Importer(815301076,1909f56bfc062723c751e8b465ee728b)  -> (artifact id: '032b13e0cd28ac6e413c8ee82a1673f7') in 0.019262 seconds 
========================================================================
Received Import Request.
  Time since last request: 0.497854 seconds.
  path: Assets/_Assets/48 Particle Effect Pack/Effect/FireBall2.prefab
  artifactKey: Guid(973eb0a45c837fd46993e1f277f5dacf) Importer(815301076,1909f56bfc062723c751e8b465ee728b)
Start importing Assets/_Assets/48 Particle Effect Pack/Effect/FireBall2.prefab using Guid(973eb0a45c837fd46993e1f277f5dacf) Importer(815301076,1909f56bfc062723c751e8b465ee728b)  -> (artifact id: 'e4694f418ec24e1b1d422ab72354b7db') in 0.011490 seconds 
========================================================================
Received Import Request.
  Time since last request: 0.000017 seconds.
  path: Assets/_Assets/48 Particle Effect Pack/Effect/FireBall3.prefab
  artifactKey: Guid(0ffc584583b8c1541b3c2100725f6ab5) Importer(815301076,1909f56bfc062723c751e8b465ee728b)
Start importing Assets/_Assets/48 Particle Effect Pack/Effect/FireBall3.prefab using Guid(0ffc584583b8c1541b3c2100725f6ab5) Importer(815301076,1909f56bfc062723c751e8b465ee728b)  -> (artifact id: '1c9a39aa9fb5c407f08c830ab6a7bb4d') in 0.008305 seconds 
========================================================================
Received Import Request.
  Time since last request: 0.000015 seconds.
  path: Assets/_Assets/Procedural fire/Prefabs/Magic fire 3.prefab
  artifactKey: Guid(78e8b38d431ddef4fa2994a3f2d6e2ff) Importer(815301076,1909f56bfc062723c751e8b465ee728b)
Start importing Assets/_Assets/Procedural fire/Prefabs/Magic fire 3.prefab using Guid(78e8b38d431ddef4fa2994a3f2d6e2ff) Importer(815301076,1909f56bfc062723c751e8b465ee728b)  -> (artifact id: 'ab71e47e606ad8c4caea014d75eb4846') in 0.007335 seconds 
========================================================================
Received Import Request.
  Time since last request: 0.000019 seconds.
  path: Assets/_Assets/Procedural fire/Prefabs/Magic fire pro orange.prefab
  artifactKey: Guid(e55149ba6f4d00741984987e258c3378) Importer(815301076,1909f56bfc062723c751e8b465ee728b)
Start importing Assets/_Assets/Procedural fire/Prefabs/Magic fire pro orange.prefab using Guid(e55149ba6f4d00741984987e258c3378) Importer(815301076,1909f56bfc062723c751e8b465ee728b)  -> (artifact id: '43b2eca4f616ff24bf0a12aa4ce6f8f6') in 0.008156 seconds 
========================================================================
Received Import Request.
  Time since last request: 0.000022 seconds.
  path: Assets/_Assets/Procedural fire/Prefabs/Magic fire pro blue.prefab
  artifactKey: Guid(c590b17884b119046bc6412066500b7d) Importer(815301076,1909f56bfc062723c751e8b465ee728b)
Start importing Assets/_Assets/Procedural fire/Prefabs/Magic fire pro blue.prefab using Guid(c590b17884b119046bc6412066500b7d) Importer(815301076,1909f56bfc062723c751e8b465ee728b)  -> (artifact id: '5ad54ac8e53c80a4ddc22ea82ffac51f') in 0.008489 seconds 
========================================================================
Received Import Request.
  Time since last request: 0.000025 seconds.
  path: Assets/_Assets/Procedural fire/Textures/FireSphere1.png
  artifactKey: Guid(31679c4b857f0d140bd9566b86eb8674) Importer(815301076,1909f56bfc062723c751e8b465ee728b)
Start importing Assets/_Assets/Procedural fire/Textures/FireSphere1.png using Guid(31679c4b857f0d140bd9566b86eb8674) Importer(815301076,1909f56bfc062723c751e8b465ee728b)  -> (artifact id: 'e241940080cd0c29bea4524e6ae5136b') in 0.005412 seconds 
========================================================================
Received Import Request.
  Time since last request: 0.000023 seconds.
  path: Assets/_Assets/Procedural fire/Prefabs/Magic fire pro green.prefab
  artifactKey: Guid(3d35e81bdc5955041be098ef22e82a3b) Importer(815301076,1909f56bfc062723c751e8b465ee728b)
Start importing Assets/_Assets/Procedural fire/Prefabs/Magic fire pro green.prefab using Guid(3d35e81bdc5955041be098ef22e82a3b) Importer(815301076,1909f56bfc062723c751e8b465ee728b)  -> (artifact id: '0c811e2b78c61b3788dc1ba8c963aa6e') in 0.007241 seconds 
========================================================================
Received Import Request.
  Time since last request: 0.000020 seconds.
  path: Assets/_Assets/Procedural fire/Prefabs/Magic fire pro red.prefab
  artifactKey: Guid(eca000ab44c908d4dab395f654753038) Importer(815301076,1909f56bfc062723c751e8b465ee728b)
Start importing Assets/_Assets/Procedural fire/Prefabs/Magic fire pro red.prefab using Guid(eca000ab44c908d4dab395f654753038) Importer(815301076,1909f56bfc062723c751e8b465ee728b)  -> (artifact id: 'df9a9a0c1a4086a634c9a9b2ac930fc9') in 0.007145 seconds 
========================================================================
Received Import Request.
  Time since last request: 0.000034 seconds.
  path: Assets/_Assets/Procedural fire/Prefabs/Magic fire 2.prefab
  artifactKey: Guid(529eb4216865eba419c1a4a68d0b0388) Importer(815301076,1909f56bfc062723c751e8b465ee728b)
Start importing Assets/_Assets/Procedural fire/Prefabs/Magic fire 2.prefab using Guid(529eb4216865eba419c1a4a68d0b0388) Importer(815301076,1909f56bfc062723c751e8b465ee728b)  -> (artifact id: '5baf90e97ff4acbbd779f64f3b350864') in 0.008615 seconds 
========================================================================
Received Import Request.
  Time since last request: 26.142004 seconds.
  path: Assets/_Assets/48 Particle Effect Pack/Texture/Flash.mat
  artifactKey: Guid(1b50e61b749b338478dc4441f0ab6bbf) Importer(815301076,1909f56bfc062723c751e8b465ee728b)
Start importing Assets/_Assets/48 Particle Effect Pack/Texture/Flash.mat using Guid(1b50e61b749b338478dc4441f0ab6bbf) Importer(815301076,1909f56bfc062723c751e8b465ee728b)  -> (artifact id: '44abc95ff90f695d87394e0fa6706731') in 0.006070 seconds 
========================================================================
Received Import Request.
  Time since last request: 2.727279 seconds.
  path: Assets/_Assets/48 Particle Effect Pack/Texture/Flash3.mat
  artifactKey: Guid(b800d39fd2d4f88498c4a85b29f62906) Importer(815301076,1909f56bfc062723c751e8b465ee728b)
Start importing Assets/_Assets/48 Particle Effect Pack/Texture/Flash3.mat using Guid(b800d39fd2d4f88498c4a85b29f62906) Importer(815301076,1909f56bfc062723c751e8b465ee728b)  -> (artifact id: '61abea686102b3deeff3fb6465bbfe9f') in 0.005358 seconds 
========================================================================
Received Import Request.
  Time since last request: 11.102258 seconds.
  path: Assets/_Assets/Procedural fire
  artifactKey: Guid(17154eeece8150a4c8ada342790cc763) Importer(815301076,1909f56bfc062723c751e8b465ee728b)
Start importing Assets/_Assets/Procedural fire using Guid(17154eeece8150a4c8ada342790cc763) Importer(815301076,1909f56bfc062723c751e8b465ee728b)  -> (artifact id: 'baa374197fb2cfee29ea0e1d140bf24a') in 0.001168 seconds 
========================================================================
Received Import Request.
  Time since last request: 2.235057 seconds.
  path: Assets/_Assets/Procedural fire/Prefabs
  artifactKey: Guid(6a69c24f54926f14cbc357dd8ae715a2) Importer(815301076,1909f56bfc062723c751e8b465ee728b)
Start importing Assets/_Assets/Procedural fire/Prefabs using Guid(6a69c24f54926f14cbc357dd8ae715a2) Importer(815301076,1909f56bfc062723c751e8b465ee728b)  -> (artifact id: '9ac9a475394f77902fd374b9616a8f76') in 0.001111 seconds 
========================================================================
Received Import Request.
  Time since last request: 0.057261 seconds.
  path: Assets/_Assets/Procedural fire/Prefabs/Explosion.prefab
  artifactKey: Guid(67a684e320da6e7439421a07e3fa265c) Importer(815301076,1909f56bfc062723c751e8b465ee728b)
Start importing Assets/_Assets/Procedural fire/Prefabs/Explosion.prefab using Guid(67a684e320da6e7439421a07e3fa265c) Importer(815301076,1909f56bfc062723c751e8b465ee728b)  -> (artifact id: 'f0e36d0b45a11270a43323b19d0e10ff') in 0.008355 seconds 
Editor requested this worker to shutdown with reason: Scaling down because of idle timeout
AssetImportWorker is now disconnected from the server
Process exiting
Exiting without the bug reporter. Application will terminate with return code 0