Using pre-set license
Built from '2021.3/staging' branch; Version is '2021.3.15f1 (e8e88683f834) revision 15263878'; Using compiler version '192829333'; Build Type 'Release'
OS: 'Windows 10  (10.0.19045) 64bit Core' Language: 'en' Physical Memory: 32664 MB
BatchMode: 1, IsHumanControllingUs: 0, StartBugReporterOnCrash: 0, Is64bit: 1, IsPro: 1

COMMAND LINE ARGUMENTS:
C:\Program Files\Unity\Hub\Editor\2021.3.15f1\Editor\Unity.exe
-adb2
-batchMode
-noUpm
-name
AssetImportWorker6
-projectPath
D:/GitHub Repositories/Amped-Arsenal/Amped Arsenal
-logFile
Logs/AssetImportWorker6.log
-srvPort
53426
Successfully changed project path to: D:/GitHub Repositories/Amped-Arsenal/Amped Arsenal
D:/GitHub Repositories/Amped-Arsenal/Amped Arsenal
[UnityMemory] Configuration Parameters - Can be set up in boot.config
    "memorysetup-bucket-allocator-granularity=16"
    "memorysetup-bucket-allocator-bucket-count=8"
    "memorysetup-bucket-allocator-block-size=33554432"
    "memorysetup-bucket-allocator-block-count=8"
    "memorysetup-main-allocator-block-size=16777216"
    "memorysetup-thread-allocator-block-size=16777216"
    "memorysetup-gfx-main-allocator-block-size=16777216"
    "memorysetup-gfx-thread-allocator-block-size=16777216"
    "memorysetup-cache-allocator-block-size=4194304"
    "memorysetup-typetree-allocator-block-size=2097152"
    "memorysetup-profiler-bucket-allocator-granularity=16"
    "memorysetup-profiler-bucket-allocator-bucket-count=8"
    "memorysetup-profiler-bucket-allocator-block-size=33554432"
    "memorysetup-profiler-bucket-allocator-block-count=8"
    "memorysetup-profiler-allocator-block-size=16777216"
    "memorysetup-profiler-editor-allocator-block-size=1048576"
    "memorysetup-temp-allocator-size-main=16777216"
    "memorysetup-job-temp-allocator-block-size=2097152"
    "memorysetup-job-temp-allocator-block-size-background=1048576"
    "memorysetup-job-temp-allocator-reduction-small-platforms=262144"
    "memorysetup-temp-allocator-size-background-worker=32768"
    "memorysetup-temp-allocator-size-job-worker=262144"
    "memorysetup-temp-allocator-size-preload-manager=33554432"
    "memorysetup-temp-allocator-size-nav-mesh-worker=65536"
    "memorysetup-temp-allocator-size-audio-worker=65536"
    "memorysetup-temp-allocator-size-cloud-worker=32768"
    "memorysetup-temp-allocator-size-gi-baking-worker=262144"
    "memorysetup-temp-allocator-size-gfx=262144"
Player connection [50716] Host "[IP] 192.168.0.40 [Port] 0 [Flags] 2 [Guid] 1977207450 [EditorId] 1977207450 [Version] 1048832 [Id] WindowsEditor(7,DESKTOP-9TH93UJ) [Debug] 1 [PackageName] WindowsEditor [ProjectName] Editor" joined multi-casting on [225.0.0.222:54997]...

Player connection [50716] Host "[IP] 192.168.0.40 [Port] 0 [Flags] 2 [Guid] 1977207450 [EditorId] 1977207450 [Version] 1048832 [Id] WindowsEditor(7,DESKTOP-9TH93UJ) [Debug] 1 [PackageName] WindowsEditor [ProjectName] Editor" joined alternative multi-casting on [225.0.0.222:34997]...

Refreshing native plugins compatible for Editor in 90.04 ms, found 4 plugins.
Preloading 0 native plugins for Editor in 0.00 ms.
Initialize engine version: 2021.3.15f1 (e8e88683f834)
[Subsystems] Discovering subsystems at path C:/Program Files/Unity/Hub/Editor/2021.3.15f1/Editor/Data/Resources/UnitySubsystems
[Subsystems] Discovering subsystems at path D:/GitHub Repositories/Amped-Arsenal/Amped Arsenal/Assets
GfxDevice: creating device client; threaded=0; jobified=0
Direct3D:
    Version:  Direct3D 11.0 [level 11.1]
    Renderer: NVIDIA GeForce RTX 3060 Ti (ID=0x2489)
    Vendor:   NVIDIA
    VRAM:     8038 MB
    Driver:   31.0.15.2737
Initialize mono
Mono path[0] = 'C:/Program Files/Unity/Hub/Editor/2021.3.15f1/Editor/Data/Managed'
Mono path[1] = 'C:/Program Files/Unity/Hub/Editor/2021.3.15f1/Editor/Data/MonoBleedingEdge/lib/mono/unityjit-win32'
Mono config path = 'C:/Program Files/Unity/Hub/Editor/2021.3.15f1/Editor/Data/MonoBleedingEdge/etc'
Using monoOptions --debugger-agent=transport=dt_socket,embedding=1,server=y,suspend=n,address=127.0.0.1:56144
Begin MonoManager ReloadAssembly
Registering precompiled unity dll's ...
Register platform support module: C:/Program Files/Unity/Hub/Editor/2021.3.15f1/Editor/Data/PlaybackEngines/WebGLSupport/UnityEditor.WebGL.Extensions.dll
Register platform support module: C:/Program Files/Unity/Hub/Editor/2021.3.15f1/Editor/Data/PlaybackEngines/AndroidPlayer/UnityEditor.Android.Extensions.dll
Register platform support module: C:/Program Files/Unity/Hub/Editor/2021.3.15f1/Editor/Data/PlaybackEngines/iOSSupport/UnityEditor.iOS.Extensions.dll
Register platform support module: C:/Program Files/Unity/Hub/Editor/2021.3.15f1/Editor/Data/PlaybackEngines/WindowsStandaloneSupport/UnityEditor.WindowsStandalone.Extensions.dll
Registered in 0.007499 seconds.
Native extension for WindowsStandalone target not found
[usbmuxd] Start listen thread
[usbmuxd] Listen thread started
Native extension for iOS target not found
Native extension for Android target not found
Native extension for WebGL target not found
Refreshing native plugins compatible for Editor in 86.61 ms, found 4 plugins.
Preloading 0 native plugins for Editor in 0.00 ms.
Mono: successfully reloaded assembly
- Completed reload, in  0.500 seconds
Domain Reload Profiling:
	ReloadAssembly (501ms)
		BeginReloadAssembly (52ms)
			ExecutionOrderSort (0ms)
			DisableScriptedObjects (0ms)
			BackupInstance (0ms)
			ReleaseScriptingObjects (0ms)
			CreateAndSetChildDomain (1ms)
		EndReloadAssembly (369ms)
			LoadAssemblies (50ms)
			RebuildTransferFunctionScriptingTraits (0ms)
			SetupTypeCache (74ms)
			ReleaseScriptCaches (0ms)
			RebuildScriptCaches (18ms)
			SetupLoadedEditorAssemblies (239ms)
				LogAssemblyErrors (0ms)
				InitializePlatformSupportModulesInManaged (50ms)
				SetLoadedEditorAssemblies (0ms)
				RefreshPlugins (87ms)
				BeforeProcessingInitializeOnLoad (1ms)
				ProcessInitializeOnLoadAttributes (68ms)
				ProcessInitializeOnLoadMethodAttributes (33ms)
				AfterProcessingInitializeOnLoad (0ms)
				EditorAssembliesLoaded (0ms)
			ExecutionOrderSort2 (0ms)
			AwakeInstancesAfterBackupRestoration (0ms)
Platform modules already initialized, skipping
Registering precompiled user dll's ...
Registered in 0.003811 seconds.
Begin MonoManager ReloadAssembly
Symbol file LoadedFromMemory doesn't match image D:\GitHub Repositories\Amped-Arsenal\Amped Arsenal\Library\PackageCache\com.unity.visualscripting@1.7.8\Editor\VisualScripting.Core\Dependencies\YamlDotNet\Unity.VisualScripting.YamlDotNet.dll
Symbol file LoadedFromMemory doesn't match image D:\GitHub Repositories\Amped-Arsenal\Amped Arsenal\Library\PackageCache\com.unity.visualscripting@1.7.8\Editor\VisualScripting.Core\Dependencies\DotNetZip\Unity.VisualScripting.IonicZip.dll
Native extension for WindowsStandalone target not found
Native extension for iOS target not found
Native extension for Android target not found
Native extension for WebGL target not found
Refreshing native plugins compatible for Editor in 89.56 ms, found 4 plugins.
Preloading 0 native plugins for Editor in 0.00 ms.
Mono: successfully reloaded assembly
- Completed reload, in  1.115 seconds
Domain Reload Profiling:
	ReloadAssembly (1115ms)
		BeginReloadAssembly (188ms)
			ExecutionOrderSort (0ms)
			DisableScriptedObjects (4ms)
			BackupInstance (0ms)
			ReleaseScriptingObjects (0ms)
			CreateAndSetChildDomain (119ms)
		EndReloadAssembly (842ms)
			LoadAssemblies (70ms)
			RebuildTransferFunctionScriptingTraits (0ms)
			SetupTypeCache (232ms)
			ReleaseScriptCaches (1ms)
			RebuildScriptCaches (49ms)
			SetupLoadedEditorAssemblies (462ms)
				LogAssemblyErrors (0ms)
				InitializePlatformSupportModulesInManaged (18ms)
				SetLoadedEditorAssemblies (0ms)
				RefreshPlugins (90ms)
				BeforeProcessingInitializeOnLoad (86ms)
				ProcessInitializeOnLoadAttributes (197ms)
				ProcessInitializeOnLoadMethodAttributes (65ms)
				AfterProcessingInitializeOnLoad (7ms)
				EditorAssembliesLoaded (0ms)
			ExecutionOrderSort2 (0ms)
			AwakeInstancesAfterBackupRestoration (5ms)
Platform modules already initialized, skipping
========================================================================
Worker process is ready to serve import requests
Shader 'MapMagic/TerrainPreviewHDRP': dependency 'BaseMapShader' shader 'Hidden/HDRP/TerrainLit_Basemap' not found
Shader 'MapMagic/TerrainPreviewHDRP': dependency 'BaseMapGenShader' shader 'Hidden/HDRP/TerrainLit_BasemapGen' not found
Shader 'MapMagic/TerrainPreviewHDRP': dependency 'BaseMapShader' shader 'Hidden/HDRP/TerrainLit_Basemap' not found
Shader 'MapMagic/TerrainPreviewHDRP': dependency 'BaseMapGenShader' shader 'Hidden/HDRP/TerrainLit_BasemapGen' not found
Launched and connected shader compiler UnityShaderCompiler.exe after 0.34 seconds
Refreshing native plugins compatible for Editor in 1.24 ms, found 4 plugins.
Preloading 0 native plugins for Editor in 0.00 ms.
Unloading 5600 Unused Serialized files (Serialized files now loaded: 0)
Unloading 52 unused Assets / (4.7 MB). Loaded Objects now: 6056.
Memory consumption went from 321.9 MB to 317.2 MB.
Total: 5.352800 ms (FindLiveObjects: 0.441200 ms CreateObjectMapping: 0.138700 ms MarkObjects: 2.910500 ms  DeleteObjects: 1.861700 ms)

AssetImportParameters requested are different than current active one (requested -> active):
  custom:video-decoder-ogg-theora: a1e56fd34408186e4bbccfd4996cb3dc -> 
  custom:container-muxer-webm: aa71ff27fc2769a1b78a27578f13a17b -> 
  custom:container-demuxer-webm: 4f35f7cbe854078d1ac9338744f61a02 -> 
  custom:video-encoder-webm-vp8: eb34c28f22e8b96e1ab97ce403110664 -> 
  custom:audio-encoder-webm-vorbis: bf7c407c2cedff20999df2af8eb42d56 -> 
  custom:framework-win-MediaFoundation: 216162199b28c13a410421893ffa2e32 -> 
  custom:container-demuxer-ogg: 62fdf1f143b41e24485cea50d1cbac27 -> 
  custom:video-decoder-webm-vp8: 9c59270c3fd7afecdb556c50c9e8de78 -> 
  custom:audio-decoder-ogg-vorbis: bf7c407c2cedff20999df2af8eb42d56 -> 
========================================================================
Received Import Request.
  Time since last request: 1686391.878517 seconds.
  path: Assets/_Assets/Procedural fire/Prefabs/RotatorPS1.prefab
  artifactKey: Guid(1381b64ff1936ac4e80c3a00687081f3) Importer(815301076,1909f56bfc062723c751e8b465ee728b)
Start importing Assets/_Assets/Procedural fire/Prefabs/RotatorPS1.prefab using Guid(1381b64ff1936ac4e80c3a00687081f3) Importer(815301076,1909f56bfc062723c751e8b465ee728b)  -> (artifact id: '81ab28403e10bd986bd5e8edbf4b438f') in 0.087675 seconds 
========================================================================
Received Import Request.
  Time since last request: 954.345847 seconds.
  path: Assets/_Assets/3D Pixel Item Pack/1.Prefabs/Color_Pack_01/Arrow_Asset_Prefab_01.prefab
  artifactKey: Guid(e9bc2a0f3387dee448e3a16b2d0bff88) Importer(815301076,1909f56bfc062723c751e8b465ee728b)
Start importing Assets/_Assets/3D Pixel Item Pack/1.Prefabs/Color_Pack_01/Arrow_Asset_Prefab_01.prefab using Guid(e9bc2a0f3387dee448e3a16b2d0bff88) Importer(815301076,1909f56bfc062723c751e8b465ee728b)  -> (artifact id: '835c3a5da5e7c964c0aa3392a80d970c') in 0.079229 seconds 
========================================================================
Received Import Request.
  Time since last request: 0.630877 seconds.
  path: Assets/_Assets/48 Particle Effect Pack/Effect/Buff2.prefab
  artifactKey: Guid(68849d937b3285f4083f33a1dc4cd5ed) Importer(815301076,1909f56bfc062723c751e8b465ee728b)
Start importing Assets/_Assets/48 Particle Effect Pack/Effect/Buff2.prefab using Guid(68849d937b3285f4083f33a1dc4cd5ed) Importer(815301076,1909f56bfc062723c751e8b465ee728b)  -> (artifact id: '92f4aeab5e62ef0cf75fee3c065629d7') in 0.008821 seconds 
========================================================================
Received Import Request.
  Time since last request: 0.000039 seconds.
  path: Assets/_Assets/MapMagic/Tools/GUI/Editor/Resources/DPUI/Icons/EyeOff.png
  artifactKey: Guid(f61e7d7d048bdf047b6938b5d57dd99b) Importer(815301076,1909f56bfc062723c751e8b465ee728b)
Start importing Assets/_Assets/MapMagic/Tools/GUI/Editor/Resources/DPUI/Icons/EyeOff.png using Guid(f61e7d7d048bdf047b6938b5d57dd99b) Importer(815301076,1909f56bfc062723c751e8b465ee728b)  -> (artifact id: '1afaf187242911b42d141081f1ff0099') in 0.044542 seconds 
========================================================================
Received Import Request.
  Time since last request: 0.000028 seconds.
  path: Assets/_Assets/MapMagic/Tools/GUI/Editor/Resources/DPUI/TexCh/ColRelief.png
  artifactKey: Guid(a3da4d86493eab94590d0261ee54c961) Importer(815301076,1909f56bfc062723c751e8b465ee728b)
Start importing Assets/_Assets/MapMagic/Tools/GUI/Editor/Resources/DPUI/TexCh/ColRelief.png using Guid(a3da4d86493eab94590d0261ee54c961) Importer(815301076,1909f56bfc062723c751e8b465ee728b)  -> (artifact id: 'b25753dbaac6abac1e981b20f8ed98fe') in 0.007293 seconds 
========================================================================
Received Import Request.
  Time since last request: 0.000027 seconds.
  path: Assets/_Assets/MapMagic/Tools/GUI/Editor/Resources/DPUI/Icons/pro/EyeOff.png
  artifactKey: Guid(2ef54bdfdbc61154fa7fdbff309d61be) Importer(815301076,1909f56bfc062723c751e8b465ee728b)
Start importing Assets/_Assets/MapMagic/Tools/GUI/Editor/Resources/DPUI/Icons/pro/EyeOff.png using Guid(2ef54bdfdbc61154fa7fdbff309d61be) Importer(815301076,1909f56bfc062723c751e8b465ee728b)  -> (artifact id: 'c7e607ad0c944bb3e6935188ac4270e6') in 0.005530 seconds 
========================================================================
Received Import Request.
  Time since last request: 0.000020 seconds.
  path: Assets/_Assets/MapMagic/Tools/GUI/Editor/Resources/DPUI/Backgrounds/pro/Field.png
  artifactKey: Guid(0e2d4c74683141545bc779bc14ca5207) Importer(815301076,1909f56bfc062723c751e8b465ee728b)
Start importing Assets/_Assets/MapMagic/Tools/GUI/Editor/Resources/DPUI/Backgrounds/pro/Field.png using Guid(0e2d4c74683141545bc779bc14ca5207) Importer(815301076,1909f56bfc062723c751e8b465ee728b)  -> (artifact id: 'fcf24a8e425a7e8ee29956d35cbf12f0') in 0.005670 seconds 
========================================================================
Received Import Request.
  Time since last request: 0.000015 seconds.
  path: Assets/_Assets/48 Particle Effect Pack/Effect/Buff3.prefab
  artifactKey: Guid(4f1e87ee37fd9904b8aa23d71ab1b9a1) Importer(815301076,1909f56bfc062723c751e8b465ee728b)
Start importing Assets/_Assets/48 Particle Effect Pack/Effect/Buff3.prefab using Guid(4f1e87ee37fd9904b8aa23d71ab1b9a1) Importer(815301076,1909f56bfc062723c751e8b465ee728b)  -> (artifact id: '4b5e7b2dee6fcb85e9f10b5ff1776755') in 0.015853 seconds 
========================================================================
Received Import Request.
  Time since last request: 0.000024 seconds.
  path: Assets/_Assets/48 Particle Effect Pack/Effect/FantasyEffect.prefab
  artifactKey: Guid(958065eadd2de834cba095e936840ab9) Importer(815301076,1909f56bfc062723c751e8b465ee728b)
Start importing Assets/_Assets/48 Particle Effect Pack/Effect/FantasyEffect.prefab using Guid(958065eadd2de834cba095e936840ab9) Importer(815301076,1909f56bfc062723c751e8b465ee728b)  -> (artifact id: '3d7e5702cf97beb0116e96d4017fbb68') in 0.016100 seconds 
========================================================================
Received Import Request.
  Time since last request: 14.317626 seconds.
  path: Assets/_Assets/EffectTexturesAndPrefabs/Prefabs
  artifactKey: Guid(a3a504e408ca2f24697af91ece75274d) Importer(815301076,1909f56bfc062723c751e8b465ee728b)
Start importing Assets/_Assets/EffectTexturesAndPrefabs/Prefabs using Guid(a3a504e408ca2f24697af91ece75274d) Importer(815301076,1909f56bfc062723c751e8b465ee728b)  -> (artifact id: '5800f8400e3ad184d434f16123305233') in 0.000983 seconds 
========================================================================
Received Import Request.
  Time since last request: 0.910541 seconds.
  path: Assets/_Assets/EffectTexturesAndPrefabs/Prefabs/Cube.prefab
  artifactKey: Guid(3db9e95faad829f4b953f712b1811fc5) Importer(815301076,1909f56bfc062723c751e8b465ee728b)
Start importing Assets/_Assets/EffectTexturesAndPrefabs/Prefabs/Cube.prefab using Guid(3db9e95faad829f4b953f712b1811fc5) Importer(815301076,1909f56bfc062723c751e8b465ee728b)  -> (artifact id: 'e8b58e09841d52ffdd8da2a47baf3dee') in 0.008812 seconds 
========================================================================
Received Import Request.
  Time since last request: 0.000018 seconds.
  path: Assets/_Assets/EffectTexturesAndPrefabs/Prefabs/Star_B.prefab
  artifactKey: Guid(2547a66872ebe45408ace228820a79e1) Importer(815301076,1909f56bfc062723c751e8b465ee728b)
Start importing Assets/_Assets/EffectTexturesAndPrefabs/Prefabs/Star_B.prefab using Guid(2547a66872ebe45408ace228820a79e1) Importer(815301076,1909f56bfc062723c751e8b465ee728b)  -> (artifact id: '2c6b26f4c962d5f558e855a88894a757') in 0.008871 seconds 
========================================================================
Received Import Request.
  Time since last request: 0.000017 seconds.
  path: Assets/_Assets/EffectTexturesAndPrefabs/Prefabs/smoke_thin.prefab
  artifactKey: Guid(b07739ad126c6ff46875821c2a3cd124) Importer(815301076,1909f56bfc062723c751e8b465ee728b)
Start importing Assets/_Assets/EffectTexturesAndPrefabs/Prefabs/smoke_thin.prefab using Guid(b07739ad126c6ff46875821c2a3cd124) Importer(815301076,1909f56bfc062723c751e8b465ee728b)  -> (artifact id: 'c2dd6e05f51a55ba4fa20f4c74b069f5') in 0.026541 seconds 
========================================================================
Received Import Request.
  Time since last request: 0.000029 seconds.
  path: Assets/_Assets/EffectTexturesAndPrefabs/Prefabs/HitEffect_B.prefab
  artifactKey: Guid(3fe0df07025a3e747855b1bb671fc04e) Importer(815301076,1909f56bfc062723c751e8b465ee728b)
Start importing Assets/_Assets/EffectTexturesAndPrefabs/Prefabs/HitEffect_B.prefab using Guid(3fe0df07025a3e747855b1bb671fc04e) Importer(815301076,1909f56bfc062723c751e8b465ee728b)  -> (artifact id: '779265fce0ce86852563aa450d94c8c1') in 0.010615 seconds 
========================================================================
Received Import Request.
  Time since last request: 0.000029 seconds.
  path: Assets/_Assets/EffectTexturesAndPrefabs/Prefabs/Star_A Gold.prefab
  artifactKey: Guid(cb7d2182addc6e740ba7f01909da2b5d) Importer(815301076,1909f56bfc062723c751e8b465ee728b)
Start importing Assets/_Assets/EffectTexturesAndPrefabs/Prefabs/Star_A Gold.prefab using Guid(cb7d2182addc6e740ba7f01909da2b5d) Importer(815301076,1909f56bfc062723c751e8b465ee728b)  -> (artifact id: '13955f85fb0cec1aa23daedfb8475b94') in 0.040777 seconds 
========================================================================
Received Prepare
Registering precompiled user dll's ...
Registered in 0.005018 seconds.
Begin MonoManager ReloadAssembly
Symbol file LoadedFromMemory doesn't match image D:\GitHub Repositories\Amped-Arsenal\Amped Arsenal\Library\PackageCache\com.unity.visualscripting@1.7.8\Editor\VisualScripting.Core\Dependencies\YamlDotNet\Unity.VisualScripting.YamlDotNet.dll
Symbol file LoadedFromMemory doesn't match image D:\GitHub Repositories\Amped-Arsenal\Amped Arsenal\Library\PackageCache\com.unity.visualscripting@1.7.8\Editor\VisualScripting.Core\Dependencies\DotNetZip\Unity.VisualScripting.IonicZip.dll
Native extension for WindowsStandalone target not found
Native extension for iOS target not found
Native extension for Android target not found
Native extension for WebGL target not found
Refreshing native plugins compatible for Editor in 100.37 ms, found 5 plugins.
Preloading 0 native plugins for Editor in 0.00 ms.
Error saving file Library/StateCache/LayerSettings/9e/9ecc5c3c162a7aba29bafa64c8b94b7c.json. Error: System.IO.IOException: Sharing violation on path D:\GitHub Repositories\Amped-Arsenal\Amped Arsenal\Library\StateCache\LayerSettings\9e\9ecc5c3c162a7aba29bafa64c8b94b7c.json
  at System.IO.FileStream..ctor (System.String path, System.IO.FileMode mode, System.IO.FileAccess access, System.IO.FileShare share, System.Int32 bufferSize, System.Boolean anonymous, System.IO.FileOptions options) [0x0019e] in <d6232873609549b8a045fa15811a5bd3>:0 
  at System.IO.FileStream..ctor (System.String path, System.IO.FileMode mode, System.IO.FileAccess access, System.IO.FileShare share, System.Int32 bufferSize, System.IO.FileOptions options) [0x00000] in <d6232873609549b8a045fa15811a5bd3>:0 
  at (wrapper remoting-invoke-with-check) System.IO.FileStream..ctor(string,System.IO.FileMode,System.IO.FileAccess,System.IO.FileShare,int,System.IO.FileOptions)
  at System.IO.StreamWriter..ctor (System.String path, System.Boolean append, System.Text.Encoding encoding, System.Int32 bufferSize) [0x00055] in <d6232873609549b8a045fa15811a5bd3>:0 
  at System.IO.StreamWriter..ctor (System.String path, System.Boolean append, System.Text.Encoding encoding) [0x00000] in <d6232873609549b8a045fa15811a5bd3>:0 
  at (wrapper remoting-invoke-with-check) System.IO.StreamWriter..ctor(string,bool,System.Text.Encoding)
  at System.IO.File.WriteAllText (System.String path, System.String contents, System.Text.Encoding encoding) [0x00034] in <d6232873609549b8a045fa15811a5bd3>:0 
  at UnityEditor.StateCache`1[T].SetState (UnityEngine.Hash128 key, T obj) [0x0004b] in <63965ae56af7489797f355b7c1211ab2>:0 
UnityEngine.StackTraceUtility:ExtractStackTrace ()
UnityEngine.DebugLogHandler:LogFormat (UnityEngine.LogType,UnityEngine.Object,string,object[])
UnityEngine.Logger:Log (UnityEngine.LogType,object)
UnityEngine.Debug:LogError (object)
UnityEditor.StateCache`1<UnityEditor.Tools/LayerSettings>:SetState (UnityEngine.Hash128,UnityEditor.Tools/LayerSettings)
UnityEditor.Tools:set_lockedLayers (int)
UnityEditor.Tools:OnEnable ()
UnityEngine.ScriptableObject:CreateInstance (System.Type)
UnityEngine.ScriptableObject:CreateInstance<UnityEditor.Tools> ()
UnityEditor.Tools:get_get ()
UnityEditor.Tools:get_visibleLayers ()
UnityEditor.Animations.Rigging.BoneRendererUtils:.cctor () (at Library/PackageCache/com.unity.animation.rigging@1.1.1/Editor/Utils/BoneRendererUtils.cs:121)
System.Runtime.CompilerServices.RuntimeHelpers:RunClassConstructor (System.RuntimeTypeHandle)
UnityEditor.EditorAssemblies:ProcessInitializeOnLoadAttributes (System.Type[])

(Filename: Library/PackageCache/com.unity.animation.rigging@1.1.1/Editor/Utils/BoneRendererUtils.cs Line: 121)

Mono: successfully reloaded assembly
- Completed reload, in  1.110 seconds
Domain Reload Profiling:
	ReloadAssembly (1111ms)
		BeginReloadAssembly (120ms)
			ExecutionOrderSort (0ms)
			DisableScriptedObjects (4ms)
			BackupInstance (0ms)
			ReleaseScriptingObjects (0ms)
			CreateAndSetChildDomain (40ms)
		EndReloadAssembly (919ms)
			LoadAssemblies (82ms)
			RebuildTransferFunctionScriptingTraits (0ms)
			SetupTypeCache (266ms)
			ReleaseScriptCaches (2ms)
			RebuildScriptCaches (36ms)
			SetupLoadedEditorAssemblies (495ms)
				LogAssemblyErrors (0ms)
				InitializePlatformSupportModulesInManaged (23ms)
				SetLoadedEditorAssemblies (0ms)
				RefreshPlugins (100ms)
				BeforeProcessingInitializeOnLoad (75ms)
				ProcessInitializeOnLoadAttributes (223ms)
				ProcessInitializeOnLoadMethodAttributes (66ms)
				AfterProcessingInitializeOnLoad (8ms)
				EditorAssembliesLoaded (0ms)
			ExecutionOrderSort2 (0ms)
			AwakeInstancesAfterBackupRestoration (6ms)
Platform modules already initialized, skipping
Shader 'MapMagic/TerrainPreviewHDRP': dependency 'BaseMapShader' shader 'Hidden/HDRP/TerrainLit_Basemap' not found
Shader 'MapMagic/TerrainPreviewHDRP': dependency 'BaseMapGenShader' shader 'Hidden/HDRP/TerrainLit_BasemapGen' not found
Shader 'MapMagic/TerrainPreviewHDRP': dependency 'BaseMapShader' shader 'Hidden/HDRP/TerrainLit_Basemap' not found
Shader 'MapMagic/TerrainPreviewHDRP': dependency 'BaseMapGenShader' shader 'Hidden/HDRP/TerrainLit_BasemapGen' not found
Refreshing native plugins compatible for Editor in 2.67 ms, found 5 plugins.
Preloading 0 native plugins for Editor in 0.00 ms.
Unloading 6599 Unused Serialized files (Serialized files now loaded: 0)
Unloading 68 unused Assets / (6.3 MB). Loaded Objects now: 7223.
Memory consumption went from 354.0 MB to 347.7 MB.
Total: 5.154600 ms (FindLiveObjects: 0.425000 ms CreateObjectMapping: 0.347200 ms MarkObjects: 3.192800 ms  DeleteObjects: 1.188800 ms)

AssetImportParameters requested are different than current active one (requested -> active):
  custom:video-decoder-ogg-theora: a1e56fd34408186e4bbccfd4996cb3dc -> 
  custom:container-muxer-webm: aa71ff27fc2769a1b78a27578f13a17b -> 
  custom:container-demuxer-webm: 4f35f7cbe854078d1ac9338744f61a02 -> 
  custom:video-encoder-webm-vp8: eb34c28f22e8b96e1ab97ce403110664 -> 
  custom:audio-encoder-webm-vorbis: bf7c407c2cedff20999df2af8eb42d56 -> 
  custom:framework-win-MediaFoundation: 216162199b28c13a410421893ffa2e32 -> 
  custom:container-demuxer-ogg: 62fdf1f143b41e24485cea50d1cbac27 -> 
  custom:video-decoder-webm-vp8: 9c59270c3fd7afecdb556c50c9e8de78 -> 
  custom:audio-decoder-ogg-vorbis: bf7c407c2cedff20999df2af8eb42d56 -> 
========================================================================
Received Prepare
Registering precompiled user dll's ...
Registered in 0.005387 seconds.
Begin MonoManager ReloadAssembly
Symbol file LoadedFromMemory doesn't match image D:\GitHub Repositories\Amped-Arsenal\Amped Arsenal\Library\PackageCache\com.unity.visualscripting@1.7.8\Editor\VisualScripting.Core\Dependencies\YamlDotNet\Unity.VisualScripting.YamlDotNet.dll
Symbol file LoadedFromMemory doesn't match image D:\GitHub Repositories\Amped-Arsenal\Amped Arsenal\Library\PackageCache\com.unity.visualscripting@1.7.8\Editor\VisualScripting.Core\Dependencies\DotNetZip\Unity.VisualScripting.IonicZip.dll
Native extension for WindowsStandalone target not found
Native extension for iOS target not found
Native extension for Android target not found
Native extension for WebGL target not found
Refreshing native plugins compatible for Editor in 1.54 ms, found 5 plugins.
Preloading 0 native plugins for Editor in 0.00 ms.
Mono: successfully reloaded assembly
- Completed reload, in  1.032 seconds
Domain Reload Profiling:
	ReloadAssembly (1033ms)
		BeginReloadAssembly (122ms)
			ExecutionOrderSort (0ms)
			DisableScriptedObjects (3ms)
			BackupInstance (0ms)
			ReleaseScriptingObjects (0ms)
			CreateAndSetChildDomain (46ms)
		EndReloadAssembly (835ms)
			LoadAssemblies (79ms)
			RebuildTransferFunctionScriptingTraits (0ms)
			SetupTypeCache (248ms)
			ReleaseScriptCaches (3ms)
			RebuildScriptCaches (64ms)
			SetupLoadedEditorAssemblies (410ms)
				LogAssemblyErrors (0ms)
				InitializePlatformSupportModulesInManaged (25ms)
				SetLoadedEditorAssemblies (0ms)
				RefreshPlugins (2ms)
				BeforeProcessingInitializeOnLoad (84ms)
				ProcessInitializeOnLoadAttributes (222ms)
				ProcessInitializeOnLoadMethodAttributes (69ms)
				AfterProcessingInitializeOnLoad (8ms)
				EditorAssembliesLoaded (0ms)
			ExecutionOrderSort2 (0ms)
			AwakeInstancesAfterBackupRestoration (8ms)
Platform modules already initialized, skipping
Shader 'MapMagic/TerrainPreviewHDRP': dependency 'BaseMapShader' shader 'Hidden/HDRP/TerrainLit_Basemap' not found
Shader 'MapMagic/TerrainPreviewHDRP': dependency 'BaseMapGenShader' shader 'Hidden/HDRP/TerrainLit_BasemapGen' not found
Shader 'MapMagic/TerrainPreviewHDRP': dependency 'BaseMapShader' shader 'Hidden/HDRP/TerrainLit_Basemap' not found
Shader 'MapMagic/TerrainPreviewHDRP': dependency 'BaseMapGenShader' shader 'Hidden/HDRP/TerrainLit_BasemapGen' not found
Refreshing native plugins compatible for Editor in 2.81 ms, found 5 plugins.
Preloading 0 native plugins for Editor in 0.00 ms.
Unloading 6605 Unused Serialized files (Serialized files now loaded: 0)
Unloading 68 unused Assets / (6.3 MB). Loaded Objects now: 7245.
Memory consumption went from 355.1 MB to 348.8 MB.
Total: 5.793100 ms (FindLiveObjects: 0.471700 ms CreateObjectMapping: 0.467000 ms MarkObjects: 3.590400 ms  DeleteObjects: 1.263000 ms)

AssetImportParameters requested are different than current active one (requested -> active):
  custom:video-decoder-ogg-theora: a1e56fd34408186e4bbccfd4996cb3dc -> 
  custom:container-muxer-webm: aa71ff27fc2769a1b78a27578f13a17b -> 
  custom:container-demuxer-webm: 4f35f7cbe854078d1ac9338744f61a02 -> 
  custom:video-encoder-webm-vp8: eb34c28f22e8b96e1ab97ce403110664 -> 
  custom:audio-encoder-webm-vorbis: bf7c407c2cedff20999df2af8eb42d56 -> 
  custom:framework-win-MediaFoundation: 216162199b28c13a410421893ffa2e32 -> 
  custom:container-demuxer-ogg: 62fdf1f143b41e24485cea50d1cbac27 -> 
  custom:video-decoder-webm-vp8: 9c59270c3fd7afecdb556c50c9e8de78 -> 
  custom:audio-decoder-ogg-vorbis: bf7c407c2cedff20999df2af8eb42d56 -> 
========================================================================
Received Import Request.
  Time since last request: 210.269085 seconds.
  path: Assets/Square.png
  artifactKey: Guid(a6d44fed27cfa214abb75810ca7908cc) Importer(815301076,1909f56bfc062723c751e8b465ee728b)
Start importing Assets/Square.png using Guid(a6d44fed27cfa214abb75810ca7908cc) Importer(815301076,1909f56bfc062723c751e8b465ee728b)  -> (artifact id: '53552b9d17fab2f58e45e7103a33bb7f') in 0.072322 seconds 
========================================================================
Received Import Request.
  Time since last request: 7.503459 seconds.
  path: Assets/_Elements/Textures/2x2Fire.png
  artifactKey: Guid(4f9f78c5edb72a6448015d5bd9e092ae) Importer(815301076,1909f56bfc062723c751e8b465ee728b)
Start importing Assets/_Elements/Textures/2x2Fire.png using Guid(4f9f78c5edb72a6448015d5bd9e092ae) Importer(815301076,1909f56bfc062723c751e8b465ee728b)  -> (artifact id: '483e92fc602e722b283b7677f9ec6f17') in 0.060195 seconds 
========================================================================
Received Import Request.
  Time since last request: 0.469383 seconds.
  path: Assets/_Elements/Textures/4x4Fire.png
  artifactKey: Guid(ed63945ce5f1a874d8aaa54c2fa2a118) Importer(815301076,1909f56bfc062723c751e8b465ee728b)
Start importing Assets/_Elements/Textures/4x4Fire.png using Guid(ed63945ce5f1a874d8aaa54c2fa2a118) Importer(815301076,1909f56bfc062723c751e8b465ee728b)  -> (artifact id: '7418dcac495b94a6f9846a8cc9c881ed') in 0.046619 seconds 
========================================================================
Received Import Request.
  Time since last request: 0.000021 seconds.
  path: Assets/_Elements/Textures/4x4Fire1.png
  artifactKey: Guid(3ec887fb9f07bef40b1731e64468b334) Importer(815301076,1909f56bfc062723c751e8b465ee728b)
Start importing Assets/_Elements/Textures/4x4Fire1.png using Guid(3ec887fb9f07bef40b1731e64468b334) Importer(815301076,1909f56bfc062723c751e8b465ee728b)  -> (artifact id: 'dffefe9c7c56789007c5261a993339d1') in 0.046773 seconds 
========================================================================
Received Import Request.
  Time since last request: 0.000020 seconds.
  path: Assets/_Elements/Textures/Bonfire5x5.png
  artifactKey: Guid(7e62bc751d8f44d4cacf427cdc5856c0) Importer(815301076,1909f56bfc062723c751e8b465ee728b)
Start importing Assets/_Elements/Textures/Bonfire5x5.png using Guid(7e62bc751d8f44d4cacf427cdc5856c0) Importer(815301076,1909f56bfc062723c751e8b465ee728b)  -> (artifact id: '7bcf6cc3027b4013f797e91729732fbc') in 0.070458 seconds 
========================================================================
Received Import Request.
  Time since last request: 17.946102 seconds.
  path: Assets/_Elements/_FireVFX/Materials/FireMaterials/FireAshAdd.mat
  artifactKey: Guid(cb34dc1c5c26b864e9fb0e54ea1a312a) Importer(815301076,1909f56bfc062723c751e8b465ee728b)
Start importing Assets/_Elements/_FireVFX/Materials/FireMaterials/FireAshAdd.mat using Guid(cb34dc1c5c26b864e9fb0e54ea1a312a) Importer(815301076,1909f56bfc062723c751e8b465ee728b)  -> (artifact id: 'da342d62f43091246821e5d360628cbd') in 0.164145 seconds 
========================================================================
Received Import Request.
  Time since last request: 0.000024 seconds.
  path: Assets/_Elements/_FireVFX/Materials/FireExplosion.mat
  artifactKey: Guid(70bc5f27a885b1f4b9c477abd55b176d) Importer(815301076,1909f56bfc062723c751e8b465ee728b)
Start importing Assets/_Elements/_FireVFX/Materials/FireExplosion.mat using Guid(70bc5f27a885b1f4b9c477abd55b176d) Importer(815301076,1909f56bfc062723c751e8b465ee728b)  -> (artifact id: '14bfbaa249e362ac7014af5f38f59ce2') in 0.160219 seconds 
========================================================================
Received Import Request.
  Time since last request: 0.000047 seconds.
  path: Assets/_Elements/_FireVFX/FIreModels/Meshes/FireBlast2.fbx
  artifactKey: Guid(36d6a1394c9abb340b407a4b73b121c6) Importer(815301076,1909f56bfc062723c751e8b465ee728b)
Start importing Assets/_Elements/_FireVFX/FIreModels/Meshes/FireBlast2.fbx using Guid(36d6a1394c9abb340b407a4b73b121c6) Importer(815301076,1909f56bfc062723c751e8b465ee728b)  -> (artifact id: 'de0cb2778929d1f79c3f3f876c222450') in 0.031957 seconds 
========================================================================
Received Import Request.
  Time since last request: 0.000022 seconds.
  path: Assets/_Elements/_FireVFX/FIreModels/Meshes/FireCylinderVFX.fbx
  artifactKey: Guid(c2a24287451482a479186bf72991ca77) Importer(815301076,1909f56bfc062723c751e8b465ee728b)
Start importing Assets/_Elements/_FireVFX/FIreModels/Meshes/FireCylinderVFX.fbx using Guid(c2a24287451482a479186bf72991ca77) Importer(815301076,1909f56bfc062723c751e8b465ee728b)  -> (artifact id: '3244f4fbf49e735a09df2a714c18ff0d') in 0.009196 seconds 
========================================================================
Received Import Request.
  Time since last request: 0.000018 seconds.
  path: Assets/_Elements/_FireVFX/Materials/FireEmber.mat
  artifactKey: Guid(931135a6e655d1e468af2738e94acac5) Importer(815301076,1909f56bfc062723c751e8b465ee728b)
Start importing Assets/_Elements/_FireVFX/Materials/FireEmber.mat using Guid(931135a6e655d1e468af2738e94acac5) Importer(815301076,1909f56bfc062723c751e8b465ee728b)  -> (artifact id: '999734d613c07ab7fd2319513b791499') in 0.148749 seconds 
========================================================================
Received Import Request.
  Time since last request: 0.000019 seconds.
  path: Assets/_Elements/_FireVFX/FIreModels/Meshes/FireDisk.fbx
  artifactKey: Guid(e41490404faa25145888176fa19c7357) Importer(815301076,1909f56bfc062723c751e8b465ee728b)
Start importing Assets/_Elements/_FireVFX/FIreModels/Meshes/FireDisk.fbx using Guid(e41490404faa25145888176fa19c7357) Importer(815301076,1909f56bfc062723c751e8b465ee728b)  -> (artifact id: '6da47199e2590a7f50ea84f4baaa3989') in 0.008685 seconds 
========================================================================
Received Import Request.
  Time since last request: 0.000035 seconds.
  path: Assets/_Elements/_FireVFX/Materials/FireMaterials/FireBase.mat
  artifactKey: Guid(a2599f6306b62044595a106276097aba) Importer(815301076,1909f56bfc062723c751e8b465ee728b)
Start importing Assets/_Elements/_FireVFX/Materials/FireMaterials/FireBase.mat using Guid(a2599f6306b62044595a106276097aba) Importer(815301076,1909f56bfc062723c751e8b465ee728b)  -> (artifact id: '9b49a08f730e798e307da43ed35fd02f') in 0.008398 seconds 
========================================================================
Received Import Request.
  Time since last request: 0.000018 seconds.
  path: Assets/_Elements/_FireVFX/FIreModels/Meshes/FireBlast.fbx
  artifactKey: Guid(ce502cc1f4738694384cc96f3cd5b0a2) Importer(815301076,1909f56bfc062723c751e8b465ee728b)
Start importing Assets/_Elements/_FireVFX/FIreModels/Meshes/FireBlast.fbx using Guid(ce502cc1f4738694384cc96f3cd5b0a2) Importer(815301076,1909f56bfc062723c751e8b465ee728b)  -> (artifact id: 'bdd184126fd0c80e1ebc6d9d05c22dc2') in 0.008142 seconds 
========================================================================
Received Import Request.
  Time since last request: 1.322974 seconds.
  path: Assets/_Elements/_FireVFX/Materials/FireMaterials/FireGroundAlpha1.mat
  artifactKey: Guid(927441cd668665e4b8cd40c448da0a98) Importer(815301076,1909f56bfc062723c751e8b465ee728b)
Start importing Assets/_Elements/_FireVFX/Materials/FireMaterials/FireGroundAlpha1.mat using Guid(927441cd668665e4b8cd40c448da0a98) Importer(815301076,1909f56bfc062723c751e8b465ee728b)  -> (artifact id: '71e26332edf16a5c52de010630acadaa') in 0.154120 seconds 
========================================================================
Received Import Request.
  Time since last request: 0.000023 seconds.
  path: Assets/_Elements/_FireVFX/FIreModels/Meshes/FireOrb2.fbx
  artifactKey: Guid(64008459249c51042ba37928e1b63dbb) Importer(815301076,1909f56bfc062723c751e8b465ee728b)
Start importing Assets/_Elements/_FireVFX/FIreModels/Meshes/FireOrb2.fbx using Guid(64008459249c51042ba37928e1b63dbb) Importer(815301076,1909f56bfc062723c751e8b465ee728b)  -> (artifact id: '772392c31c86fb5e906b0525f977c1bc') in 0.009927 seconds 
========================================================================
Received Import Request.
  Time since last request: 4.506879 seconds.
  path: Assets/_Elements/_FireVFX/URP Settings/FireRenderer.asset
  artifactKey: Guid(9c38023a032ef2b47a2c7195d90c9043) Importer(815301076,1909f56bfc062723c751e8b465ee728b)
Start importing Assets/_Elements/_FireVFX/URP Settings/FireRenderer.asset using Guid(9c38023a032ef2b47a2c7195d90c9043) Importer(815301076,1909f56bfc062723c751e8b465ee728b)  -> (artifact id: '79c46740c3c0f17ace27e28750e26f03') in 0.019397 seconds 
========================================================================
Received Import Request.
  Time since last request: 0.000015 seconds.
  path: Assets/_Elements/_FireVFX/Materials/FireMaterials/FireRing2.mat
  artifactKey: Guid(d0578ebf5d3cc7743941aa42ad79a232) Importer(815301076,1909f56bfc062723c751e8b465ee728b)
Start importing Assets/_Elements/_FireVFX/Materials/FireMaterials/FireRing2.mat using Guid(d0578ebf5d3cc7743941aa42ad79a232) Importer(815301076,1909f56bfc062723c751e8b465ee728b)  -> (artifact id: '615fa9d5eed9712015fec560dd01ec12') in 0.023692 seconds 
========================================================================
Received Import Request.
  Time since last request: 0.000020 seconds.
  path: Assets/_Elements/_FireVFX/Materials/FireMaterials/FireSpark.mat
  artifactKey: Guid(de701eb65c97e254db27473c14f618e4) Importer(815301076,1909f56bfc062723c751e8b465ee728b)
Start importing Assets/_Elements/_FireVFX/Materials/FireMaterials/FireSpark.mat using Guid(de701eb65c97e254db27473c14f618e4) Importer(815301076,1909f56bfc062723c751e8b465ee728b)  -> (artifact id: '7afef4eaae98c67d19f5312293a307b4') in 0.019826 seconds 
========================================================================
Received Import Request.
  Time since last request: 0.000019 seconds.
  path: Assets/_Elements/Textures/FireSpark1.png
  artifactKey: Guid(8531c2413bc5cea4ca3f8f091de7e8e1) Importer(815301076,1909f56bfc062723c751e8b465ee728b)
Start importing Assets/_Elements/Textures/FireSpark1.png using Guid(8531c2413bc5cea4ca3f8f091de7e8e1) Importer(815301076,1909f56bfc062723c751e8b465ee728b)  -> (artifact id: 'f64d9de888c3ddfca6e5e04161f3edcd') in 0.109462 seconds 
========================================================================
Received Import Request.
  Time since last request: 0.000020 seconds.
  path: Assets/_Elements/_FireVFX/Materials/FireMaterials/FireRing.mat
  artifactKey: Guid(761c924befe63e247b9c9f0c4aaf24e8) Importer(815301076,1909f56bfc062723c751e8b465ee728b)
Start importing Assets/_Elements/_FireVFX/Materials/FireMaterials/FireRing.mat using Guid(761c924befe63e247b9c9f0c4aaf24e8) Importer(815301076,1909f56bfc062723c751e8b465ee728b)  -> (artifact id: '5a1d9d6e6ccd67151bb961c1de632b2a') in 0.006346 seconds 
========================================================================
Received Import Request.
  Time since last request: 5.673953 seconds.
  path: Assets/_Elements/_FireVFX/FIreModels/Meshes/FireStrand.fbx
  artifactKey: Guid(954b74afc566ebd499226d3bea109123) Importer(815301076,1909f56bfc062723c751e8b465ee728b)
Start importing Assets/_Elements/_FireVFX/FIreModels/Meshes/FireStrand.fbx using Guid(954b74afc566ebd499226d3bea109123) Importer(815301076,1909f56bfc062723c751e8b465ee728b)  -> (artifact id: '93cb743c49daf430d5348f663a7f0faa') in 0.168603 seconds 
========================================================================
Received Import Request.
  Time since last request: 0.856865 seconds.
  path: Assets/_Elements/_FireVFX/Materials/FireTornado 1.mat
  artifactKey: Guid(5ce9eb03c2be4584d8ab378660f7074e) Importer(815301076,1909f56bfc062723c751e8b465ee728b)
Start importing Assets/_Elements/_FireVFX/Materials/FireTornado 1.mat using Guid(5ce9eb03c2be4584d8ab378660f7074e) Importer(815301076,1909f56bfc062723c751e8b465ee728b)  -> (artifact id: '7621e15d3fe53a21f124cbb2c341ef25') in 0.173036 seconds 
========================================================================
Received Import Request.
  Time since last request: 2.935021 seconds.
  path: Assets/_Elements/_FireVFX/Materials/Shader Graphs_FireFlame2.mat
  artifactKey: Guid(df006340c4d73274bb49c19051d8803b) Importer(815301076,1909f56bfc062723c751e8b465ee728b)
Start importing Assets/_Elements/_FireVFX/Materials/Shader Graphs_FireFlame2.mat using Guid(df006340c4d73274bb49c19051d8803b) Importer(815301076,1909f56bfc062723c751e8b465ee728b)  -> (artifact id: '08760203de7e09b57497185c272a1d4d') in 0.197170 seconds 
========================================================================
Received Import Request.
  Time since last request: 0.000036 seconds.
  path: Assets/_Elements/_FireVFX/Prefabs/FireBalls/vfx_FireBall2.prefab
  artifactKey: Guid(d126734e53474e1469248ab0e541ff10) Importer(815301076,1909f56bfc062723c751e8b465ee728b)
Start importing Assets/_Elements/_FireVFX/Prefabs/FireBalls/vfx_FireBall2.prefab using Guid(d126734e53474e1469248ab0e541ff10) Importer(815301076,1909f56bfc062723c751e8b465ee728b)  -> (artifact id: 'a91f95077de87ce298d13b4abb322fa3') in 0.027895 seconds 
========================================================================
Received Import Request.
  Time since last request: 0.000035 seconds.
  path: Assets/_Elements/_FireVFX/Prefabs/FireBalls/vfx_Fireball5.prefab
  artifactKey: Guid(4a8192d90e7455540a33f9038de69d92) Importer(815301076,1909f56bfc062723c751e8b465ee728b)
Start importing Assets/_Elements/_FireVFX/Prefabs/FireBalls/vfx_Fireball5.prefab using Guid(4a8192d90e7455540a33f9038de69d92) Importer(815301076,1909f56bfc062723c751e8b465ee728b)  -> (artifact id: '8480a16f330e28c77813163539c56dfd') in 0.027137 seconds 
========================================================================
Received Import Request.
  Time since last request: 1.895115 seconds.
  path: Assets/_Elements/_FireVFX/Prefabs/FireEmbers/vfx_FireEmberBurst.prefab
  artifactKey: Guid(e1b5dd906953c4a46af2cb0604375ba8) Importer(815301076,1909f56bfc062723c751e8b465ee728b)
Start importing Assets/_Elements/_FireVFX/Prefabs/FireEmbers/vfx_FireEmberBurst.prefab using Guid(e1b5dd906953c4a46af2cb0604375ba8) Importer(815301076,1909f56bfc062723c751e8b465ee728b)  -> (artifact id: 'be8a12dcaf9cd0c8f797ad30100cdd78') in 0.008853 seconds 
========================================================================
Received Import Request.
  Time since last request: 0.000019 seconds.
  path: Assets/_Elements/_FireVFX/Prefabs/FireImpact/vfx_FireImpact05.prefab
  artifactKey: Guid(97cc21ca2c6764d4f8b3d49a8d144cf1) Importer(815301076,1909f56bfc062723c751e8b465ee728b)
Start importing Assets/_Elements/_FireVFX/Prefabs/FireImpact/vfx_FireImpact05.prefab using Guid(97cc21ca2c6764d4f8b3d49a8d144cf1) Importer(815301076,1909f56bfc062723c751e8b465ee728b)  -> (artifact id: 'e84703f9d098d793f61e025f497fbaa6') in 0.011329 seconds 
========================================================================
Received Import Request.
  Time since last request: 0.000019 seconds.
  path: Assets/_Elements/_FireVFX/Prefabs/FireImpact/vfx_FireImpact06.prefab
  artifactKey: Guid(0152a875a0c0a41498c9613722a76f36) Importer(815301076,1909f56bfc062723c751e8b465ee728b)
Start importing Assets/_Elements/_FireVFX/Prefabs/FireImpact/vfx_FireImpact06.prefab using Guid(0152a875a0c0a41498c9613722a76f36) Importer(815301076,1909f56bfc062723c751e8b465ee728b)  -> (artifact id: '93ed75eb49d467887644204783887589') in 0.022582 seconds 
========================================================================
Received Import Request.
  Time since last request: 0.000016 seconds.
  path: Assets/_Elements/_FireVFX/Prefabs/Fire Pillars/vfx_FirePillar1.prefab
  artifactKey: Guid(5880e97078396304893b36030d39e5aa) Importer(815301076,1909f56bfc062723c751e8b465ee728b)
Start importing Assets/_Elements/_FireVFX/Prefabs/Fire Pillars/vfx_FirePillar1.prefab using Guid(5880e97078396304893b36030d39e5aa) Importer(815301076,1909f56bfc062723c751e8b465ee728b)  -> (artifact id: '5cd3db30660ef6f0b1f7fb6636b685fb') in 0.011817 seconds 
========================================================================
Received Import Request.
  Time since last request: 0.000019 seconds.
  path: Assets/_Elements/_FireVFX/Prefabs/FireImpact/vfx_FireImpact08.prefab
  artifactKey: Guid(542607e603817954f9e5658f351cfb15) Importer(815301076,1909f56bfc062723c751e8b465ee728b)
Start importing Assets/_Elements/_FireVFX/Prefabs/FireImpact/vfx_FireImpact08.prefab using Guid(542607e603817954f9e5658f351cfb15) Importer(815301076,1909f56bfc062723c751e8b465ee728b)  -> (artifact id: 'daf9d348ea47737f7a8c7092125369e2') in 0.179333 seconds 
========================================================================
Received Import Request.
  Time since last request: 0.000018 seconds.
  path: Assets/_Elements/_FireVFX/Prefabs/Fire Pillars/vfx_FirePillar5.prefab
  artifactKey: Guid(e66cc33882d86154ab48fd851949983f) Importer(815301076,1909f56bfc062723c751e8b465ee728b)
Start importing Assets/_Elements/_FireVFX/Prefabs/Fire Pillars/vfx_FirePillar5.prefab using Guid(e66cc33882d86154ab48fd851949983f) Importer(815301076,1909f56bfc062723c751e8b465ee728b)  -> (artifact id: '4e7e09a6360d0e201c81c5b507465a9f') in 0.026762 seconds 
========================================================================
Received Import Request.
  Time since last request: 0.000032 seconds.
  path: Assets/_Elements/_FireVFX/Prefabs/FireTrails/vfx_FireTrail3.prefab
  artifactKey: Guid(1ea3f5c071791864eb3a0279f01b7df4) Importer(815301076,1909f56bfc062723c751e8b465ee728b)
Start importing Assets/_Elements/_FireVFX/Prefabs/FireTrails/vfx_FireTrail3.prefab using Guid(1ea3f5c071791864eb3a0279f01b7df4) Importer(815301076,1909f56bfc062723c751e8b465ee728b)  -> (artifact id: '4c82dc0404192188a0cbdc2e2e8f0b13') in 0.008469 seconds 
========================================================================
Received Import Request.
  Time since last request: 0.000021 seconds.
  path: Assets/_Elements/_FireVFX/Prefabs/FireImpact/vfx_FireImpact07.prefab
  artifactKey: Guid(2eda28c69cde41d4a80286d456c57af0) Importer(815301076,1909f56bfc062723c751e8b465ee728b)
Start importing Assets/_Elements/_FireVFX/Prefabs/FireImpact/vfx_FireImpact07.prefab using Guid(2eda28c69cde41d4a80286d456c57af0) Importer(815301076,1909f56bfc062723c751e8b465ee728b)  -> (artifact id: '168bbe33cc8173268da71d0d6d750a9e') in 0.011518 seconds 
========================================================================
Received Import Request.
  Time since last request: 0.000037 seconds.
  path: Assets/_Elements/_FireVFX/Prefabs/FireImpact/vfx_FireImpact04.prefab
  artifactKey: Guid(9cd70228f132e6f48988b59172c2f993) Importer(815301076,1909f56bfc062723c751e8b465ee728b)
Start importing Assets/_Elements/_FireVFX/Prefabs/FireImpact/vfx_FireImpact04.prefab using Guid(9cd70228f132e6f48988b59172c2f993) Importer(815301076,1909f56bfc062723c751e8b465ee728b)  -> (artifact id: 'ab9beba3bfa2aa63fe78dc66ecc7f88b') in 0.015769 seconds 
========================================================================
Received Import Request.
  Time since last request: 0.000019 seconds.
  path: Assets/_Elements/_FireVFX/Prefabs/FireImpact/vfx_FireImpact09.prefab
  artifactKey: Guid(062132e23b0693c42b5c7fd6400c9020) Importer(815301076,1909f56bfc062723c751e8b465ee728b)
Start importing Assets/_Elements/_FireVFX/Prefabs/FireImpact/vfx_FireImpact09.prefab using Guid(062132e23b0693c42b5c7fd6400c9020) Importer(815301076,1909f56bfc062723c751e8b465ee728b)  -> (artifact id: 'de31e4c9bca203f28a422038c6b6a0fd') in 0.009406 seconds 
========================================================================
Received Prepare
Registering precompiled user dll's ...
Registered in 0.003782 seconds.
Begin MonoManager ReloadAssembly
Symbol file LoadedFromMemory doesn't match image D:\GitHub Repositories\Amped-Arsenal\Amped Arsenal\Library\PackageCache\com.unity.visualscripting@1.7.8\Editor\VisualScripting.Core\Dependencies\YamlDotNet\Unity.VisualScripting.YamlDotNet.dll
Symbol file LoadedFromMemory doesn't match image D:\GitHub Repositories\Amped-Arsenal\Amped Arsenal\Library\PackageCache\com.unity.visualscripting@1.7.8\Editor\VisualScripting.Core\Dependencies\DotNetZip\Unity.VisualScripting.IonicZip.dll
Native extension for WindowsStandalone target not found
Native extension for iOS target not found
Native extension for Android target not found
Native extension for WebGL target not found
Refreshing native plugins compatible for Editor in 1.70 ms, found 5 plugins.
Preloading 0 native plugins for Editor in 0.00 ms.
Mono: successfully reloaded assembly
- Completed reload, in  0.995 seconds
Domain Reload Profiling:
	ReloadAssembly (995ms)
		BeginReloadAssembly (123ms)
			ExecutionOrderSort (0ms)
			DisableScriptedObjects (3ms)
			BackupInstance (0ms)
			ReleaseScriptingObjects (0ms)
			CreateAndSetChildDomain (46ms)
		EndReloadAssembly (800ms)
			LoadAssemblies (75ms)
			RebuildTransferFunctionScriptingTraits (0ms)
			SetupTypeCache (237ms)
			ReleaseScriptCaches (2ms)
			RebuildScriptCaches (51ms)
			SetupLoadedEditorAssemblies (403ms)
				LogAssemblyErrors (0ms)
				InitializePlatformSupportModulesInManaged (27ms)
				SetLoadedEditorAssemblies (0ms)
				RefreshPlugins (2ms)
				BeforeProcessingInitializeOnLoad (90ms)
				ProcessInitializeOnLoadAttributes (211ms)
				ProcessInitializeOnLoadMethodAttributes (65ms)
				AfterProcessingInitializeOnLoad (8ms)
				EditorAssembliesLoaded (0ms)
			ExecutionOrderSort2 (0ms)
			AwakeInstancesAfterBackupRestoration (7ms)
Platform modules already initialized, skipping
Shader 'MapMagic/TerrainPreviewHDRP': dependency 'BaseMapShader' shader 'Hidden/HDRP/TerrainLit_Basemap' not found
Shader 'MapMagic/TerrainPreviewHDRP': dependency 'BaseMapGenShader' shader 'Hidden/HDRP/TerrainLit_BasemapGen' not found
Shader 'MapMagic/TerrainPreviewHDRP': dependency 'BaseMapShader' shader 'Hidden/HDRP/TerrainLit_Basemap' not found
Shader 'MapMagic/TerrainPreviewHDRP': dependency 'BaseMapGenShader' shader 'Hidden/HDRP/TerrainLit_BasemapGen' not found
Refreshing native plugins compatible for Editor in 2.64 ms, found 5 plugins.
Preloading 0 native plugins for Editor in 0.00 ms.
Unloading 6612 Unused Serialized files (Serialized files now loaded: 0)
Unloading 64 unused Assets / (5.9 MB). Loaded Objects now: 7316.
Memory consumption went from 359.1 MB to 353.2 MB.
Total: 6.978200 ms (FindLiveObjects: 0.491100 ms CreateObjectMapping: 0.591900 ms MarkObjects: 4.708900 ms  DeleteObjects: 1.185700 ms)

AssetImportParameters requested are different than current active one (requested -> active):
  custom:video-decoder-ogg-theora: a1e56fd34408186e4bbccfd4996cb3dc -> 
  custom:container-muxer-webm: aa71ff27fc2769a1b78a27578f13a17b -> 
  custom:container-demuxer-webm: 4f35f7cbe854078d1ac9338744f61a02 -> 
  custom:video-encoder-webm-vp8: eb34c28f22e8b96e1ab97ce403110664 -> 
  custom:audio-encoder-webm-vorbis: bf7c407c2cedff20999df2af8eb42d56 -> 
  custom:framework-win-MediaFoundation: 216162199b28c13a410421893ffa2e32 -> 
  custom:container-demuxer-ogg: 62fdf1f143b41e24485cea50d1cbac27 -> 
  custom:video-decoder-webm-vp8: 9c59270c3fd7afecdb556c50c9e8de78 -> 
  custom:audio-decoder-ogg-vorbis: bf7c407c2cedff20999df2af8eb42d56 -> 
========================================================================
Received Import Request.
  Time since last request: 76.789526 seconds.
  path: Assets/_Assets/_Elements/_FireVFX/Prefabs/Fire Explosions/vfx_Explosion2.prefab
  artifactKey: Guid(17a9b1bb11d8cd94abb86b4043f8af64) Importer(815301076,1909f56bfc062723c751e8b465ee728b)
Start importing Assets/_Assets/_Elements/_FireVFX/Prefabs/Fire Explosions/vfx_Explosion2.prefab using Guid(17a9b1bb11d8cd94abb86b4043f8af64) Importer(815301076,1909f56bfc062723c751e8b465ee728b)  -> (artifact id: 'c4c655ddbf5c679ae02db50928844391') in 0.187265 seconds 
========================================================================
Received Prepare
Switching render pipeline 00000000000000000000000000000000 -> 9c38023a032ef2b47a2c7195d90c9043
Shader 'MapMagic/TerrainPreviewHDRP': dependency 'BaseMapShader' shader 'Hidden/HDRP/TerrainLit_Basemap' not found
Shader 'MapMagic/TerrainPreviewHDRP': dependency 'BaseMapGenShader' shader 'Hidden/HDRP/TerrainLit_BasemapGen' not found
Shader 'MapMagic/TerrainPreviewHDRP': dependency 'BaseMapShader' shader 'Hidden/HDRP/TerrainLit_Basemap' not found
Shader 'MapMagic/TerrainPreviewHDRP': dependency 'BaseMapGenShader' shader 'Hidden/HDRP/TerrainLit_BasemapGen' not found
Refreshing native plugins compatible for Editor in 6.99 ms, found 5 plugins.
Preloading 0 native plugins for Editor in 0.00 ms.
Unloading 113 Unused Serialized files (Serialized files now loaded: 0)
Unloading 64 unused Assets / (6.0 MB). Loaded Objects now: 7366.
Memory consumption went from 230.4 MB to 224.4 MB.
Total: 6.923500 ms (FindLiveObjects: 0.717300 ms CreateObjectMapping: 0.216400 ms MarkObjects: 4.249800 ms  DeleteObjects: 1.739400 ms)

AssetImportParameters requested are different than current active one (requested -> active):
  custom:video-decoder-ogg-theora: a1e56fd34408186e4bbccfd4996cb3dc -> 
  custom:container-muxer-webm: aa71ff27fc2769a1b78a27578f13a17b -> 
  custom:container-demuxer-webm: 4f35f7cbe854078d1ac9338744f61a02 -> 
  custom:video-encoder-webm-vp8: eb34c28f22e8b96e1ab97ce403110664 -> 
  custom:audio-encoder-webm-vorbis: bf7c407c2cedff20999df2af8eb42d56 -> 
  custom:framework-win-MediaFoundation: 216162199b28c13a410421893ffa2e32 -> 
  custom:container-demuxer-ogg: 62fdf1f143b41e24485cea50d1cbac27 -> 
  custom:video-decoder-webm-vp8: 9c59270c3fd7afecdb556c50c9e8de78 -> 
  custom:audio-decoder-ogg-vorbis: bf7c407c2cedff20999df2af8eb42d56 -> 
========================================================================
Received Prepare
Switching render pipeline 9c38023a032ef2b47a2c7195d90c9043 -> 00000000000000000000000000000000
Shader 'MapMagic/TerrainPreviewHDRP': dependency 'BaseMapShader' shader 'Hidden/HDRP/TerrainLit_Basemap' not found
Shader 'MapMagic/TerrainPreviewHDRP': dependency 'BaseMapGenShader' shader 'Hidden/HDRP/TerrainLit_BasemapGen' not found
Shader 'MapMagic/TerrainPreviewHDRP': dependency 'BaseMapShader' shader 'Hidden/HDRP/TerrainLit_Basemap' not found
Shader 'MapMagic/TerrainPreviewHDRP': dependency 'BaseMapGenShader' shader 'Hidden/HDRP/TerrainLit_BasemapGen' not found
Refreshing native plugins compatible for Editor in 7.69 ms, found 5 plugins.
Preloading 0 native plugins for Editor in 0.00 ms.
Unloading 64 Unused Serialized files (Serialized files now loaded: 0)
Unloading 112 unused Assets / (5.9 MB). Loaded Objects now: 7318.
Memory consumption went from 228.6 MB to 222.7 MB.
Total: 8.096400 ms (FindLiveObjects: 0.880000 ms CreateObjectMapping: 0.547900 ms MarkObjects: 3.880800 ms  DeleteObjects: 2.786600 ms)

AssetImportParameters requested are different than current active one (requested -> active):
  custom:video-decoder-ogg-theora: a1e56fd34408186e4bbccfd4996cb3dc -> 
  custom:container-muxer-webm: aa71ff27fc2769a1b78a27578f13a17b -> 
  custom:container-demuxer-webm: 4f35f7cbe854078d1ac9338744f61a02 -> 
  custom:video-encoder-webm-vp8: eb34c28f22e8b96e1ab97ce403110664 -> 
  custom:audio-encoder-webm-vorbis: bf7c407c2cedff20999df2af8eb42d56 -> 
  custom:framework-win-MediaFoundation: 216162199b28c13a410421893ffa2e32 -> 
  custom:container-demuxer-ogg: 62fdf1f143b41e24485cea50d1cbac27 -> 
  custom:video-decoder-webm-vp8: 9c59270c3fd7afecdb556c50c9e8de78 -> 
  custom:audio-decoder-ogg-vorbis: bf7c407c2cedff20999df2af8eb42d56 -> 
========================================================================
Received Import Request.
  Time since last request: 336.078565 seconds.
  path: Assets/New Universal Render Pipeline Asset_Renderer.asset
  artifactKey: Guid(b4d6400b2dd9a704e8912b39dbbfd09a) Importer(815301076,1909f56bfc062723c751e8b465ee728b)
Start importing Assets/New Universal Render Pipeline Asset_Renderer.asset using Guid(b4d6400b2dd9a704e8912b39dbbfd09a) Importer(815301076,1909f56bfc062723c751e8b465ee728b)  -> (artifact id: 'e582fc9d7da107d3b45037a9ad2b2457') in 0.068825 seconds 
========================================================================
Received Prepare
Switching render pipeline 9c38023a032ef2b47a2c7195d90c9043 -> 2d3d206e85d0eac489cdea0feb16cbe5
Shader 'MapMagic/TerrainPreviewHDRP': dependency 'BaseMapShader' shader 'Hidden/HDRP/TerrainLit_Basemap' not found
Shader 'MapMagic/TerrainPreviewHDRP': dependency 'BaseMapGenShader' shader 'Hidden/HDRP/TerrainLit_BasemapGen' not found
Shader 'MapMagic/TerrainPreviewHDRP': dependency 'BaseMapShader' shader 'Hidden/HDRP/TerrainLit_Basemap' not found
Shader 'MapMagic/TerrainPreviewHDRP': dependency 'BaseMapGenShader' shader 'Hidden/HDRP/TerrainLit_BasemapGen' not found
Refreshing native plugins compatible for Editor in 5.02 ms, found 5 plugins.
Preloading 0 native plugins for Editor in 0.00 ms.
Unloading 114 Unused Serialized files (Serialized files now loaded: 0)
Unloading 66 unused Assets / (5.9 MB). Loaded Objects now: 7366.
Memory consumption went from 230.2 MB to 224.3 MB.
Total: 6.436600 ms (FindLiveObjects: 0.525900 ms CreateObjectMapping: 0.191900 ms MarkObjects: 3.993600 ms  DeleteObjects: 1.724500 ms)

AssetImportParameters requested are different than current active one (requested -> active):
  custom:video-decoder-ogg-theora: a1e56fd34408186e4bbccfd4996cb3dc -> 
  custom:container-muxer-webm: aa71ff27fc2769a1b78a27578f13a17b -> 
  custom:container-demuxer-webm: 4f35f7cbe854078d1ac9338744f61a02 -> 
  custom:video-encoder-webm-vp8: eb34c28f22e8b96e1ab97ce403110664 -> 
  custom:audio-encoder-webm-vorbis: bf7c407c2cedff20999df2af8eb42d56 -> 
  custom:framework-win-MediaFoundation: 216162199b28c13a410421893ffa2e32 -> 
  custom:container-demuxer-ogg: 62fdf1f143b41e24485cea50d1cbac27 -> 
  custom:video-decoder-webm-vp8: 9c59270c3fd7afecdb556c50c9e8de78 -> 
  custom:audio-decoder-ogg-vorbis: bf7c407c2cedff20999df2af8eb42d56 -> 
========================================================================
Received Import Request.
  Time since last request: 29.507342 seconds.
  path: Assets/Grass.png
  artifactKey: Guid(5c8ac7f0e30277f45b5bf436817f4e95) Importer(815301076,1909f56bfc062723c751e8b465ee728b)
Start importing Assets/Grass.png using Guid(5c8ac7f0e30277f45b5bf436817f4e95) Importer(815301076,1909f56bfc062723c751e8b465ee728b)  -> (artifact id: '392a83f7f3d46c3efbd1bbd5447fe38f') in 0.020614 seconds 
========================================================================
Received Import Request.
  Time since last request: 0.509558 seconds.
  path: Assets/Grass2_Normal.png
  artifactKey: Guid(c74f789be34d51d47858a7c217fcc742) Importer(815301076,1909f56bfc062723c751e8b465ee728b)
Start importing Assets/Grass2_Normal.png using Guid(c74f789be34d51d47858a7c217fcc742) Importer(815301076,1909f56bfc062723c751e8b465ee728b)  -> (artifact id: '5c64e875128a0df12f8dcbfa8202f086') in 0.007351 seconds 
========================================================================
Received Import Request.
  Time since last request: 0.000017 seconds.
  path: Assets/NewLayer.terrainlayer
  artifactKey: Guid(046f3a8dfc553b74787b66319ddbcd39) Importer(815301076,1909f56bfc062723c751e8b465ee728b)
Start importing Assets/NewLayer.terrainlayer using Guid(046f3a8dfc553b74787b66319ddbcd39) Importer(815301076,1909f56bfc062723c751e8b465ee728b)  -> (artifact id: 'e997dfe4c9a7ca0e1754edf1bdff4a4f') in 0.016852 seconds 
========================================================================
Received Import Request.
  Time since last request: 0.000018 seconds.
  path: Assets/New Terrain.asset
  artifactKey: Guid(399e597d54d989a42a335bf35804295c) Importer(815301076,1909f56bfc062723c751e8b465ee728b)
Start importing Assets/New Terrain.asset using Guid(399e597d54d989a42a335bf35804295c) Importer(815301076,1909f56bfc062723c751e8b465ee728b)  -> (artifact id: '91c63704de404ae3c6fa90bee1b849dc') in 0.019116 seconds 
========================================================================
Received Import Request.
  Time since last request: 0.000020 seconds.
  path: Assets/Stones.png
  artifactKey: Guid(ab8b68a87de900443999771aaecfc86f) Importer(815301076,1909f56bfc062723c751e8b465ee728b)
Start importing Assets/Stones.png using Guid(ab8b68a87de900443999771aaecfc86f) Importer(815301076,1909f56bfc062723c751e8b465ee728b)  -> (artifact id: 'e893f2d31887224a54baa10117160247') in 0.010148 seconds 
========================================================================
Received Import Request.
  Time since last request: 0.000032 seconds.
  path: Assets/Slide.physicMaterial
  artifactKey: Guid(1e0335ea713e9464a99977e523951254) Importer(815301076,1909f56bfc062723c751e8b465ee728b)
Start importing Assets/Slide.physicMaterial using Guid(1e0335ea713e9464a99977e523951254) Importer(815301076,1909f56bfc062723c751e8b465ee728b)  -> (artifact id: '85505efbc76d71c78ca325264a3a5be8') in 0.003294 seconds 
========================================================================
Received Import Request.
  Time since last request: 0.000032 seconds.
  path: Assets/New Universal Render Pipeline Asset.asset
  artifactKey: Guid(2d3d206e85d0eac489cdea0feb16cbe5) Importer(815301076,1909f56bfc062723c751e8b465ee728b)
Start importing Assets/New Universal Render Pipeline Asset.asset using Guid(2d3d206e85d0eac489cdea0feb16cbe5) Importer(815301076,1909f56bfc062723c751e8b465ee728b)  -> (artifact id: '605546a17a921b6acc86db99165bfe32') in 0.001562 seconds 
========================================================================
Received Import Request.
  Time since last request: 0.000019 seconds.
  path: Assets/MapMagic Graph.asset
  artifactKey: Guid(1598b186baa4db74095b784e8120aafd) Importer(815301076,1909f56bfc062723c751e8b465ee728b)
Start importing Assets/MapMagic Graph.asset using Guid(1598b186baa4db74095b784e8120aafd) Importer(815301076,1909f56bfc062723c751e8b465ee728b)  -> (artifact id: '54d7dd764ae2a684cbd5a9aeb8ad6ee1') in 0.022578 seconds 
========================================================================
Received Import Request.
  Time since last request: 0.000017 seconds.
  path: Assets/UniversalRenderPipelineGlobalSettings.asset
  artifactKey: Guid(d20186a3c2936204ab696de98cc90ea2) Importer(815301076,1909f56bfc062723c751e8b465ee728b)
Start importing Assets/UniversalRenderPipelineGlobalSettings.asset using Guid(d20186a3c2936204ab696de98cc90ea2) Importer(815301076,1909f56bfc062723c751e8b465ee728b)  -> (artifact id: '268b990082852118ec0bd1dc30927da4') in 0.001952 seconds 
========================================================================
Received Prepare
Switching render pipeline 9c38023a032ef2b47a2c7195d90c9043 -> 00000000000000000000000000000000
Shader 'MapMagic/TerrainPreviewHDRP': dependency 'BaseMapShader' shader 'Hidden/HDRP/TerrainLit_Basemap' not found
Shader 'MapMagic/TerrainPreviewHDRP': dependency 'BaseMapGenShader' shader 'Hidden/HDRP/TerrainLit_BasemapGen' not found
Shader 'MapMagic/TerrainPreviewHDRP': dependency 'BaseMapShader' shader 'Hidden/HDRP/TerrainLit_Basemap' not found
Shader 'MapMagic/TerrainPreviewHDRP': dependency 'BaseMapGenShader' shader 'Hidden/HDRP/TerrainLit_BasemapGen' not found
Refreshing native plugins compatible for Editor in 4.95 ms, found 5 plugins.
Preloading 0 native plugins for Editor in 0.00 ms.
Unloading 66 Unused Serialized files (Serialized files now loaded: 0)
Unloading 114 unused Assets / (5.9 MB). Loaded Objects now: 7324.
Memory consumption went from 229.1 MB to 223.2 MB.
Total: 6.909300 ms (FindLiveObjects: 0.811600 ms CreateObjectMapping: 0.552100 ms MarkObjects: 3.723000 ms  DeleteObjects: 1.821800 ms)

AssetImportParameters requested are different than current active one (requested -> active):
  custom:video-decoder-ogg-theora: a1e56fd34408186e4bbccfd4996cb3dc -> 
  custom:container-muxer-webm: aa71ff27fc2769a1b78a27578f13a17b -> 
  custom:container-demuxer-webm: 4f35f7cbe854078d1ac9338744f61a02 -> 
  custom:video-encoder-webm-vp8: eb34c28f22e8b96e1ab97ce403110664 -> 
  custom:audio-encoder-webm-vorbis: bf7c407c2cedff20999df2af8eb42d56 -> 
  custom:framework-win-MediaFoundation: 216162199b28c13a410421893ffa2e32 -> 
  custom:container-demuxer-ogg: 62fdf1f143b41e24485cea50d1cbac27 -> 
  custom:video-decoder-webm-vp8: 9c59270c3fd7afecdb556c50c9e8de78 -> 
  custom:audio-decoder-ogg-vorbis: bf7c407c2cedff20999df2af8eb42d56 -> 
Editor requested this worker to shutdown with reason: Scaling down because of idle timeout
AssetImportWorker is now disconnected from the server
Process exiting
Exiting without the bug reporter. Application will terminate with return code 0