
=== Mon Mar  7 20:57:08 2022

Packages were changed.
Update Mode: mergeDefaultDependencies

The following packages were added:
  com.unity.ide.rider@3.0.12
  com.unity.ide.visualstudio@2.0.14
  com.unity.ide.vscode@1.2.5
  com.unity.modules.ai@1.0.0
  com.unity.modules.androidjni@1.0.0
  com.unity.modules.animation@1.0.0
  com.unity.modules.assetbundle@1.0.0
  com.unity.modules.audio@1.0.0
  com.unity.modules.cloth@1.0.0
  com.unity.modules.director@1.0.0
  com.unity.modules.imageconversion@1.0.0
  com.unity.modules.imgui@1.0.0
  com.unity.modules.jsonserialize@1.0.0
  com.unity.modules.particlesystem@1.0.0
  com.unity.modules.physics@1.0.0
  com.unity.modules.physics2d@1.0.0
  com.unity.modules.screencapture@1.0.0
  com.unity.modules.terrain@1.0.0
  com.unity.modules.terrainphysics@1.0.0
  com.unity.modules.tilemap@1.0.0
  com.unity.modules.ui@1.0.0
  com.unity.modules.uielements@1.0.0
  com.unity.modules.umbra@1.0.0
  com.unity.modules.unityanalytics@1.0.0
  com.unity.modules.unitywebrequest@1.0.0
  com.unity.modules.unitywebrequestassetbundle@1.0.0
  com.unity.modules.unitywebrequestaudio@1.0.0
  com.unity.modules.unitywebrequesttexture@1.0.0
  com.unity.modules.unitywebrequestwww@1.0.0
  com.unity.modules.vehicles@1.0.0
  com.unity.modules.video@1.0.0
  com.unity.modules.vr@1.0.0
  com.unity.modules.wind@1.0.0
  com.unity.modules.xr@1.0.0
  com.unity.test-framework@1.1.29
  com.unity.visualscripting@1.7.6
The following packages were updated:
  com.unity.collab-proxy from version 1.13.5 to 1.15.12
  com.unity.timeline from version 1.6.2 to 1.6.4

=== Mon Mar  7 21:16:08 2022

Packages were changed.
Update Mode: mergeDefaultDependencies

The following packages were added:
  com.unity.2d.sprite@1.0.0

=== Thu Mar 31 15:55:21 2022

Packages were changed.
Update Mode: mergeDefaultDependencies

The following packages were added:
  com.unity.render-pipelines.universal@8.2.0

=== Fri Dec  9 03:28:45 2022

Packages were changed.
Update Mode: updateDependencies

The following packages were updated:
  com.unity.collab-proxy from version 1.15.12 to 1.17.7
  com.unity.ide.rider from version 3.0.12 to 3.0.16
  com.unity.ide.visualstudio from version 2.0.15 to 2.0.16
  com.unity.render-pipelines.universal from version 12.1.5 to 12.1.8
  com.unity.test-framework from version 1.1.29 to 1.1.31
  com.unity.visualscripting from version 1.7.6 to 1.7.8

=== Thu Jan  5 14:32:20 2023

Packages were changed.
Update Mode: updateDependencies

The following packages were updated:
  com.unity.2d.psdimporter from version 4.0.2 to 6.0.6
  com.unity.cinemachine from version 2.6.10 to 2.8.9
  com.unity.collab-proxy from version 1.5.7 to 1.17.7
  com.unity.ide.rider from version 2.0.7 to 3.0.16
  com.unity.ide.visualstudio from version 2.0.8 to 2.0.16
  com.unity.ide.vscode from version 1.2.3 to 1.2.5
  com.unity.render-pipelines.universal from version 10.5.1 to 12.1.8
  com.unity.test-framework from version 1.1.24 to 1.1.31
  com.unity.timeline from version 1.4.8 to 1.6.4
  com.unity.visualeffectgraph from version 10.5.1 to 12.1.8

=== Thu Jan  5 14:32:20 2023

Packages were changed.
Update Mode: mergeDefaultDependencies

The following packages were added:
  com.unity.2d.psdimporter@6.0.6
  com.unity.animation.rigging@1.1.1
  com.unity.cinemachine@2.8.9
  com.unity.toolchain.win-x86_64-linux-x86_64@0.1.21-preview
  com.unity.visualeffectgraph@12.1.8

=== Fri Aug  2 00:33:32 2024

Packages were changed.
Update Mode: updateDependencies

The following packages were updated:
  com.unity.animation.rigging from version 1.1.1 to 1.2.1
  com.unity.cinemachine from version 2.8.9 to 2.10.1
  com.unity.collab-proxy from version 1.17.7 to 2.4.3
  com.unity.ide.rider from version 3.0.16 to 3.0.31
  com.unity.ide.visualstudio from version 2.0.16 to 2.0.22
  com.unity.inputsystem from version 1.4.4 to 1.7.0
  com.unity.postprocessing from version 3.2.2 to 3.4.0
  com.unity.render-pipelines.universal from version 12.1.8 to 14.0.11
  com.unity.test-framework from version 1.1.31 to 1.1.33
  com.unity.timeline from version 1.6.4 to 1.7.6
  com.unity.toolchain.win-x86_64-linux-x86_64 from version 0.1.21-preview to 2.0.4
  com.unity.visualeffectgraph from version 12.1.8 to 14.0.11
  com.unity.visualscripting from version 1.7.8 to 1.9.4

=== Fri Oct 18 07:21:38 2024

Packages were changed.
Update Mode: updateDependencies

The following packages were added:
  com.unity.modules.accessibility@1.0.0
  com.unity.multiplayer.center@1.0.0
The following packages were updated:
  com.unity.2d.psdimporter from version 8.0.5 to 9.0.3
  com.unity.ai.navigation from version 1.1.5 to 2.0.4
  com.unity.animation.rigging from version 1.2.1 to 1.3.0
  com.unity.collab-proxy from version 2.4.3 to 2.5.2
  com.unity.feature.development from version 1.0.1 to 1.0.2
  com.unity.inputsystem from version 1.7.0 to 1.11.1
  com.unity.render-pipelines.universal from version 14.0.11 to 17.0.3
  com.unity.test-framework from version 1.1.33 to 1.4.5
  com.unity.timeline from version 1.7.6 to 1.8.7
  com.unity.toolchain.win-x86_64-linux-x86_64 from version 2.0.4 to 2.0.9
  com.unity.ugui from version 1.0.0 to 2.0.0
  com.unity.visualeffectgraph from version 14.0.11 to 17.0.3
The following packages were removed:
  com.unity.textmeshpro@3.0.6
